{
  "stats": {
    "suites": 1,
    "tests": 3,
    "passes": 2,
    "pending": 0,
    "failures": 1,
    "start": "2026-02-26T08:22:11.895Z",
    "end": "2026-02-26T08:24:08.221Z",
    "duration": 116326,
    "testsRegistered": 3,
    "passPercent": 66.66666666666666,
    "pendingPercent": 0,
    "other": 0,
    "hasOther": false,
    "skipped": 0,
    "hasSkipped": false
  },
  "results": [
    {
      "uuid": "668171c7-6e64-426f-9214-9a586439c7a7",
      "title": "",
      "fullFile": "e2e\\suites\\33-test-participant-portal-changes.cy.js",
      "file": "e2e\\suites\\33-test-participant-portal-changes.cy.js",
      "beforeHooks": [],
      "afterHooks": [],
      "tests": [],
      "suites": [
        {
          "uuid": "a8fedefb-da72-481e-8e82-7033b44884a6",
          "title": "Project Create, Edit, and Delete Flow",
          "fullFile": "",
          "file": "",
          "beforeHooks": [],
          "afterHooks": [],
          "tests": [
            {
              "title": "Part 1: Admin Setup - Create Project and Configure Portal",
              "fullTitle": "Project Create, Edit, and Delete Flow Part 1: Admin Setup - Create Project and Configure Portal",
              "timedOut": null,
              "duration": 54641,
              "state": "passed",
              "speed": "slow",
              "pass": true,
              "fail": false,
              "pending": false,
              "context": null,
              "code": "registerExceptionHandling();\n(0, _login.loginToApp)();\nconst uniqueId = Cypress._.random(0, 10000);\nconst newProjectName = `New Project_${uniqueId}`;\nconst portalTitle = `Title_${uniqueId}`;\nconst portalContent = `Content_${uniqueId}`;\nconst thankYouContent = `ThankYou_${uniqueId}`;\nconst tagName = `Tag_${uniqueId}`;\nconst portalLanguage = 'it'; // Italian\n// 1. Create Project\n(0, _project.createProject)();\ncy.location('pathname').then(pathname => {\n  const pathSegments = pathname.split('/').filter(Boolean);\n  const projectIndex = pathSegments.indexOf('projects');\n  if (projectIndex !== -1 && pathSegments[projectIndex + 1]) {\n    const createdProjectId = pathSegments[projectIndex + 1];\n    const localeSegment = pathSegments[projectIndex - 1];\n    if (localeSegment && localeSegmentPattern.test(localeSegment)) {\n      locale = localeSegment;\n    }\n    cy.log(`Working with Project ID: ${createdProjectId}`);\n    // Save to env for subsequent tests\n    projectId = createdProjectId;\n    Cypress.env(projectIdEnvKey, createdProjectId);\n    Cypress.env(localeEnvKey, locale);\n    Cypress.env(tagEnvKey, tagName);\n    Cypress.env(thankYouEnvKey, thankYouContent);\n    Cypress.env('portalLanguage', portalLanguage); // Save language too\n    // 2. Edit Project Name\n    (0, _project.updateProjectName)(newProjectName);\n    // 3. Edit Portal Settings\n    (0, _portal.openPortalEditor)();\n    (0, _portal.toggleAskForName)(true);\n    (0, _portal.toggleAskForEmail)(true);\n    (0, _portal.selectTutorial)('Basic');\n    (0, _portal.addTag)(tagName);\n    (0, _portal.updatePortalContent)(portalTitle, portalContent, thankYouContent);\n    // 4. Return to Home and Verify Name in List\n    (0, _project.navigateToHome)();\n    cy.wait(2000); // Wait for list reload\n    // Check if the project list contains the new name\n    cy.get('main').within(() => {\n      cy.get(`a[href*=\"${createdProjectId}\"]`).first().should('contain.text', newProjectName);\n    });\n    // 5. Enter Project and Verify Changes\n    cy.get('main').within(() => {\n      cy.get(`a[href*=\"${createdProjectId}\"]`).first().click();\n    });\n    cy.wait(3000); // Wait for dashboard load\n    // Check Name on Dashboard\n    cy.get('[data-testid=\"project-breadcrumb-name\"]').should('contain.text', newProjectName);\n    clickVisibleCopyLinkButton();\n    // Wait for copy action\n    cy.wait(1000);\n    // Store participant URL from clipboard with fallback.\n    cy.window().then(win => {\n      if (win.navigator.clipboard && typeof win.navigator.clipboard.readText === 'function') {\n        return win.navigator.clipboard.readText().catch(() => '');\n      }\n      return '';\n    }).then(copiedText => {\n      const fallbackLink = `${portalBaseUrl}/${locale}/${createdProjectId}/start`;\n      const participantUrl = copiedText && copiedText.trim().length > 0 ? copiedText.trim() : fallbackLink;\n      cy.log(`Participant URL: ${participantUrl}`);\n      Cypress.env(participantLinkEnvKey, participantUrl);\n    });\n  }\n});\n// Logout to ensure clean state for Part 3\n(0, _settings.openSettingsMenu)();\n(0, _login.logout)();",
              "err": {},
              "uuid": "dd981d98-dfbe-47ce-9318-df583981daf1",
              "parentUUID": "a8fedefb-da72-481e-8e82-7033b44884a6",
              "isHook": false,
              "skipped": false
            },
            {
              "title": "Part 2: Participant Flow - Text Typing (Public URL)",
              "fullTitle": "Project Create, Edit, and Delete Flow Part 2: Participant Flow - Text Typing (Public URL)",
              "timedOut": null,
              "duration": 30346,
              "state": "failed",
              "speed": null,
              "pass": false,
              "fail": true,
              "pending": false,
              "context": null,
              "code": "// Retrieve env vars\nconst tagName = Cypress.env(tagEnvKey);\nconst thankYouContent = Cypress.env(thankYouEnvKey);\nconst sessionName = `Session_${Cypress._.random(0, 10000)}`;\nregisterExceptionHandling();\nresolveParticipantUrl().then(link => {\n  cy.log(`Opening participant portal: ${link}`);\n  cy.visit(link);\n});\n(0, _participant.clickThroughOnboardingUntilCheckbox)();\n(0, _participant.agreeToPrivacyPolicy)();\n(0, _participant.clickThroughOnboardingUntilMicrophone)();\ncy.log('Step 4: Microphone check (skipping for text mode)');\n// Skip microphone check if present\ncy.get('body').then($body => {\n  if ($body.find('[data-testid=\"portal-onboarding-mic-skip-button\"]').length > 0) {\n    cy.get('[data-testid=\"portal-onboarding-mic-skip-button\"]').first().should('be.visible').click({\n      force: true\n    });\n  }\n});\n// Wait for name input\n(0, _participant.typeSessionName)(sessionName);\n// Tag selection\nif (tagName) {\n  (0, _participant.verifyAndSelectTag)(tagName);\n} else {\n  cy.log('Tag name not found in env, selecting first available tag');\n  (0, _participant.verifyAndSelectTag)();\n}\n(0, _participant.submitSessionForm)();\ncy.log('Step 6: Switch to Text Mode');\n(0, _participant.switchToTextMode)();\ncy.log('Step 7: Type and Submit Text');\nconst textContent = 'This is a test response typed into the participant portal.';\n(0, _participant.typePortalText)(textContent);\n(0, _participant.submitText)();\ncy.log('Step 8: Finish Conversation');\n(0, _participant.finishTextMode)();\n(0, _participant.confirmFinishText)();\ncy.wait(2000);\ncy.log('Step 9: Verify Thank You Content');\nif (thankYouContent) {\n  cy.get('[data-testid=\"portal-finish-custom-message\"]').contains(thankYouContent).should('be.visible');\n} else {\n  cy.log('Thank you content not found in env, skipping verification');\n}\ncy.log('Step 10: Email Notification');\ncy.get('body').then($body => {\n  if ($body.find('[data-testid=\"portal-finish-email-input\"]').length > 0) {\n    (0, _participant.enterNotificationEmail)('test@example.com');\n    (0, _participant.submitEmailNotification)();\n    cy.wait(2000);\n  } else {\n    cy.log('Email input not found, skipping email notification');\n  }\n});",
              "err": {
                "message": "AssertionError: Timed out retrying after 10000ms: expected '<button.mantine-focus-auto.mantine-active._root_1xlfv_8.mt-4.m_77c9d27d.mantine-Button-root.m_87cf2631.mantine-UnstyledButton-root>' to be 'visible'\n\nThis element `<button.mantine-focus-auto.mantine-active._root_1xlfv_8.mt-4.m_77c9d27d.mantine-Button-root.m_87cf2631.mantine-UnstyledButton-root>` is not visible because its content is being clipped by one of its parent elements, which has a CSS property of overflow: `hidden`, `clip`, `scroll` or `auto`",
                "estack": "AssertionError: Timed out retrying after 10000ms: expected '<button.mantine-focus-auto.mantine-active._root_1xlfv_8.mt-4.m_77c9d27d.mantine-Button-root.m_87cf2631.mantine-UnstyledButton-root>' to be 'visible'\n\nThis element `<button.mantine-focus-auto.mantine-active._root_1xlfv_8.mt-4.m_77c9d27d.mantine-Button-root.m_87cf2631.mantine-UnstyledButton-root>` is not visible because its content is being clipped by one of its parent elements, which has a CSS property of overflow: `hidden`, `clip`, `scroll` or `auto`\n    at submitEmailNotification (webpack://cypress/./support/functions/participant/index.js:685:64)\n    at Context.eval (webpack://cypress/./e2e/suites/33-test-participant-portal-changes.cy.js:265:40)\n    at getRet (https://portal.echo-next.dembrane.com/__cypress/runner/cypress_runner.js:122690:20)\n    at tryCatcher (https://portal.echo-next.dembrane.com/__cypress/runner/cypress_runner.js:1777:23)\n    at Promise.attempt.Promise.try (https://portal.echo-next.dembrane.com/__cypress/runner/cypress_runner.js:4285:29)\n    at Context.thenFn (https://portal.echo-next.dembrane.com/__cypress/runner/cypress_runner.js:122701:66)\n    at Context.then (https://portal.echo-next.dembrane.com/__cypress/runner/cypress_runner.js:122952:21)\n    at wrapped (https://portal.echo-next.dembrane.com/__cypress/runner/cypress_runner.js:146050:19)",
                "diff": null
              },
              "uuid": "1c86a832-cf39-4cdf-b1a1-e1a84cb14991",
              "parentUUID": "a8fedefb-da72-481e-8e82-7033b44884a6",
              "isHook": false,
              "skipped": false
            },
            {
              "title": "deletes the project and logs out",
              "fullTitle": "Project Create, Edit, and Delete Flow deletes the project and logs out",
              "timedOut": null,
              "duration": 27600,
              "state": "passed",
              "speed": "slow",
              "pass": true,
              "fail": false,
              "pending": false,
              "context": null,
              "code": "registerExceptionHandling();\n(0, _login.loginToApp)();\nresolveProjectId().then(id => {\n  cy.visit(buildDashboardProjectUrl(id, 'overview'));\n  (0, _project.deleteProject)(id);\n  Cypress.env(projectIdEnvKey, null);\n  Cypress.env(localeEnvKey, null);\n  Cypress.env(participantLinkEnvKey, null);\n  Cypress.env(tagEnvKey, null);\n  Cypress.env(thankYouEnvKey, null);\n});\n(0, _settings.openSettingsMenu)();\n(0, _login.logout)();",
              "err": {},
              "uuid": "06eb051d-60c3-43dc-a633-40487e151704",
              "parentUUID": "a8fedefb-da72-481e-8e82-7033b44884a6",
              "isHook": false,
              "skipped": false
            }
          ],
          "suites": [],
          "passes": [
            "dd981d98-dfbe-47ce-9318-df583981daf1",
            "06eb051d-60c3-43dc-a633-40487e151704"
          ],
          "failures": [
            "1c86a832-cf39-4cdf-b1a1-e1a84cb14991"
          ],
          "pending": [],
          "skipped": [],
          "duration": 112587,
          "root": false,
          "rootEmpty": false,
          "_timeout": 2000
        }
      ],
      "passes": [],
      "failures": [],
      "pending": [],
      "skipped": [],
      "duration": 0,
      "root": true,
      "rootEmpty": true,
      "_timeout": 2000
    }
  ],
  "meta": {
    "mocha": {
      "version": "7.2.0"
    },
    "mochawesome": {
      "options": {
        "quiet": false,
        "reportFilename": "mochawesome",
        "saveHtml": false,
        "saveJson": true,
        "consoleReporter": "spec",
        "useInlineDiffs": false,
        "code": true
      },
      "version": "7.1.4"
    },
    "marge": {
      "options": {
        "reportDir": "reports\\mobile\\chrome\\tmp-report-cf902526068a41a59677a4308e0f8be6",
        "overwrite": false,
        "html": false,
        "json": true,
        "timestamp": "mmddyyyy_HHMMss"
      },
      "version": "6.3.2"
    }
  }
}