{
  "stats": {
    "suites": 35,
    "tests": 64,
    "passes": 63,
    "pending": 0,
    "failures": 1,
    "testsRegistered": 64,
    "passPercent": 98.4375,
    "pendingPercent": 0,
    "other": 0,
    "hasOther": false,
    "skipped": 0,
    "hasSkipped": false,
    "start": "2026-02-26T07:18:24.091Z",
    "end": "2026-02-26T08:27:47.474Z",
    "duration": 4163383
  },
  "results": [
    {
      "uuid": "b72c05ec-5ac9-4bd1-b8ed-d66854c2ca78",
      "title": "",
      "fullFile": "e2e\\suites\\01-login-logout.cy.js",
      "file": "e2e\\suites\\01-login-logout.cy.js",
      "beforeHooks": [],
      "afterHooks": [],
      "tests": [],
      "suites": [
        {
          "uuid": "e995146f-23b1-498e-8de2-287f3b57fa74",
          "title": "Login & Logout Flow",
          "fullFile": "",
          "file": "",
          "beforeHooks": [],
          "afterHooks": [],
          "tests": [
            {
              "title": "should successfully login and logout",
              "fullTitle": "Login & Logout Flow should successfully login and logout",
              "timedOut": null,
              "duration": 13483,
              "state": "passed",
              "speed": "slow",
              "pass": true,
              "fail": false,
              "pending": false,
              "context": null,
              "code": "// 1. Perform Login\n(0, _login.loginToApp)();\n// 2. Open Settings Menu (to access logout)\n(0, _settings.openSettingsMenu)();\n// 3. Perform Logout\n(0, _login.logout)();",
              "err": {},
              "uuid": "5001e1b0-eeef-45c6-850b-05a6af33cc2b",
              "parentUUID": "e995146f-23b1-498e-8de2-287f3b57fa74",
              "isHook": false,
              "skipped": false
            }
          ],
          "suites": [],
          "passes": [
            "5001e1b0-eeef-45c6-850b-05a6af33cc2b"
          ],
          "failures": [],
          "pending": [],
          "skipped": [],
          "duration": 13483,
          "root": false,
          "rootEmpty": false,
          "_timeout": 2000
        }
      ],
      "passes": [],
      "failures": [],
      "pending": [],
      "skipped": [],
      "duration": 0,
      "root": true,
      "rootEmpty": true,
      "_timeout": 2000
    },
    {
      "uuid": "a1ec1c18-e4ab-4377-a05c-bd19f62576ad",
      "title": "",
      "fullFile": "e2e\\suites\\02-multilingual.cy.js",
      "file": "e2e\\suites\\02-multilingual.cy.js",
      "beforeHooks": [],
      "afterHooks": [],
      "tests": [],
      "suites": [
        {
          "uuid": "91bf959a-1bde-4d11-ae00-fc2662c8c86a",
          "title": "Multilingual Support Flow",
          "fullFile": "",
          "file": "",
          "beforeHooks": [],
          "afterHooks": [],
          "tests": [
            {
              "title": "should successfully switch languages and translate content",
              "fullTitle": "Multilingual Support Flow should successfully switch languages and translate content",
              "timedOut": null,
              "duration": 24694,
              "state": "passed",
              "speed": "slow",
              "pass": true,
              "fail": false,
              "pending": false,
              "context": null,
              "code": "// 1. Open Settings Menu\n(0, _settings.openSettingsMenu)();\n// 2. Switch to Spanish (Español)\n// Value identified from browser inspection: 'es-ES'\n(0, _settings.changeLanguage)('es-ES');\n// 3. Verify Changes\n// URL should contain /es-ES/\n// Logout button should say \"Cerrar sesión\"\n(0, _settings.verifyLanguage)('Cerrar sesión', 'es-ES');\n// 4. Verification Check: Page Header\n// Heading level can vary by UI version (h2/h3), so assert by visible heading text.\ncy.contains('h1, h2, h3', /^Proyectos$/).should('be.visible');\n// 5. Switch back to English (Cleanup)\n// Ensure menu is open (verifyLanguage ensures it's open, but let's be safe)\ncy.get('body').then($body => {\n  if ($body.find('[data-testid=\"header-language-picker\"]').length === 0) {\n    (0, _settings.openSettingsMenu)();\n  }\n});\n(0, _settings.changeLanguage)('en-US');\n// 6. Verify back to English\n(0, _settings.verifyLanguage)('Logout', 'en-US');\ncy.contains('h1, h2, h3', /^Projects$/).should('be.visible');\n// 7. Logout\n// The menu should be open from the previous step (verifyLanguage ensures it).\n(0, _login.logout)();",
              "err": {},
              "uuid": "7db7c0f8-b652-48bd-b6ce-79bb376b7850",
              "parentUUID": "91bf959a-1bde-4d11-ae00-fc2662c8c86a",
              "isHook": false,
              "skipped": false
            }
          ],
          "suites": [],
          "passes": [
            "7db7c0f8-b652-48bd-b6ce-79bb376b7850"
          ],
          "failures": [],
          "pending": [],
          "skipped": [],
          "duration": 24694,
          "root": false,
          "rootEmpty": false,
          "_timeout": 2000
        }
      ],
      "passes": [],
      "failures": [],
      "pending": [],
      "skipped": [],
      "duration": 0,
      "root": true,
      "rootEmpty": true,
      "_timeout": 2000
    },
    {
      "uuid": "61906966-d8ec-4b2e-8138-519eefeda34e",
      "title": "",
      "fullFile": "e2e\\suites\\03-create-delete-project.cy.js",
      "file": "e2e\\suites\\03-create-delete-project.cy.js",
      "beforeHooks": [],
      "afterHooks": [],
      "tests": [],
      "suites": [
        {
          "uuid": "aece1cf5-2317-4df8-8458-2b90a0d0f611",
          "title": "Project Creation and Deletion Flow",
          "fullFile": "",
          "file": "",
          "beforeHooks": [],
          "afterHooks": [],
          "tests": [
            {
              "title": "should create a project and then immediately delete it",
              "fullTitle": "Project Creation and Deletion Flow should create a project and then immediately delete it",
              "timedOut": null,
              "duration": 37663,
              "state": "passed",
              "speed": "slow",
              "pass": true,
              "fail": false,
              "pending": false,
              "context": null,
              "code": "let createdProjectId;\n// 1. Create Project\n(0, _project.createProject)();\n// Capture the ID from the current URL to pass to delete function\ncy.url().then(url => {\n  const parts = url.split('/');\n  const projectIndex = parts.indexOf('projects');\n  if (projectIndex !== -1 && parts[projectIndex + 1]) {\n    createdProjectId = parts[projectIndex + 1];\n    cy.log(`Captured ID for deletion: ${createdProjectId}`);\n    // 2. Verify Project Page (Optional here, but good practice)\n    (0, _project.verifyProjectPage)('New Project');\n    // 3. Delete Project\n    // This function handles navigation to settings, deletion, and verification\n    (0, _project.deleteProject)(createdProjectId);\n  } else {\n    throw new Error('Could not capture Project ID from URL');\n  }\n});\n// 4. Logout (from the Projects Dashboard)\n// Ensure settings menu is open first\n(0, _settings.openSettingsMenu)();\n(0, _login.logout)();",
              "err": {},
              "uuid": "b6e92911-b9d5-429b-9916-d1f10056bbaf",
              "parentUUID": "aece1cf5-2317-4df8-8458-2b90a0d0f611",
              "isHook": false,
              "skipped": false
            }
          ],
          "suites": [],
          "passes": [
            "b6e92911-b9d5-429b-9916-d1f10056bbaf"
          ],
          "failures": [],
          "pending": [],
          "skipped": [],
          "duration": 37663,
          "root": false,
          "rootEmpty": false,
          "_timeout": 2000
        }
      ],
      "passes": [],
      "failures": [],
      "pending": [],
      "skipped": [],
      "duration": 0,
      "root": true,
      "rootEmpty": true,
      "_timeout": 2000
    },
    {
      "uuid": "ba77765b-8b7b-4cd2-96aa-f2accbe89e90",
      "title": "",
      "fullFile": "e2e\\suites\\04-create-edit-delete-project.cy.js",
      "file": "e2e\\suites\\04-create-edit-delete-project.cy.js",
      "beforeHooks": [],
      "afterHooks": [],
      "tests": [],
      "suites": [
        {
          "uuid": "78222219-375f-4983-80dd-2e471063328e",
          "title": "Project Create, Edit, and Delete Flow",
          "fullFile": "",
          "file": "",
          "beforeHooks": [],
          "afterHooks": [],
          "tests": [
            {
              "title": "should create a project, edit its name and portal settings, verify changes, and delete it",
              "fullTitle": "Project Create, Edit, and Delete Flow should create a project, edit its name and portal settings, verify changes, and delete it",
              "timedOut": null,
              "duration": 79940,
              "state": "passed",
              "speed": "slow",
              "pass": true,
              "fail": false,
              "pending": false,
              "context": null,
              "code": "const uniqueId = Cypress._.random(0, 10000);\nconst newProjectName = `New Project_${uniqueId}`;\nconst portalTitle = `Title_${uniqueId}`;\nconst portalContent = `Content_${uniqueId}`;\nconst thankYouContent = `ThankYou_${uniqueId}`;\nconst tagName = `Tag_${uniqueId}`;\nconst portalLanguage = 'it'; // Italian\n// 1. Create Project\n(0, _project.createProject)();\nlet createdProjectId;\ncy.url().then(url => {\n  const parts = url.split('/');\n  const projectIndex = parts.indexOf('projects');\n  if (projectIndex !== -1 && parts[projectIndex + 1]) {\n    createdProjectId = parts[projectIndex + 1];\n    cy.log(`Working with Project ID: ${createdProjectId}`);\n    // 2. Edit Project Name\n    (0, _project.updateProjectName)(newProjectName);\n    // 3. Edit Portal Settings\n    (0, _portal.openPortalEditor)();\n    (0, _portal.toggleAskForName)(true);\n    (0, _portal.toggleAskForEmail)(true);\n    (0, _portal.selectTutorial)('Advanced');\n    (0, _portal.addTag)(tagName);\n    (0, _portal.updatePortalContent)(portalTitle, portalContent, thankYouContent);\n    (0, _portal.changePortalLanguage)(portalLanguage);\n    // 4. Return to Home and Verify Name in List\n    (0, _project.navigateToHome)();\n    cy.wait(2000); // Wait for list reload\n    // Check if the project list contains the new name\n    // Target the main content area (not the mobile sidebar) using the visible desktop sidebar\n    cy.get('main').within(() => {\n      cy.get(`a[href*=\"${createdProjectId}\"]`).first().should('contain.text', newProjectName);\n    });\n    // 5. Enter Project and Verify Changes\n    cy.get('main').within(() => {\n      cy.get(`a[href*=\"${createdProjectId}\"]`).first().click();\n    });\n    cy.wait(3000); // Wait for dashboard load\n    // Check Name on Dashboard - verify in the breadcrumb title\n    cy.get('[data-testid=\"project-breadcrumb-name\"]').should('contain.text', newProjectName);\n    // Check Portal Settings Persistence\n    (0, _portal.openPortalEditor)();\n    // Verify Tag - inside mantine-Badge-label span\n    cy.get('.mantine-Badge-label').contains(tagName).should('be.visible');\n    // Verify Title Input Value\n    cy.get('[data-testid=\"portal-editor-page-title-input\"]').should('have.value', portalTitle);\n    // Verify Language is set to Italian\n    cy.get('[data-testid=\"portal-editor-language-select\"]').should('have.value', portalLanguage);\n    // 6. Delete Project\n    (0, _project.deleteProject)(createdProjectId);\n  }\n});\n// 7. Logout\n(0, _settings.openSettingsMenu)();\n(0, _login.logout)();",
              "err": {},
              "uuid": "1646682c-5b4b-4c01-b248-90c02efa6651",
              "parentUUID": "78222219-375f-4983-80dd-2e471063328e",
              "isHook": false,
              "skipped": false
            }
          ],
          "suites": [],
          "passes": [
            "1646682c-5b4b-4c01-b248-90c02efa6651"
          ],
          "failures": [],
          "pending": [],
          "skipped": [],
          "duration": 79940,
          "root": false,
          "rootEmpty": false,
          "_timeout": 2000
        }
      ],
      "passes": [],
      "failures": [],
      "pending": [],
      "skipped": [],
      "duration": 0,
      "root": true,
      "rootEmpty": true,
      "_timeout": 2000
    },
    {
      "uuid": "5be33f47-3d08-40f2-b6e6-06b546f9acfe",
      "title": "",
      "fullFile": "e2e\\suites\\05-qr-code-language.cy.js",
      "file": "e2e\\suites\\05-qr-code-language.cy.js",
      "beforeHooks": [],
      "afterHooks": [],
      "tests": [],
      "suites": [
        {
          "uuid": "595fe463-f3f4-43a7-bf04-abd80ba9794e",
          "title": "QR Code Language Change Test",
          "fullFile": "",
          "file": "",
          "beforeHooks": [],
          "afterHooks": [],
          "tests": [
            {
              "title": "should verify QR code link changes when portal language is changed",
              "fullTitle": "QR Code Language Change Test should verify QR code link changes when portal language is changed",
              "timedOut": null,
              "duration": 52942,
              "state": "passed",
              "speed": "slow",
              "pass": true,
              "fail": false,
              "pending": false,
              "context": null,
              "code": "let createdProjectId;\nlet initialLink;\nlet updatedLink;\n// 1. Create Project\n(0, _project.createProject)();\ncy.url().then(url => {\n  const parts = url.split('/');\n  const projectIndex = parts.indexOf('projects');\n  if (projectIndex !== -1 && parts[projectIndex + 1]) {\n    createdProjectId = parts[projectIndex + 1];\n    cy.log(`Working with Project ID: ${createdProjectId}`);\n    // 2. Copy the initial QR code link\n    clickVisibleCopyLinkButton();\n    // Wait for copy action\n    cy.wait(1000);\n    // Store the current URL pattern (language should be default/English)\n    cy.window().then(win => {\n      // Try to read from clipboard\n      return win.navigator.clipboard.readText().then(text => {\n        initialLink = text;\n        cy.log(`Initial Link: ${initialLink}`);\n      }).catch(() => {\n        // Fallback: construct the expected URL pattern\n        const baseUrl = Cypress.env('portalUrl') || 'https://portal.echo-next.dembrane.com';\n        initialLink = `${baseUrl}/en-US/${createdProjectId}/start`;\n        cy.log(`Constructed Initial Link: ${initialLink}`);\n      });\n    });\n    // 3. Open Portal Editor and change language to Italian\n    (0, _portal.openPortalEditor)();\n    (0, _portal.changePortalLanguage)('it');\n    // 4. The QR code is always visible at the top of the page\n    // After language change, just wait for auto-save and copy the updated link\n    cy.wait(2000);\n    // 5. Copy the updated QR code link\n    clickVisibleCopyLinkButton();\n    cy.wait(1000);\n    cy.window().then(win => {\n      return win.navigator.clipboard.readText().then(text => {\n        updatedLink = text;\n        cy.log(`Updated Link: ${updatedLink}`);\n      }).catch(() => {\n        // Fallback: construct with Italian language (it-IT format)\n        const baseUrl = Cypress.env('portalUrl') || 'https://portal.echo-next.dembrane.com';\n        updatedLink = `${baseUrl}/it-IT/${createdProjectId}/start`;\n        cy.log(`Constructed Updated Link: ${updatedLink}`);\n      });\n    }).then(() => {\n      // 6. Verify the links are different\n      cy.log(`Comparing links:`);\n      cy.log(`Initial: ${initialLink}`);\n      cy.log(`Updated: ${updatedLink}`);\n      // Assert links are different\n      expect(updatedLink).to.not.equal(initialLink, 'Portal link should change when language is changed to Italian');\n      // Additional check: Italian link should contain 'it-IT' language code\n      expect(updatedLink).to.include('/it-IT/', 'Italian portal link should contain /it-IT/ in the URL');\n    });\n    // 7. Click Project Settings tab first (scrollIntoView + force to handle clipped content)\n    cy.get('[data-testid=\"project-overview-tab-overview\"]').first().scrollIntoView().click({\n      force: true\n    });\n    cy.wait(2000);\n    // 8. Delete Project\n    (0, _project.deleteProject)(createdProjectId);\n  }\n});\n// 8. Logout\n(0, _settings.openSettingsMenu)();\n(0, _login.logout)();",
              "err": {},
              "uuid": "482076a9-ecea-4fc9-9456-e9f78660b26f",
              "parentUUID": "595fe463-f3f4-43a7-bf04-abd80ba9794e",
              "isHook": false,
              "skipped": false
            }
          ],
          "suites": [],
          "passes": [
            "482076a9-ecea-4fc9-9456-e9f78660b26f"
          ],
          "failures": [],
          "pending": [],
          "skipped": [],
          "duration": 52942,
          "root": false,
          "rootEmpty": false,
          "_timeout": 2000
        }
      ],
      "passes": [],
      "failures": [],
      "pending": [],
      "skipped": [],
      "duration": 0,
      "root": true,
      "rootEmpty": true,
      "_timeout": 2000
    },
    {
      "uuid": "407d8b57-66f3-4d25-ad66-fe8fff14eb36",
      "title": "",
      "fullFile": "e2e\\suites\\06-announcements.cy.js",
      "file": "e2e\\suites\\06-announcements.cy.js",
      "beforeHooks": [],
      "afterHooks": [],
      "tests": [],
      "suites": [
        {
          "uuid": "2a74d7cb-f310-433a-ada7-0a6a52eac808",
          "title": "Announcements Feature Test",
          "fullFile": "",
          "file": "",
          "beforeHooks": [],
          "afterHooks": [],
          "tests": [
            {
              "title": "should open and close the announcements sidebar",
              "fullTitle": "Announcements Feature Test should open and close the announcements sidebar",
              "timedOut": null,
              "duration": 10953,
              "state": "passed",
              "speed": "slow",
              "pass": true,
              "fail": false,
              "pending": false,
              "context": null,
              "code": "// 1. Click on the announcements icon button\ncy.log('Clicking Announcements button');\ncy.wait(2000); // Wait for header controls to stabilize\ncy.get('[data-testid=\"announcement-icon-button\"]').filter(':visible').first().should('be.visible').click();\n// 2. Verify the Announcements sidebar/drawer opens\ncy.log('Verifying Announcements sidebar is open');\ncy.get('[data-testid=\"announcement-drawer\"]').should('be.visible');\n// 3. Verify the title is \"Announcements\"\ncy.xpath('//h2[contains(@class, \"mantine-Drawer-title\")]').should('be.visible').and('contain.text', 'Announcements');\n// 4. Verify the content area exists (may show \"No announcements available\" if empty)\ncy.xpath('//section[@role=\"dialog\"]//p').should('exist');\n// 5. Close the sidebar by clicking the close button\ncy.log('Closing Announcements sidebar');\ncy.get('[data-testid=\"announcement-close-drawer-button\"]').should('be.visible').click();\ncy.log('Announcements sidebar test completed successfully');",
              "err": {},
              "uuid": "6d2657ec-4ef9-4c1b-9c07-f96340c5e605",
              "parentUUID": "2a74d7cb-f310-433a-ada7-0a6a52eac808",
              "isHook": false,
              "skipped": false
            }
          ],
          "suites": [],
          "passes": [
            "6d2657ec-4ef9-4c1b-9c07-f96340c5e605"
          ],
          "failures": [],
          "pending": [],
          "skipped": [],
          "duration": 10953,
          "root": false,
          "rootEmpty": false,
          "_timeout": 2000
        }
      ],
      "passes": [],
      "failures": [],
      "pending": [],
      "skipped": [],
      "duration": 0,
      "root": true,
      "rootEmpty": true,
      "_timeout": 2000
    },
    {
      "uuid": "6309abbc-4d8f-4178-9330-5d82ccdad1d0",
      "title": "",
      "fullFile": "e2e\\suites\\07-upload-conversation.cy.js",
      "file": "e2e\\suites\\07-upload-conversation.cy.js",
      "beforeHooks": [],
      "afterHooks": [],
      "tests": [],
      "suites": [
        {
          "uuid": "ce775afd-1c69-4e2a-bd81-bc1d7b3a2f15",
          "title": "Upload Conversation Flow",
          "fullFile": "",
          "file": "",
          "beforeHooks": [],
          "afterHooks": [],
          "tests": [
            {
              "title": "should upload audio file, verify conversation, delete project, and logout",
              "fullTitle": "Upload Conversation Flow should upload audio file, verify conversation, delete project, and logout",
              "timedOut": null,
              "duration": 88140,
              "state": "passed",
              "speed": "slow",
              "pass": true,
              "fail": false,
              "pending": false,
              "context": null,
              "code": "// 1. Create new project\ncy.log('Step 1: Creating new project');\n(0, _project.createProject)();\n// Capture project ID for deletion\ncy.url().then(url => {\n  const parts = url.split('/');\n  const projectIndex = parts.indexOf('projects');\n  if (projectIndex !== -1 && parts[projectIndex + 1]) {\n    projectId = parts[projectIndex + 1];\n    cy.log('Captured Project ID:', projectId);\n  }\n});\n// 2. Open Upload Conversation modal\ncy.log('Step 2: Opening upload modal');\n(0, _conversation.openUploadModal)();\n// 3. Upload the audio file from cypress assets\ncy.log('Step 3: Uploading audio file');\n(0, _conversation.uploadAudioFile)('assets/videoplayback.mp3');\n// 4. Click Upload Files button to start the upload\ncy.log('Step 4: Clicking Upload Files button');\n(0, _conversation.clickUploadFilesButton)();\n// 5. Wait 15 seconds for processing\ncy.log('Step 5: Waiting 15 seconds for file processing');\ncy.wait(15000);\n// 6. Close the upload modal\ncy.log('Step 6: Closing upload modal');\n(0, _conversation.closeUploadModal)();\n// 7. Click on the uploaded conversation in the list\ncy.log('Step 7: Selecting uploaded conversation');\n(0, _conversation.selectConversation)('videoplayback.mp3');\n// 8. Verify the conversation name in Edit Conversation section\ncy.log('Step 8: Verifying conversation name');\n(0, _conversation.verifyConversationName)('videoplayback.mp3');\n// 9. Wait 25 seconds for transcript processing\ncy.log('Step 9: Waiting 25 seconds for transcript processing');\ncy.wait(25000);\n// 10. Click on Transcript tab\ncy.log('Step 10: Clicking Transcript tab');\n(0, _conversation.clickTranscriptTab)();\n// 11. Verify transcript text has at least 100 characters\ncy.log('Step 11: Verifying transcript text');\n(0, _conversation.verifyTranscriptText)(400);\n// 12. Navigate back to project overview via breadcrumb\ncy.log('Step 12: Navigating to Project Overview');\n(0, _conversation.navigateToProjectOverview)();\n// 13. Delete the project (includes clicking Project Settings tab)\ncy.log('Step 13: Deleting project');\ncy.then(() => {\n  (0, _project.deleteProject)(projectId);\n});\n// 14. Open Settings menu and Logout\ncy.log('Step 14: Opening settings and logging out');\n(0, _settings.openSettingsMenu)();\n(0, _login.logout)();",
              "err": {},
              "uuid": "4bac10b8-bdf3-4b24-ba60-42635d6b6d19",
              "parentUUID": "ce775afd-1c69-4e2a-bd81-bc1d7b3a2f15",
              "isHook": false,
              "skipped": false
            }
          ],
          "suites": [],
          "passes": [
            "4bac10b8-bdf3-4b24-ba60-42635d6b6d19"
          ],
          "failures": [],
          "pending": [],
          "skipped": [],
          "duration": 88140,
          "root": false,
          "rootEmpty": false,
          "_timeout": 2000
        }
      ],
      "passes": [],
      "failures": [],
      "pending": [],
      "skipped": [],
      "duration": 0,
      "root": true,
      "rootEmpty": true,
      "_timeout": 2000
    },
    {
      "uuid": "afd0eacc-5f19-409e-95cf-e12c3220f4ca",
      "title": "",
      "fullFile": "e2e\\suites\\08-participant-recording.cy.js",
      "file": "e2e\\suites\\08-participant-recording.cy.js",
      "beforeHooks": [],
      "afterHooks": [],
      "tests": [],
      "suites": [
        {
          "uuid": "83d3f216-9725-4a9d-b9eb-e4535b693530",
          "title": "Participant Recording Flow",
          "fullFile": "",
          "file": "",
          "beforeHooks": [],
          "afterHooks": [],
          "tests": [
            {
              "title": "Step 1: creates a project for participant recording",
              "fullTitle": "Participant Recording Flow Step 1: creates a project for participant recording",
              "timedOut": null,
              "duration": 16120,
              "state": "passed",
              "speed": "slow",
              "pass": true,
              "fail": false,
              "pending": false,
              "context": null,
              "code": "registerExceptionHandling();\n(0, _login.loginToApp)();\ncy.log('Step 1: Creating new project');\n(0, _project.createProject)();\ncaptureProjectIdFromUrl();\nresolveProjectId();",
              "err": {},
              "uuid": "458d9156-3043-4ba0-a903-f9df41e957af",
              "parentUUID": "83d3f216-9725-4a9d-b9eb-e4535b693530",
              "isHook": false,
              "skipped": false
            },
            {
              "title": "Step 2: submits a participant text response in the portal",
              "fullTitle": "Participant Recording Flow Step 2: submits a participant text response in the portal",
              "timedOut": null,
              "duration": 18480,
              "state": "passed",
              "speed": "slow",
              "pass": true,
              "fail": false,
              "pending": false,
              "context": null,
              "code": "registerExceptionHandling();\nresolveProjectId().then(() => {\n  cy.log('Step 2: Opening participant portal');\n  cy.visit(getPortalUrl());\n});\ncy.log('Step 3: Agreeing to privacy policy');\n(0, _participant.agreeToPrivacyPolicy)();\ncy.log('Step 4: Skipping microphone check');\n(0, _participant.skipMicrophoneCheck)();\ncy.log('Step 5: Entering session name');\n(0, _participant.enterSessionName)(sessionName);\ncy.log('Step 6: Handling microphone access modal if present');\n(0, _participant.handleMicrophoneAccessDenied)();\ncy.log('Step 7: Switching to text response');\n(0, _participant.switchToTextMode)();\ncy.wait(1000);\ncy.log('Step 8: Typing and submitting text response');\n(0, _participant.typePortalText)(textResponse);\n(0, _participant.submitText)();\ncy.wait(2000);\ncy.log('Step 9: Finishing conversation');\n(0, _participant.finishTextMode)();\n(0, _participant.confirmFinishText)();\ncy.wait(2000);",
              "err": {},
              "uuid": "acedcd20-33a8-4a16-a7d6-ef3d79195624",
              "parentUUID": "83d3f216-9725-4a9d-b9eb-e4535b693530",
              "isHook": false,
              "skipped": false
            },
            {
              "title": "should complete participant recording flow and verify conversation",
              "fullTitle": "Participant Recording Flow should complete participant recording flow and verify conversation",
              "timedOut": null,
              "duration": 48385,
              "state": "passed",
              "speed": "slow",
              "pass": true,
              "fail": false,
              "pending": false,
              "context": null,
              "code": "registerExceptionHandling();\n(0, _login.loginToApp)();\nresolveProjectId().then(id => {\n  cy.log('Step 10: Returning to dashboard');\n  cy.visit(`${dashboardBaseUrl}/${portalLocale}/projects/${id}/overview`);\n});\ncy.log('Step 11: Verifying conversation and transcript');\ncy.wait(5000);\n(0, _conversation.selectConversation)(sessionName);\n(0, _conversation.verifyConversationName)(sessionName);\ncy.log('Waiting 10 seconds for transcript processing');\ncy.wait(10000);\n(0, _conversation.clickTranscriptTab)();\ncy.log('Verifying transcript text matches exact response');\ncy.xpath('//div[contains(@class, \"mantine-Paper-root\")]//div[contains(@style, \"flex\")]//div/p[contains(@class, \"mantine-Text-root\")]').each($el => {\n  if ($el.text().length > 50) {\n    expect($el.text().trim()).to.equal(textResponse.trim());\n  }\n});\ncy.log('Step 12: Navigating back and Deleting project');\n(0, _conversation.navigateToProjectOverview)();\nresolveProjectId().then(id => {\n  (0, _project.deleteProject)(id);\n  Cypress.env('participantRecordingProjectId', null);\n});\ncy.log('Step 13: Logging out');\n(0, _settings.openSettingsMenu)();\n(0, _login.logout)();",
              "err": {},
              "uuid": "7be141f2-9688-4b32-bf74-744b3ce1c75b",
              "parentUUID": "83d3f216-9725-4a9d-b9eb-e4535b693530",
              "isHook": false,
              "skipped": false
            }
          ],
          "suites": [],
          "passes": [
            "458d9156-3043-4ba0-a903-f9df41e957af",
            "acedcd20-33a8-4a16-a7d6-ef3d79195624",
            "7be141f2-9688-4b32-bf74-744b3ce1c75b"
          ],
          "failures": [],
          "pending": [],
          "skipped": [],
          "duration": 82985,
          "root": false,
          "rootEmpty": false,
          "_timeout": 2000
        }
      ],
      "passes": [],
      "failures": [],
      "pending": [],
      "skipped": [],
      "duration": 0,
      "root": true,
      "rootEmpty": true,
      "_timeout": 2000
    },
    {
      "uuid": "4ea5757a-3769-46db-a5e0-3c37c51ef580",
      "title": "",
      "fullFile": "e2e\\suites\\09-create-report.cy.js",
      "file": "e2e\\suites\\09-create-report.cy.js",
      "beforeHooks": [],
      "afterHooks": [],
      "tests": [],
      "suites": [
        {
          "uuid": "3fe94477-16c8-4f7b-bf78-a7571e9dad00",
          "title": "Report Creation Flow",
          "fullFile": "",
          "file": "",
          "beforeHooks": [],
          "afterHooks": [],
          "tests": [
            {
              "title": "should upload audio, create report, and verify report existence",
              "fullTitle": "Report Creation Flow should upload audio, create report, and verify report existence",
              "timedOut": null,
              "duration": 109801,
              "state": "passed",
              "speed": "slow",
              "pass": true,
              "fail": false,
              "pending": false,
              "context": null,
              "code": "// 1. Create new project\ncy.log('Step 1: Creating new project');\n(0, _project.createProject)();\n// Capture project ID for deletion\ncy.url().then(url => {\n  const parts = url.split('/');\n  const projectIndex = parts.indexOf('projects');\n  if (projectIndex !== -1 && parts[projectIndex + 1]) {\n    projectId = parts[projectIndex + 1];\n    cy.log('Captured Project ID:', projectId);\n  }\n});\n// 2. Open Upload Conversation modal\ncy.log('Step 2: Opening upload modal');\n(0, _conversation.openUploadModal)();\n// 3. Upload the audio file from cypress assets\ncy.log('Step 3: Uploading audio file');\n(0, _conversation.uploadAudioFile)('assets/videoplayback.mp3');\n// 4. Click Upload Files button to start the upload\ncy.log('Step 4: Clicking Upload Files button');\n(0, _conversation.clickUploadFilesButton)();\n// 5. Wait 15 seconds for processing\ncy.log('Step 5: Waiting 20 seconds for file processing');\ncy.wait(20000);\n// 6. Close the upload modal\ncy.log('Step 6: Closing upload modal');\n(0, _conversation.closeUploadModal)();\n// 7. Click on the Report button\ncy.log('Step 7: Clicking Report button');\ncy.get('[data-testid=\"sidebar-report-button\"]').filter(':visible').first().should('be.visible').click();\n// 8. Click Create Report in the modal\ncy.log('Step 8: Clicking Create Report in modal');\n// Wait for modal and click the \"Create Report\" button (filled variant)\ncy.get('section[role=\"dialog\"]').should('be.visible');\ncy.get('[data-testid=\"report-create-button\"]').filter(':visible').first().should('be.visible').click();\n// 9. Wait 40 seconds for processing\ncy.log('Step 9: Waiting 40 seconds for report processing');\ncy.wait(40000);\n// 10. Click on the Report button again to view report\ncy.log('Step 10: Clicking Report button again');\ncy.get('[data-testid=\"sidebar-report-button\"]').filter(':visible').first().should('be.visible').click();\ncy.wait(5000); // Wait for report content to load\n// 11. Verify report existence\ncy.log('Step 11: Verifying report existence');\n(0, _report.verifyReportRendered)();\ncy.log('Report successfully verified');\n// 12. Navigate back to Project Overview\ncy.log('Step 12: Navigating to Project Overview');\n(0, _conversation.navigateToProjectOverview)();\n// 13. Delete the project\ncy.log('Step 13: Deleting project');\ncy.then(() => {\n  (0, _project.deleteProject)(projectId);\n});\n// 14. Open Settings menu and Logout\ncy.log('Step 14: Opening settings and logging out');\n(0, _settings.openSettingsMenu)();\n(0, _login.logout)();",
              "err": {},
              "uuid": "3795c86f-be18-44e8-8aee-af13fd4ade59",
              "parentUUID": "3fe94477-16c8-4f7b-bf78-a7571e9dad00",
              "isHook": false,
              "skipped": false
            }
          ],
          "suites": [],
          "passes": [
            "3795c86f-be18-44e8-8aee-af13fd4ade59"
          ],
          "failures": [],
          "pending": [],
          "skipped": [],
          "duration": 109801,
          "root": false,
          "rootEmpty": false,
          "_timeout": 2000
        }
      ],
      "passes": [],
      "failures": [],
      "pending": [],
      "skipped": [],
      "duration": 0,
      "root": true,
      "rootEmpty": true,
      "_timeout": 2000
    },
    {
      "uuid": "fc543d84-57c8-4099-b54d-0db5170354ae",
      "title": "",
      "fullFile": "e2e\\suites\\10-publish-report.cy.js",
      "file": "e2e\\suites\\10-publish-report.cy.js",
      "beforeHooks": [],
      "afterHooks": [],
      "tests": [],
      "suites": [
        {
          "uuid": "1e3dd354-474d-4740-a8e8-0bc265c58f52",
          "title": "Publish Report Flow",
          "fullFile": "",
          "file": "",
          "beforeHooks": [],
          "afterHooks": [],
          "tests": [
            {
              "title": "creates a project and generates a report draft",
              "fullTitle": "Publish Report Flow creates a project and generates a report draft",
              "timedOut": null,
              "duration": 70530,
              "state": "passed",
              "speed": "slow",
              "pass": true,
              "fail": false,
              "pending": false,
              "context": null,
              "code": "(0, _report.registerReportFlowExceptionHandling)();\n(0, _login.loginToApp)();\ncy.log('Step 1: Creating new project');\n(0, _project.createProject)();\ncy.url().then(url => {\n  const parts = url.split('/');\n  const projectIndex = parts.indexOf('projects');\n  if (projectIndex !== -1 && parts[projectIndex + 1]) {\n    projectId = parts[projectIndex + 1];\n    if (parts[projectIndex - 1]) {\n      locale = parts[projectIndex - 1];\n    }\n    Cypress.env('publishReportProjectId', projectId);\n    cy.log('Captured Project ID:', projectId);\n  }\n});\ncy.log('Step 2: Uploading audio');\n(0, _conversation.openUploadModal)();\n(0, _conversation.uploadAudioFile)('assets/videoplayback.mp3');\n(0, _conversation.clickUploadFilesButton)();\ncy.wait(20000);\n(0, _conversation.closeUploadModal)();\ncy.log('Step 3: Creating report');\ncy.get('[data-testid=\"sidebar-report-button\"]').filter(':visible').first().click();\ncy.get('section[role=\"dialog\"]').should('be.visible');\ncy.get('[data-testid=\"report-create-button\"]').filter(':visible').first().click();\ncy.wait(30000);\ncy.get('[data-testid=\"sidebar-report-button\"]').filter(':visible').first().click();\ncy.get('[data-testid=\"report-renderer-container\"]', {\n  timeout: 20000\n}).should('be.visible');",
              "err": {},
              "uuid": "bf22eafb-3851-4d4b-8590-9909d901d920",
              "parentUUID": "1e3dd354-474d-4740-a8e8-0bc265c58f52",
              "isHook": false,
              "skipped": false
            },
            {
              "title": "shows report as unavailable on public URL before publish",
              "fullTitle": "Publish Report Flow shows report as unavailable on public URL before publish",
              "timedOut": null,
              "duration": 1846,
              "state": "passed",
              "speed": "fast",
              "pass": true,
              "fail": false,
              "pending": false,
              "context": null,
              "code": "(0, _report.registerReportFlowExceptionHandling)();\nresolveProjectId().then(id => {\n  openPublicReportPage(id);\n});\ncy.get('[data-testid=\"public-report-not-available\"]', {\n  timeout: 20000\n}).should('be.visible');\ncy.get('[data-testid=\"public-report-view\"]').should('not.exist');",
              "err": {},
              "uuid": "3bef49f7-e8e6-4eb8-86da-0558929bf173",
              "parentUUID": "1e3dd354-474d-4740-a8e8-0bc265c58f52",
              "isHook": false,
              "skipped": false
            },
            {
              "title": "publishes the report from dashboard",
              "fullTitle": "Publish Report Flow publishes the report from dashboard",
              "timedOut": null,
              "duration": 7731,
              "state": "passed",
              "speed": "medium",
              "pass": true,
              "fail": false,
              "pending": false,
              "context": null,
              "code": "(0, _report.registerReportFlowExceptionHandling)();\n(0, _login.loginToApp)();\nresolveProjectId().then(id => {\n  openDashboardReportPage(id);\n});\n(0, _report.setReportPublishState)(true);",
              "err": {},
              "uuid": "c85dac69-28ca-48c3-ac0e-f11b1b4dfcb2",
              "parentUUID": "1e3dd354-474d-4740-a8e8-0bc265c58f52",
              "isHook": false,
              "skipped": false
            },
            {
              "title": "shows published report on public URL after publish",
              "fullTitle": "Publish Report Flow shows published report on public URL after publish",
              "timedOut": null,
              "duration": 1235,
              "state": "passed",
              "speed": "fast",
              "pass": true,
              "fail": false,
              "pending": false,
              "context": null,
              "code": "(0, _report.registerReportFlowExceptionHandling)();\nresolveProjectId().then(id => {\n  openPublicReportPage(id);\n});\n// waitForPublicReportPublished();\ncy.get('[data-testid=\"public-report-not-available\"]').should('not.exist');\ncy.get('[data-testid=\"public-report-view\"]', {\n  timeout: 20000\n}).should('be.visible');",
              "err": {},
              "uuid": "1b4693b7-d293-4a43-98d3-e1572530423b",
              "parentUUID": "1e3dd354-474d-4740-a8e8-0bc265c58f52",
              "isHook": false,
              "skipped": false
            },
            {
              "title": "deletes the project and logs out",
              "fullTitle": "Publish Report Flow deletes the project and logs out",
              "timedOut": null,
              "duration": 27209,
              "state": "passed",
              "speed": "slow",
              "pass": true,
              "fail": false,
              "pending": false,
              "context": null,
              "code": "(0, _report.registerReportFlowExceptionHandling)();\n(0, _login.loginToApp)();\nresolveProjectId().then(id => {\n  if (dashboardBaseUrl) {\n    cy.visit(`${dashboardBaseUrl}/projects/${id}/overview`);\n  } else {\n    cy.visit(`/${locale}/projects/${id}/overview`);\n  }\n  (0, _project.deleteProject)(id);\n  Cypress.env('publishReportProjectId', null);\n});\n(0, _settings.openSettingsMenu)();\n(0, _login.logout)();",
              "err": {},
              "uuid": "30e6e2be-47b2-48b8-97c4-324b57b9b40e",
              "parentUUID": "1e3dd354-474d-4740-a8e8-0bc265c58f52",
              "isHook": false,
              "skipped": false
            }
          ],
          "suites": [],
          "passes": [
            "bf22eafb-3851-4d4b-8590-9909d901d920",
            "3bef49f7-e8e6-4eb8-86da-0558929bf173",
            "c85dac69-28ca-48c3-ac0e-f11b1b4dfcb2",
            "1b4693b7-d293-4a43-98d3-e1572530423b",
            "30e6e2be-47b2-48b8-97c4-324b57b9b40e"
          ],
          "failures": [],
          "pending": [],
          "skipped": [],
          "duration": 108551,
          "root": false,
          "rootEmpty": false,
          "_timeout": 2000
        }
      ],
      "passes": [],
      "failures": [],
      "pending": [],
      "skipped": [],
      "duration": 0,
      "root": true,
      "rootEmpty": true,
      "_timeout": 2000
    },
    {
      "uuid": "24631193-1d40-4140-b4df-a63e905af091",
      "title": "",
      "fullFile": "e2e\\suites\\11-edit-report.cy.js",
      "file": "e2e\\suites\\11-edit-report.cy.js",
      "beforeHooks": [],
      "afterHooks": [],
      "tests": [],
      "suites": [
        {
          "uuid": "0c1be94d-2519-4fbd-829b-a8780a51dd13",
          "title": "Edit Report Flow",
          "fullFile": "",
          "file": "",
          "beforeHooks": [],
          "afterHooks": [],
          "tests": [
            {
              "title": "should upload audio, create report, edit content, and verify changes",
              "fullTitle": "Edit Report Flow should upload audio, create report, edit content, and verify changes",
              "timedOut": null,
              "duration": 94248,
              "state": "passed",
              "speed": "slow",
              "pass": true,
              "fail": false,
              "pending": false,
              "context": null,
              "code": "// 1. Create new project\ncy.log('Step 1: Creating new project');\n(0, _project.createProject)();\n// Capture project ID for deletion\ncy.url().then(url => {\n  const parts = url.split('/');\n  const projectIndex = parts.indexOf('projects');\n  if (projectIndex !== -1 && parts[projectIndex + 1]) {\n    projectId = parts[projectIndex + 1];\n    cy.log('Captured Project ID:', projectId);\n  }\n});\n// 2. Open Upload Conversation modal\ncy.log('Step 2: Opening upload modal');\n(0, _conversation.openUploadModal)();\n// 3. Upload the audio file from cypress assets\ncy.log('Step 3: Uploading audio file');\n(0, _conversation.uploadAudioFile)('assets/videoplayback.mp3');\n// 4. Click Upload Files button to start the upload\ncy.log('Step 4: Clicking Upload Files button');\n(0, _conversation.clickUploadFilesButton)();\n// 5. Wait 15 seconds for processing\ncy.log('Step 5: Waiting 15 seconds for file processing');\ncy.wait(15000);\n// 6. Close the upload modal\ncy.log('Step 6: Closing upload modal');\n(0, _conversation.closeUploadModal)();\n// 7. Click on the Report button\ncy.log('Step 7: Clicking Report button');\ncy.get('[data-testid=\"sidebar-report-button\"]').filter(':visible').first().click();\n// 8. Click Create Report in the modal\ncy.log('Step 8: Clicking Create Report in modal');\ncy.get('section[role=\"dialog\"]').should('be.visible');\ncy.get('[data-testid=\"report-create-button\"]').filter(':visible').first().click();\n// 9. Wait 20 seconds for processing\ncy.log('Step 9: Waiting 20 seconds for report processing');\ncy.wait(20000);\n// 10. Click on the Report button again to view report\ncy.log('Step 10: Clicking Report button again');\ncy.get('[data-testid=\"sidebar-report-button\"]').filter(':visible').first().click();\ncy.wait(5000); // Wait for report content to load\n// 11. Toggle Editing Mode ON\ncy.log('Step 11: Toggling Editing Mode ON');\n// Use robust xpath for the switch containing 'Editing mode'\ncy.get('[data-testid=\"report-editing-mode-toggle\"]').click({\n  force: true\n});\ncy.wait(1000); // Wait for editor to initialize\n// 12. Modify Report Content\ncy.log('Step 12: Modifying report content');\n// Locate the editor textbox inside report container. Do not use visibility assertion:\n// the editor can be inside a scrollable/overflow parent in some layouts.\ncy.get('[data-testid=\"report-renderer-container\"] [role=\"textbox\"][contenteditable=\"true\"]', {\n  timeout: 20000\n}).should('exist').first().scrollIntoView().then($editor => {\n  // Clear existing content and type new content\n  // Using {selectall}{backspace} to clear ensuring we don't break the editor state\n  // processing: { force: true } added to bypass \"element hidden\" errors\n  cy.wrap($editor).type('{selectall}{backspace}', {\n    force: true\n  });\n  cy.wait(500);\n  // Type new markdown content\n  // We use '# ' for Heading 1 and then a paragraph\n  cy.wrap($editor).type('# Automated Edit Verification{enter}This is a test edit from Cypress.', {\n    force: true\n  });\n});\ncy.wait(1000); // Wait for auto-save or state update\n// 13. Toggle Editing Mode OFF\ncy.log('Step 13: Toggling Editing Mode OFF');\ncy.get('[data-testid=\"report-editing-mode-toggle\"]').click({\n  force: true\n});\ncy.wait(1000); // Wait for read-only view validation\n// 14. Verify New Content Persists\ncy.log('Step 14: Verifying edited content');\n// Check for the H1 heading\ncy.contains('h1', 'Automated Edit Verification').should('be.visible');\n// Check for the paragraph text\ncy.contains('p', 'This is a test edit from Cypress.').should('be.visible');\n// 15. Navigate back via Project Overview\ncy.log('Step 15: Navigating to Project Overview');\n// Ensure manual return to project page to reliably use cleanup\nconst dashboardUrl = Cypress.env('dashboardUrl');\nif (projectId && dashboardUrl) {\n  const dashboardProjectUrl = `${dashboardUrl}/projects/${projectId}`;\n  cy.visit(dashboardProjectUrl);\n} else {\n  (0, _conversation.navigateToProjectOverview)();\n}\ncy.wait(3000);\n// 16. Delete the project\ncy.log('Step 16: Deleting project');\ncy.then(() => {\n  if (projectId) {\n    (0, _project.deleteProject)(projectId);\n  }\n});\n// 17. Open Settings menu and Logout\ncy.log('Step 17: Opening settings and logging out');\n(0, _settings.openSettingsMenu)();\n(0, _login.logout)();",
              "err": {},
              "uuid": "2eb9b328-cbff-471e-a0bf-38779af52fea",
              "parentUUID": "0c1be94d-2519-4fbd-829b-a8780a51dd13",
              "isHook": false,
              "skipped": false
            }
          ],
          "suites": [],
          "passes": [
            "2eb9b328-cbff-471e-a0bf-38779af52fea"
          ],
          "failures": [],
          "pending": [],
          "skipped": [],
          "duration": 94248,
          "root": false,
          "rootEmpty": false,
          "_timeout": 2000
        }
      ],
      "passes": [],
      "failures": [],
      "pending": [],
      "skipped": [],
      "duration": 0,
      "root": true,
      "rootEmpty": true,
      "_timeout": 2000
    },
    {
      "uuid": "8fdab768-ee5a-4064-b9b8-5303c16e2c1d",
      "title": "",
      "fullFile": "e2e\\suites\\12-chat-ask-feature.cy.js",
      "file": "e2e\\suites\\12-chat-ask-feature.cy.js",
      "beforeHooks": [],
      "afterHooks": [],
      "tests": [],
      "suites": [
        {
          "uuid": "9941da38-8dd6-43a8-ad3f-40ae09f61e4a",
          "title": "Ask Feature Flow",
          "fullFile": "",
          "file": "",
          "beforeHooks": [],
          "afterHooks": [],
          "tests": [
            {
              "title": "should upload audio, use Ask feature with Specific Details, verify response, delete project and logout",
              "fullTitle": "Ask Feature Flow should upload audio, use Ask feature with Specific Details, verify response, delete project and logout",
              "timedOut": null,
              "duration": 117246,
              "state": "passed",
              "speed": "slow",
              "pass": true,
              "fail": false,
              "pending": false,
              "context": null,
              "code": "// 1. Create new project\ncy.log('Step 1: Creating new project');\n(0, _project.createProject)();\n// Capture project ID for deletion\ncy.url().then(url => {\n  const parts = url.split('/');\n  const projectIndex = parts.indexOf('projects');\n  if (projectIndex !== -1 && parts[projectIndex + 1]) {\n    projectId = parts[projectIndex + 1];\n    cy.log('Captured Project ID:', projectId);\n  }\n});\n// 2. Open Upload Conversation modal\ncy.log('Step 2: Opening upload modal');\n(0, _conversation.openUploadModal)();\ncy.wait(5000);\n// 3. Upload the audio file from cypress assets\ncy.log('Step 3: Uploading audio file');\n(0, _conversation.uploadAudioFile)('assets/videoplayback.mp3');\n// 4. Click Upload Files button to start the upload\ncy.log('Step 4: Clicking Upload Files button');\n(0, _conversation.clickUploadFilesButton)();\n// 5. Wait 15 seconds for processing\ncy.log('Step 5: Waiting 15 seconds for file processing');\ncy.wait(15000);\n// 6. Close the upload modal\ncy.log('Step 6: Closing upload modal');\n(0, _conversation.closeUploadModal)();\n// 7. Use Ask feature with context selection\ncy.log('Step 7: Using Ask feature with context');\n(0, _chat.askWithContext)('hello');\n// 8. Navigate to Project Overview\ncy.log('Step 8: Navigating to Project Overview');\n(0, _conversation.navigateToProjectOverview)();\n// 9. Delete the project\ncy.log('Step 9: Deleting project');\ncy.then(() => {\n  (0, _project.deleteProject)(projectId);\n});\n// 10. Open Settings menu and Logout\ncy.log('Step 10: Opening settings and logging out');\n(0, _settings.openSettingsMenu)();\n(0, _login.logout)();",
              "err": {},
              "uuid": "1a0a81bf-3662-4d14-ba76-9c49a7565d43",
              "parentUUID": "9941da38-8dd6-43a8-ad3f-40ae09f61e4a",
              "isHook": false,
              "skipped": false
            }
          ],
          "suites": [],
          "passes": [
            "1a0a81bf-3662-4d14-ba76-9c49a7565d43"
          ],
          "failures": [],
          "pending": [],
          "skipped": [],
          "duration": 117246,
          "root": false,
          "rootEmpty": false,
          "_timeout": 2000
        }
      ],
      "passes": [],
      "failures": [],
      "pending": [],
      "skipped": [],
      "duration": 0,
      "root": true,
      "rootEmpty": true,
      "_timeout": 2000
    },
    {
      "uuid": "22c2e381-2806-4644-9069-1358c6bfa0ac",
      "title": "",
      "fullFile": "e2e\\suites\\13-chat-ask-no-context.cy.js",
      "file": "e2e\\suites\\13-chat-ask-no-context.cy.js",
      "beforeHooks": [],
      "afterHooks": [],
      "tests": [],
      "suites": [
        {
          "uuid": "3777b3c8-13b8-4cd5-aaca-dd09a72c0fd0",
          "title": "Ask Feature Flow (No Context Selection)",
          "fullFile": "",
          "file": "",
          "beforeHooks": [],
          "afterHooks": [],
          "tests": [
            {
              "title": "should upload audio, use Ask feature without selecting context, verify response, delete project and logout",
              "fullTitle": "Ask Feature Flow (No Context Selection) should upload audio, use Ask feature without selecting context, verify response, delete project and logout",
              "timedOut": null,
              "duration": 127986,
              "state": "passed",
              "speed": "slow",
              "pass": true,
              "fail": false,
              "pending": false,
              "context": null,
              "code": "// 1. Create new project\ncy.log('Step 1: Creating new project');\n(0, _project.createProject)();\n// Capture project ID for deletion\ncy.url().then(url => {\n  const parts = url.split('/');\n  const projectIndex = parts.indexOf('projects');\n  if (projectIndex !== -1 && parts[projectIndex + 1]) {\n    projectId = parts[projectIndex + 1];\n    cy.log('Captured Project ID:', projectId);\n  }\n});\n// 2. Open Upload Conversation modal\ncy.log('Step 2: Opening upload modal');\n(0, _conversation.openUploadModal)();\n// 3. Upload the audio file from cypress assets\ncy.log('Step 3: Uploading audio file');\n(0, _conversation.uploadAudioFile)('assets/videoplayback.mp3');\n// 4. Click Upload Files button to start the upload\ncy.log('Step 4: Clicking Upload Files button');\n(0, _conversation.clickUploadFilesButton)();\n// 5. Wait 15 seconds for processing\ncy.log('Step 5: Waiting 15 seconds for file processing');\ncy.wait(15000);\n// 6. Close the upload modal\ncy.log('Step 6: Closing upload modal');\n(0, _conversation.closeUploadModal)();\n// 7. Use Ask feature without context selection\ncy.log('Step 7: Using Ask feature without context');\n(0, _chat.askWithoutContext)('hello');\n// 8. Navigate to Project Overview\ncy.log('Step 8: Navigating to Project Overview');\n(0, _conversation.navigateToProjectOverview)();\n// 9. Delete the project\ncy.log('Step 9: Deleting project');\ncy.then(() => {\n  (0, _project.deleteProject)(projectId);\n});\n// 10. Open Settings menu and Logout\ncy.log('Step 10: Opening settings and logging out');\n(0, _settings.openSettingsMenu)();\n(0, _login.logout)();",
              "err": {},
              "uuid": "1a113419-a443-46c9-8be9-dadcfffe5a3a",
              "parentUUID": "3777b3c8-13b8-4cd5-aaca-dd09a72c0fd0",
              "isHook": false,
              "skipped": false
            }
          ],
          "suites": [],
          "passes": [
            "1a113419-a443-46c9-8be9-dadcfffe5a3a"
          ],
          "failures": [],
          "pending": [],
          "skipped": [],
          "duration": 127986,
          "root": false,
          "rootEmpty": false,
          "_timeout": 2000
        }
      ],
      "passes": [],
      "failures": [],
      "pending": [],
      "skipped": [],
      "duration": 0,
      "root": true,
      "rootEmpty": true,
      "_timeout": 2000
    },
    {
      "uuid": "22ae85d7-672d-4dc2-ae10-7ab8c0a1c0ba",
      "title": "",
      "fullFile": "e2e\\suites\\14-participant-audio-flow.cy.js",
      "file": "e2e\\suites\\14-participant-audio-flow.cy.js",
      "beforeHooks": [],
      "afterHooks": [],
      "tests": [],
      "suites": [
        {
          "uuid": "d0f62b89-a5bd-480f-8ee3-71f2ce7bcce2",
          "title": "Participant Audio Recording Flow",
          "fullFile": "",
          "file": "",
          "beforeHooks": [],
          "afterHooks": [],
          "tests": [
            {
              "title": "creates a project for participant audio recording",
              "fullTitle": "Participant Audio Recording Flow creates a project for participant audio recording",
              "timedOut": null,
              "duration": 16376,
              "state": "passed",
              "speed": "slow",
              "pass": true,
              "fail": false,
              "pending": false,
              "context": null,
              "code": "registerExceptionHandling();\n(0, _login.loginToApp)();\ncy.log('Step 1: Creating new project');\n(0, _project.createProject)();\ncy.url().then(url => {\n  const parts = url.split('/');\n  const projectIndex = parts.indexOf('projects');\n  if (projectIndex !== -1 && parts[projectIndex + 1]) {\n    projectId = parts[projectIndex + 1];\n    Cypress.env('participantAudioProjectId', projectId);\n    cy.log('Captured Project ID:', projectId);\n  }\n});\nresolveProjectId();\n// Keep the session intact for the remaining flow parts.",
              "err": {},
              "uuid": "bd531bfe-fbce-41c9-8532-10dfe93efeb4",
              "parentUUID": "d0f62b89-a5bd-480f-8ee3-71f2ce7bcce2",
              "isHook": false,
              "skipped": false
            },
            {
              "title": "records audio in the participant portal",
              "fullTitle": "Participant Audio Recording Flow records audio in the participant portal",
              "timedOut": null,
              "duration": 86705,
              "state": "passed",
              "speed": "slow",
              "pass": true,
              "fail": false,
              "pending": false,
              "context": null,
              "code": "registerExceptionHandling();\nresolveProjectId().then(() => {\n  cy.log('Step 2: Opening participant portal');\n  // Use WAV for stable chunk sizing across browsers\n  cy.readFile('fixtures/test-audio.wav', 'base64').then(audioBase64 => {\n    (0, _participant.installParticipantAudioStubs)({\n      audioBase64,\n      audioMimeType: 'audio/wav'\n    });\n    cy.visit(getPortalUrl());\n  });\n});\n(0, _participant.agreeToPrivacyPolicy)();\n(0, _participant.reapplyParticipantAudioStubs)();\n(0, _participant.primeMicrophoneAccess)();\ncy.log('Step 4: Microphone check');\ncy.wait(3000);\n(0, _participant.handleMicrophoneAccessDenied)();\ncy.get('[data-testid=\"portal-onboarding-mic-skip-button\"]').should('be.visible');\ncy.get('body').then($body => {\n  const selector = $body.find('[role=\"combobox\"], select');\n  if (selector.length > 0) {\n    cy.log('Microphone selector present');\n  } else {\n    cy.log('No microphone selector found - using default device');\n  }\n});\ncy.wait(2000);\n(0, _participant.reapplyParticipantAudioStubs)();\nconst allowSkip = Cypress.browser && Cypress.browser.name === 'webkit';\n(0, _participant.continueMicrophoneCheck)({\n  allowSkip\n});\n(0, _participant.enterSessionName)(sessionName);\n(0, _participant.reapplyParticipantAudioStubs)();\ncy.log('Step 6: Start Recording');\n(0, _participant.handleMicrophoneAccessDenied)();\n(0, _participant.prepareForRecording)();\n(0, _participant.reapplyParticipantAudioStubs)();\n(0, _participant.startRecording)();\n(0, _participant.retryRecordingIfAccessDenied)();\n// Wait for Stop button or handle interruption\ncy.get('body', {\n  timeout: 30000\n}).then($body => {\n  if ($body.find('[data-testid=\"portal-audio-stop-button\"]:visible').length > 0) {\n    cy.log('Stop button visible - recording started successfully');\n  } else if ($body.find('[data-testid=\"portal-audio-interruption-reconnect-button\"]:visible').length > 0) {\n    cy.log('Recording interrupted - reconnecting');\n    (0, _participant.handleRecordingInterruption)();\n  }\n});\ncy.log('Recording for 60 seconds...');\ncy.wait(60000);\n// Check for interruption after waiting\n(0, _participant.handleRecordingInterruption)();\n(0, _participant.stopRecording)();\n(0, _participant.finishRecordingFromModal)();\n(0, _participant.confirmFinishConversation)();\ncy.wait(2000);",
              "err": {},
              "uuid": "86e820fa-a5ae-4616-9964-500a6818b3fb",
              "parentUUID": "d0f62b89-a5bd-480f-8ee3-71f2ce7bcce2",
              "isHook": false,
              "skipped": false
            },
            {
              "title": "verifies transcription and cleans up",
              "fullTitle": "Participant Audio Recording Flow verifies transcription and cleans up",
              "timedOut": null,
              "duration": 53887,
              "state": "passed",
              "speed": "slow",
              "pass": true,
              "fail": false,
              "pending": false,
              "context": null,
              "code": "registerExceptionHandling();\n(0, _login.loginToApp)();\nresolveProjectId().then(() => {\n  cy.visit(`${dashboardBaseUrl}/${portalLocale}/projects/${projectId}/overview`);\n});\ncy.wait(5000);\n(0, _conversation.selectConversation)(sessionName);\ncy.log('Waiting for transcript processing...');\ncy.wait(15000);\n(0, _conversation.clickTranscriptTab)();\ncy.xpath('//div[contains(@class, \"mantine-Paper-root\")]//div[contains(@style, \"flex\")]//div/p[contains(@class, \"mantine-Text-root\")]').should('have.length.gt', 0).then($els => {\n  const text = $els.text();\n  cy.log('Transcribed text:', text);\n  expect(text).to.not.be.empty;\n});\n(0, _conversation.navigateToProjectOverview)();\ncy.then(() => {\n  (0, _project.deleteProject)(projectId);\n});\n(0, _settings.openSettingsMenu)();\n(0, _login.logout)();",
              "err": {},
              "uuid": "44f36fad-1afa-456e-a6db-41212a9aac96",
              "parentUUID": "d0f62b89-a5bd-480f-8ee3-71f2ce7bcce2",
              "isHook": false,
              "skipped": false
            }
          ],
          "suites": [],
          "passes": [
            "bd531bfe-fbce-41c9-8532-10dfe93efeb4",
            "86e820fa-a5ae-4616-9964-500a6818b3fb",
            "44f36fad-1afa-456e-a6db-41212a9aac96"
          ],
          "failures": [],
          "pending": [],
          "skipped": [],
          "duration": 156968,
          "root": false,
          "rootEmpty": false,
          "_timeout": 2000
        }
      ],
      "passes": [],
      "failures": [],
      "pending": [],
      "skipped": [],
      "duration": 0,
      "root": true,
      "rootEmpty": true,
      "_timeout": 2000
    },
    {
      "uuid": "c2d15d60-ec81-4faf-bf5f-c4e529a1db8a",
      "title": "",
      "fullFile": "e2e\\suites\\15-change-conversation-name.cy.js",
      "file": "e2e\\suites\\15-change-conversation-name.cy.js",
      "beforeHooks": [],
      "afterHooks": [],
      "tests": [],
      "suites": [
        {
          "uuid": "9d37eb9c-3e1c-4686-bd29-da8960042f23",
          "title": "Change Conversation Name Flow",
          "fullFile": "",
          "file": "",
          "beforeHooks": [],
          "afterHooks": [],
          "tests": [
            {
              "title": "should upload audio, change conversation name, verify in list, delete project, and logout",
              "fullTitle": "Change Conversation Name Flow should upload audio, change conversation name, verify in list, delete project, and logout",
              "timedOut": null,
              "duration": 72487,
              "state": "passed",
              "speed": "slow",
              "pass": true,
              "fail": false,
              "pending": false,
              "context": null,
              "code": "// 1. Create new project\ncy.log('Step 1: Creating new project');\n(0, _project.createProject)();\n// Capture project ID for deletion\ncy.url().then(url => {\n  const parts = url.split('/');\n  const projectIndex = parts.indexOf('projects');\n  if (projectIndex !== -1 && parts[projectIndex + 1]) {\n    projectId = parts[projectIndex + 1];\n    cy.log('Captured Project ID:', projectId);\n  }\n});\n// 2. Open Upload Conversation modal\ncy.log('Step 2: Opening upload modal');\n(0, _conversation.openUploadModal)();\n// 3. Upload the audio file from cypress assets\ncy.log('Step 3: Uploading audio file');\n(0, _conversation.uploadAudioFile)('assets/videoplayback.mp3');\n// 4. Click Upload Files button to start the upload\ncy.log('Step 4: Clicking Upload Files button');\n(0, _conversation.clickUploadFilesButton)();\n// 5. Wait 15 seconds for processing\ncy.log('Step 5: Waiting 15 seconds for file processing');\ncy.wait(15000);\n// 6. Close the upload modal\ncy.log('Step 6: Closing upload modal');\n(0, _conversation.closeUploadModal)();\n// 7. Click on the uploaded conversation in the list\ncy.log('Step 7: Selecting uploaded conversation');\n(0, _conversation.selectConversation)('videoplayback.mp3');\n// 8. Update conversation name using the random name\ncy.log('Step 8: Updating conversation name');\n(0, _conversation.updateConversationName)(randomName);\n// 9. Wait 10 seconds for auto-save\ncy.log('Step 9: Waiting 10 seconds for auto-save');\ncy.wait(10000);\n// 10. Verify name in the input field\ncy.log('Step 10: Verifying updated name in input');\n(0, _conversation.verifyConversationName)(randomName);\n// 11. Navigate back to project overview via breadcrumb\ncy.log('Step 11: Navigating to Project Overview');\n(0, _conversation.navigateToProjectOverview)();\n// 12. Verify the updated name appears in the list\ncy.log('Step 12: Verifying updated name in conversation list');\n(0, _conversation.verifyConversationInList)(randomName);\n// 13. Delete the project (includes clicking Project Settings tab)\ncy.log('Step 13: Deleting project');\ncy.then(() => {\n  if (projectId) {\n    (0, _project.deleteProject)(projectId);\n  }\n});\n// 14. Open Settings menu and Logout\ncy.log('Step 14: Opening settings and logging out');\n(0, _settings.openSettingsMenu)();\n(0, _login.logout)();",
              "err": {},
              "uuid": "edfe5985-64ee-4a3a-9177-8dc507ac1dcc",
              "parentUUID": "9d37eb9c-3e1c-4686-bd29-da8960042f23",
              "isHook": false,
              "skipped": false
            }
          ],
          "suites": [],
          "passes": [
            "edfe5985-64ee-4a3a-9177-8dc507ac1dcc"
          ],
          "failures": [],
          "pending": [],
          "skipped": [],
          "duration": 72487,
          "root": false,
          "rootEmpty": false,
          "_timeout": 2000
        }
      ],
      "passes": [],
      "failures": [],
      "pending": [],
      "skipped": [],
      "duration": 0,
      "root": true,
      "rootEmpty": true,
      "_timeout": 2000
    },
    {
      "uuid": "306af50e-fe52-4da9-bf01-390be7f049d9",
      "title": "",
      "fullFile": "e2e\\suites\\16-project-tags-conversation-flow.cy.js",
      "file": "e2e\\suites\\16-project-tags-conversation-flow.cy.js",
      "beforeHooks": [],
      "afterHooks": [],
      "tests": [],
      "suites": [
        {
          "uuid": "ad3a4c1e-72cf-4c17-a4d5-936fc021e309",
          "title": "Project Tags & Conversation Flow",
          "fullFile": "",
          "file": "",
          "beforeHooks": [],
          "afterHooks": [],
          "tests": [
            {
              "title": "should create project with tags, upload audio, and verify tags in conversation",
              "fullTitle": "Project Tags & Conversation Flow should create project with tags, upload audio, and verify tags in conversation",
              "timedOut": null,
              "duration": 74393,
              "state": "passed",
              "speed": "slow",
              "pass": true,
              "fail": false,
              "pending": false,
              "context": null,
              "code": "// 1. Create new project\ncy.log('Step 1: Creating new project');\n(0, _project.createProject)();\n// Capture project ID\ncy.url().then(url => {\n  const parts = url.split('/');\n  const projectIndex = parts.indexOf('projects');\n  if (projectIndex !== -1 && parts[projectIndex + 1]) {\n    projectId = parts[projectIndex + 1];\n    cy.log('Captured Project ID:', projectId);\n  }\n});\n// 2. Add Tags in Portal Editor\ncy.log('Step 2: Adding tags in Portal Editor');\n(0, _portal.openPortalEditor)();\n(0, _portal.addTag)(tag1);\n(0, _portal.addTag)(tag2);\n// Return to Project Overview to upload file\ncy.log('Step 3: Returning to Project Overview');\n(0, _conversation.navigateToProjectOverview)();\n// 3. Upload Conversation (Manual Flow)\ncy.log('Step 4: Uploading audio file');\n(0, _conversation.openUploadModal)();\n(0, _conversation.uploadAudioFile)('assets/videoplayback.mp3');\n(0, _conversation.clickUploadFilesButton)();\n// Wait for processing\ncy.log('Step 5: Waiting 15 seconds for file processing');\ncy.wait(15000);\n(0, _conversation.closeUploadModal)();\n// 4. Select Conversation & Verify Tags\ncy.log('Step 6: Selecting uploaded conversation');\n(0, _conversation.selectConversation)('videoplayback.mp3');\n// Verify tags input and select tags\ncy.log('Step 7: Selecting and verifying tags');\n(0, _conversation.selectConversationTags)([tag1, tag2]);\n// Verify they are shown as selected\ncy.log('Step 8: Verifying selected tags visibility');\n(0, _conversation.verifySelectedTags)([tag1, tag2]);\n// 5. Cleanup\ncy.log('Step 9: Cleanup - Deleting Project');\n(0, _conversation.navigateToProjectOverview)();\ncy.then(() => {\n  if (projectId) {\n    (0, _project.deleteProject)(projectId);\n  }\n});\n// Logout\ncy.log('Step 10: Logging out');\n(0, _settings.openSettingsMenu)();\n(0, _login.logout)();",
              "err": {},
              "uuid": "d464b5a5-b0dc-4b70-a8d1-a96dd6310364",
              "parentUUID": "ad3a4c1e-72cf-4c17-a4d5-936fc021e309",
              "isHook": false,
              "skipped": false
            }
          ],
          "suites": [],
          "passes": [
            "d464b5a5-b0dc-4b70-a8d1-a96dd6310364"
          ],
          "failures": [],
          "pending": [],
          "skipped": [],
          "duration": 74393,
          "root": false,
          "rootEmpty": false,
          "_timeout": 2000
        }
      ],
      "passes": [],
      "failures": [],
      "pending": [],
      "skipped": [],
      "duration": 0,
      "root": true,
      "rootEmpty": true,
      "_timeout": 2000
    },
    {
      "uuid": "878000a7-39ce-4f88-a018-3086cd74e6ac",
      "title": "",
      "fullFile": "e2e\\suites\\17-make-it-concrete-flow.cy.js",
      "file": "e2e\\suites\\17-make-it-concrete-flow.cy.js",
      "beforeHooks": [],
      "afterHooks": [],
      "tests": [],
      "suites": [
        {
          "uuid": "f27dd2e5-a283-4cf7-b4af-ba971a104158",
          "title": "Make it Concrete Flow",
          "fullFile": "",
          "file": "",
          "beforeHooks": [],
          "afterHooks": [],
          "tests": [
            {
              "title": "Step 1: Creates a project and enables Make it Concrete",
              "fullTitle": "Make it Concrete Flow Step 1: Creates a project and enables Make it Concrete",
              "timedOut": null,
              "duration": 17990,
              "state": "passed",
              "speed": "slow",
              "pass": true,
              "fail": false,
              "pending": false,
              "context": null,
              "code": "registerExceptionHandling();\n(0, _login.loginToApp)();\ncy.log('Creating new project');\n(0, _project.createProject)();\ncy.url().then(url => {\n  const parts = url.split('/');\n  const projectIndex = parts.indexOf('projects');\n  if (projectIndex !== -1 && parts[projectIndex + 1]) {\n    projectId = parts[projectIndex + 1];\n    Cypress.env('participantConcreteProjectId', projectId);\n    cy.log('Captured Project ID:', projectId);\n  }\n});\nresolveProjectId();\ncy.log('Enabling Make it concrete in Portal Editor');\n(0, _portal.openPortalEditor)();\n(0, _portal.toggleMakeItConcrete)(true);\n// toggleOpenForParticipation(true);",
              "err": {},
              "uuid": "98c688e8-3512-4656-8b28-97fec2d61c89",
              "parentUUID": "f27dd2e5-a283-4cf7-b4af-ba971a104158",
              "isHook": false,
              "skipped": false
            },
            {
              "title": "Step 2: Participant records audio and uses Make it Concrete",
              "fullTitle": "Make it Concrete Flow Step 2: Participant records audio and uses Make it Concrete",
              "timedOut": null,
              "duration": 158785,
              "state": "passed",
              "speed": "slow",
              "pass": true,
              "fail": false,
              "pending": false,
              "context": null,
              "code": "registerExceptionHandling();\nresolveProjectId().then(() => {\n  cy.log('Opening participant portal');\n  // Use local fixtures path pattern or 'fixtures/...' depending on setup. \n  // Test 14 uses 'fixtures/test-audio.wav'.\n  cy.readFile('fixtures/test-audio.wav', 'base64').then(audioBase64 => {\n    (0, _participant.installParticipantAudioStubs)({\n      audioBase64,\n      audioMimeType: 'audio/wav'\n    });\n    cy.visit(getPortalUrl());\n  });\n});\n// Exact flow from Test 14\n(0, _participant.agreeToPrivacyPolicy)();\n(0, _participant.reapplyParticipantAudioStubs)();\n(0, _participant.primeMicrophoneAccess)();\ncy.log('Microphone check');\ncy.wait(3000);\n(0, _participant.handleMicrophoneAccessDenied)();\n// Check for 'Skip' availability logic from Test 14 (simplified for this flow, but good to have)\ncy.get('[data-testid=\"portal-onboarding-mic-skip-button\"]').should('be.visible');\ncy.wait(2000);\n(0, _participant.reapplyParticipantAudioStubs)();\nconst allowSkip = Cypress.browser && Cypress.browser.name === 'webkit';\n(0, _participant.continueMicrophoneCheck)({\n  allowSkip\n});\n(0, _participant.enterSessionName)(sessionName);\n(0, _participant.reapplyParticipantAudioStubs)();\ncy.log('Start Recording Flow');\n(0, _participant.handleMicrophoneAccessDenied)();\n(0, _participant.prepareForRecording)();\n(0, _participant.reapplyParticipantAudioStubs)();\n(0, _participant.startRecording)();\n(0, _participant.retryRecordingIfAccessDenied)();\n// Wait for Stop button or handle interruption logic from Test 14\ncy.get('body', {\n  timeout: 30000\n}).then($body => {\n  if ($body.find('[data-testid=\"portal-audio-stop-button\"]:visible').length > 0) {\n    cy.log('Stop button visible - recording started successfully');\n  } else if ($body.find('[data-testid=\"portal-audio-interruption-reconnect-button\"]:visible').length > 0) {\n    cy.log('Recording interrupted - reconnecting');\n    (0, _participant.handleRecordingInterruption)();\n  }\n});\n// Record for 60+ seconds as required for Refine button\ncy.log('Recording for 65 seconds to enable Refine...');\ncy.wait(67000);\n// Note: We do NOT finishRecordingFromModal() here because we want to use Refine -> Make it Concrete\n// Verify Refine/Echo button is visible\ncy.log('Refine -> Make it concrete');\n// We might need to wait a moment for the post-recording options to appear\ncy.wait(2000);\n(0, _participant.clickEchoButton)();\ncy.wait(2000);\n(0, _participant.selectMakeItConcrete)();\n// Select Topic & Next\ncy.log('Selecting Topic');\n(0, _participant.selectVerifyTopic)('agreements'); // \"What we actually agreed on\"\n(0, _participant.proceedFromTopicSelection)();\n// Wait for submission/processing\ncy.wait(40000);\n(0, _participant.proceedFromInstructions)();\ncy.wait(20000);\n(0, _participant.approveArtefact)();\ncy.wait(1000);\n// Verify the concrete object is created and visible\ncy.get('[data-testid=\"portal-verified-artefact-item-0\"]').should('be.visible').and('contain', 'What we actually agreed on');\n(0, _participant.stopRecording)();\ncy.wait(1000);\n(0, _participant.finishRecordingFromModal)();\n(0, _participant.confirmFinishConversation)();\ncy.wait(2000);",
              "err": {},
              "uuid": "6d7b7068-d0fd-4c99-9c47-5231282be6e8",
              "parentUUID": "f27dd2e5-a283-4cf7-b4af-ba971a104158",
              "isHook": false,
              "skipped": false
            },
            {
              "title": "Step 3: Dashboard verification and cleanup",
              "fullTitle": "Make it Concrete Flow Step 3: Dashboard verification and cleanup",
              "timedOut": null,
              "duration": 31734,
              "state": "passed",
              "speed": "slow",
              "pass": true,
              "fail": false,
              "pending": false,
              "context": null,
              "code": "registerExceptionHandling();\n(0, _login.loginToApp)();\nresolveProjectId().then(() => {\n  cy.visit(`${dashboardBaseUrl}/projects/${projectId}/overview`);\n});\n// Select the conversation (it should be the only one, or most recent)\n// Ensure we click the visible one (desktop view) to avoid clicking hidden mobile elements\ncy.get('[data-testid^=\"conversation-item-\"]').filter(':visible').first().click();\n// Verify Conversation Overview sections\ncy.log('Verifying Conversation Overview');\n// cy.contains('h2', 'Summary').should('be.visible');\n// cy.contains('h2', 'Artefacts').should('be.visible');\n// cy.contains('h2', 'Edit Conversation').should('be.visible');\n// Verify Concrete Artefact\ncy.log('Verifying concrete artefact presence');\ncy.get('[data-testid=\"conversation-artefacts-accordion\"]').scrollIntoView().should('be.visible').within(() => {\n  cy.contains('What we actually agreed on').should('be.visible');\n});\n// Cleanup\ncy.log('Cleanup - Deleting Project');\n(0, _conversation.navigateToProjectOverview)();\ncy.then(() => {\n  if (projectId) {\n    (0, _project.deleteProject)(projectId);\n  }\n});\n// Logout\n(0, _settings.openSettingsMenu)();\n(0, _login.logout)();",
              "err": {},
              "uuid": "73dd06d9-bc97-461f-a4f8-4fd454000edb",
              "parentUUID": "f27dd2e5-a283-4cf7-b4af-ba971a104158",
              "isHook": false,
              "skipped": false
            }
          ],
          "suites": [],
          "passes": [
            "98c688e8-3512-4656-8b28-97fec2d61c89",
            "6d7b7068-d0fd-4c99-9c47-5231282be6e8",
            "73dd06d9-bc97-461f-a4f8-4fd454000edb"
          ],
          "failures": [],
          "pending": [],
          "skipped": [],
          "duration": 208509,
          "root": false,
          "rootEmpty": false,
          "_timeout": 2000
        }
      ],
      "passes": [],
      "failures": [],
      "pending": [],
      "skipped": [],
      "duration": 0,
      "root": true,
      "rootEmpty": true,
      "_timeout": 2000
    },
    {
      "uuid": "121888e7-678e-4a1f-b722-6cfa195ea55b",
      "title": "",
      "fullFile": "e2e\\suites\\18-go-deeper-flow.cy.js",
      "file": "e2e\\suites\\18-go-deeper-flow.cy.js",
      "beforeHooks": [],
      "afterHooks": [],
      "tests": [],
      "suites": [
        {
          "uuid": "a91bf808-ea9a-4827-8ce4-d04099ba3f67",
          "title": "Go Deeper Checking Flow",
          "fullFile": "",
          "file": "",
          "beforeHooks": [],
          "afterHooks": [],
          "tests": [
            {
              "title": "Step 1: Creates a project and enables Make it Concrete",
              "fullTitle": "Go Deeper Checking Flow Step 1: Creates a project and enables Make it Concrete",
              "timedOut": null,
              "duration": 19049,
              "state": "passed",
              "speed": "slow",
              "pass": true,
              "fail": false,
              "pending": false,
              "context": null,
              "code": "registerExceptionHandling();\n(0, _login.loginToApp)();\ncy.log('Creating new project');\n(0, _project.createProject)();\ncy.url().then(url => {\n  const parts = url.split('/');\n  const projectIndex = parts.indexOf('projects');\n  if (projectIndex !== -1 && parts[projectIndex + 1]) {\n    projectId = parts[projectIndex + 1];\n    Cypress.env('participantConcreteProjectId', projectId);\n    cy.log('Captured Project ID:', projectId);\n  }\n});\nresolveProjectId();\ncy.log('Enabling Make it concrete in Portal Editor');\n(0, _portal.openPortalEditor)();\n(0, _portal.toggleGoDeeper)(true);\n(0, _portal.toggleMakeItConcrete)(true);\n// toggleOpenForParticipation(true);",
              "err": {},
              "uuid": "d97b904a-90af-4710-a7b9-30623e527379",
              "parentUUID": "a91bf808-ea9a-4827-8ce4-d04099ba3f67",
              "isHook": false,
              "skipped": false
            },
            {
              "title": "Step 2: Participant records audio and uses Make it Concrete",
              "fullTitle": "Go Deeper Checking Flow Step 2: Participant records audio and uses Make it Concrete",
              "timedOut": null,
              "duration": 139389,
              "state": "passed",
              "speed": "slow",
              "pass": true,
              "fail": false,
              "pending": false,
              "context": null,
[...]
      "file": "e2e\\suites\\33-test-participant-portal-changes.cy.js",
      "beforeHooks": [],
      "afterHooks": [],
      "tests": [],
      "suites": [
        {
          "uuid": "429f6ad5-e6f0-4858-9dfb-14de737aea4f",
          "title": "Project Create, Edit, and Delete Flow",
          "fullFile": "",
          "file": "",
          "beforeHooks": [],
          "afterHooks": [],
          "tests": [
            {
              "title": "Part 1: Admin Setup - Create Project and Configure Portal",
              "fullTitle": "Project Create, Edit, and Delete Flow Part 1: Admin Setup - Create Project and Configure Portal",
              "timedOut": null,
              "duration": 54285,
              "state": "passed",
              "speed": "slow",
              "pass": true,
              "fail": false,
              "pending": false,
              "context": null,
              "code": "registerExceptionHandling();\n(0, _login.loginToApp)();\nconst uniqueId = Cypress._.random(0, 10000);\nconst newProjectName = `New Project_${uniqueId}`;\nconst portalTitle = `Title_${uniqueId}`;\nconst portalContent = `Content_${uniqueId}`;\nconst thankYouContent = `ThankYou_${uniqueId}`;\nconst tagName = `Tag_${uniqueId}`;\nconst portalLanguage = 'it'; // Italian\n// 1. Create Project\n(0, _project.createProject)();\ncy.location('pathname').then(pathname => {\n  const pathSegments = pathname.split('/').filter(Boolean);\n  const projectIndex = pathSegments.indexOf('projects');\n  if (projectIndex !== -1 && pathSegments[projectIndex + 1]) {\n    const createdProjectId = pathSegments[projectIndex + 1];\n    const localeSegment = pathSegments[projectIndex - 1];\n    if (localeSegment && localeSegmentPattern.test(localeSegment)) {\n      locale = localeSegment;\n    }\n    cy.log(`Working with Project ID: ${createdProjectId}`);\n    // Save to env for subsequent tests\n    projectId = createdProjectId;\n    Cypress.env(projectIdEnvKey, createdProjectId);\n    Cypress.env(localeEnvKey, locale);\n    Cypress.env(tagEnvKey, tagName);\n    Cypress.env(thankYouEnvKey, thankYouContent);\n    Cypress.env('portalLanguage', portalLanguage); // Save language too\n    // 2. Edit Project Name\n    (0, _project.updateProjectName)(newProjectName);\n    // 3. Edit Portal Settings\n    (0, _portal.openPortalEditor)();\n    (0, _portal.toggleAskForName)(true);\n    (0, _portal.toggleAskForEmail)(true);\n    (0, _portal.selectTutorial)('Basic');\n    (0, _portal.addTag)(tagName);\n    (0, _portal.updatePortalContent)(portalTitle, portalContent, thankYouContent);\n    // 4. Return to Home and Verify Name in List\n    (0, _project.navigateToHome)();\n    cy.wait(2000); // Wait for list reload\n    // Check if the project list contains the new name\n    cy.get('main').within(() => {\n      cy.get(`a[href*=\"${createdProjectId}\"]`).first().should('contain.text', newProjectName);\n    });\n    // 5. Enter Project and Verify Changes\n    cy.get('main').within(() => {\n      cy.get(`a[href*=\"${createdProjectId}\"]`).first().click();\n    });\n    cy.wait(3000); // Wait for dashboard load\n    // Check Name on Dashboard\n    cy.get('[data-testid=\"project-breadcrumb-name\"]').should('contain.text', newProjectName);\n    clickVisibleCopyLinkButton();\n    // Wait for copy action\n    cy.wait(1000);\n    // Store participant URL from clipboard with fallback.\n    cy.window().then(win => {\n      if (win.navigator.clipboard && typeof win.navigator.clipboard.readText === 'function') {\n        return win.navigator.clipboard.readText().catch(() => '');\n      }\n      return '';\n    }).then(copiedText => {\n      const fallbackLink = `${portalBaseUrl}/${locale}/${createdProjectId}/start`;\n      const participantUrl = copiedText && copiedText.trim().length > 0 ? copiedText.trim() : fallbackLink;\n      cy.log(`Participant URL: ${participantUrl}`);\n      Cypress.env(participantLinkEnvKey, participantUrl);\n    });\n  }\n});\n// Logout to ensure clean state for Part 3\n(0, _settings.openSettingsMenu)();\n(0, _login.logout)();",
              "err": {},
              "uuid": "f3d8a252-542e-4378-9fb0-902178efc95c",
              "parentUUID": "429f6ad5-e6f0-4858-9dfb-14de737aea4f",
              "isHook": false,
              "skipped": false
            },
            {
              "title": "Part 2: Participant Flow - Text Typing (Public URL)",
              "fullTitle": "Project Create, Edit, and Delete Flow Part 2: Participant Flow - Text Typing (Public URL)",
              "timedOut": null,
              "duration": 30734,
              "state": "failed",
              "speed": null,
              "pass": false,
              "fail": true,
              "pending": false,
              "context": null,
              "code": "// Retrieve env vars\nconst tagName = Cypress.env(tagEnvKey);\nconst thankYouContent = Cypress.env(thankYouEnvKey);\nconst sessionName = `Session_${Cypress._.random(0, 10000)}`;\nregisterExceptionHandling();\nresolveParticipantUrl().then(link => {\n  cy.log(`Opening participant portal: ${link}`);\n  cy.visit(link);\n});\n(0, _participant.clickThroughOnboardingUntilCheckbox)();\n(0, _participant.agreeToPrivacyPolicy)();\n(0, _participant.clickThroughOnboardingUntilMicrophone)();\ncy.log('Step 4: Microphone check (skipping for text mode)');\n// Skip microphone check if present\ncy.get('body').then($body => {\n  if ($body.find('[data-testid=\"portal-onboarding-mic-skip-button\"]').length > 0) {\n    cy.get('[data-testid=\"portal-onboarding-mic-skip-button\"]').first().should('be.visible').click({\n      force: true\n    });\n  }\n});\n// Wait for name input\n(0, _participant.typeSessionName)(sessionName);\n// Tag selection\nif (tagName) {\n  (0, _participant.verifyAndSelectTag)(tagName);\n} else {\n  cy.log('Tag name not found in env, selecting first available tag');\n  (0, _participant.verifyAndSelectTag)();\n}\n(0, _participant.submitSessionForm)();\ncy.log('Step 6: Switch to Text Mode');\n(0, _participant.switchToTextMode)();\ncy.log('Step 7: Type and Submit Text');\nconst textContent = 'This is a test response typed into the participant portal.';\n(0, _participant.typePortalText)(textContent);\n(0, _participant.submitText)();\ncy.log('Step 8: Finish Conversation');\n(0, _participant.finishTextMode)();\n(0, _participant.confirmFinishText)();\ncy.wait(2000);\ncy.log('Step 9: Verify Thank You Content');\nif (thankYouContent) {\n  cy.get('[data-testid=\"portal-finish-custom-message\"]').contains(thankYouContent).should('be.visible');\n} else {\n  cy.log('Thank you content not found in env, skipping verification');\n}\ncy.log('Step 10: Email Notification');\ncy.get('body').then($body => {\n  if ($body.find('[data-testid=\"portal-finish-email-input\"]').length > 0) {\n    (0, _participant.enterNotificationEmail)('test@example.com');\n    (0, _participant.submitEmailNotification)();\n    cy.wait(2000);\n  } else {\n    cy.log('Email input not found, skipping email notification');\n  }\n});",
              "err": {
                "message": "AssertionError: Timed out retrying after 10000ms: expected '<button.mantine-focus-auto.mantine-active._root_1xlfv_8.mt-4.m_77c9d27d.mantine-Button-root.m_87cf2631.mantine-UnstyledButton-root>' to be 'visible'\n\nThis element `<button.mantine-focus-auto.mantine-active._root_1xlfv_8.mt-4.m_77c9d27d.mantine-Button-root.m_87cf2631.mantine-UnstyledButton-root>` is not visible because its content is being clipped by one of its parent elements, which has a CSS property of overflow: `hidden`, `clip`, `scroll` or `auto`",
                "estack": "AssertionError: Timed out retrying after 10000ms: expected '<button.mantine-focus-auto.mantine-active._root_1xlfv_8.mt-4.m_77c9d27d.mantine-Button-root.m_87cf2631.mantine-UnstyledButton-root>' to be 'visible'\n\nThis element `<button.mantine-focus-auto.mantine-active._root_1xlfv_8.mt-4.m_77c9d27d.mantine-Button-root.m_87cf2631.mantine-UnstyledButton-root>` is not visible because its content is being clipped by one of its parent elements, which has a CSS property of overflow: `hidden`, `clip`, `scroll` or `auto`\n    at submitEmailNotification (webpack://cypress/./support/functions/participant/index.js:685:64)\n    at Context.eval (webpack://cypress/./e2e/suites/33-test-participant-portal-changes.cy.js:265:40)\n    at getRet (https://portal.echo-next.dembrane.com/__cypress/runner/cypress_runner.js:122690:20)\n    at tryCatcher (https://portal.echo-next.dembrane.com/__cypress/runner/cypress_runner.js:1777:23)\n    at Promise.attempt.Promise.try (https://portal.echo-next.dembrane.com/__cypress/runner/cypress_runner.js:4285:29)\n    at Context.thenFn (https://portal.echo-next.dembrane.com/__cypress/runner/cypress_runner.js:122701:66)\n    at Context.then (https://portal.echo-next.dembrane.com/__cypress/runner/cypress_runner.js:122952:21)\n    at wrapped (https://portal.echo-next.dembrane.com/__cypress/runner/cypress_runner.js:146050:19)",
                "diff": null
              },
              "uuid": "35082d32-53f4-4c0f-8f4e-8a9ca11ce815",
              "parentUUID": "429f6ad5-e6f0-4858-9dfb-14de737aea4f",
              "isHook": false,
              "skipped": false
            },
            {
              "title": "deletes the project and logs out",
              "fullTitle": "Project Create, Edit, and Delete Flow deletes the project and logs out",
              "timedOut": null,
              "duration": 27785,
              "state": "passed",
              "speed": "slow",
              "pass": true,
              "fail": false,
              "pending": false,
              "context": null,
              "code": "registerExceptionHandling();\n(0, _login.loginToApp)();\nresolveProjectId().then(id => {\n  cy.visit(buildDashboardProjectUrl(id, 'overview'));\n  (0, _project.deleteProject)(id);\n  Cypress.env(projectIdEnvKey, null);\n  Cypress.env(localeEnvKey, null);\n  Cypress.env(participantLinkEnvKey, null);\n  Cypress.env(tagEnvKey, null);\n  Cypress.env(thankYouEnvKey, null);\n});\n(0, _settings.openSettingsMenu)();\n(0, _login.logout)();",
              "err": {},
              "uuid": "eb86268a-76e4-42d7-81b9-41ae7ed31ef1",
              "parentUUID": "429f6ad5-e6f0-4858-9dfb-14de737aea4f",
              "isHook": false,
              "skipped": false
            }
          ],
          "suites": [],
          "passes": [
            "f3d8a252-542e-4378-9fb0-902178efc95c",
            "eb86268a-76e4-42d7-81b9-41ae7ed31ef1"
          ],
          "failures": [
            "35082d32-53f4-4c0f-8f4e-8a9ca11ce815"
          ],
          "pending": [],
          "skipped": [],
          "duration": 112804,
          "root": false,
          "rootEmpty": false,
          "_timeout": 2000
        }
      ],
      "passes": [],
      "failures": [],
      "pending": [],
      "skipped": [],
      "duration": 0,
      "root": true,
      "rootEmpty": true,
      "_timeout": 2000
    },
    {
      "uuid": "4c3a02b8-2e0f-485a-baeb-fb0dce7bb2ba",
      "title": "",
      "fullFile": "e2e\\suites\\34-search-project-feature.cy.js",
      "file": "e2e\\suites\\34-search-project-feature.cy.js",
      "beforeHooks": [],
      "afterHooks": [],
      "tests": [],
      "suites": [
        {
          "uuid": "873d98b5-ba0a-4632-a453-3c8f6f374aba",
          "title": "Project Create, Edit, and Delete Flow",
          "fullFile": "",
          "file": "",
          "beforeHooks": [],
          "afterHooks": [],
          "tests": [
            {
              "title": "should create a project, edit its name and portal settings, verify changes, and delete it",
              "fullTitle": "Project Create, Edit, and Delete Flow should create a project, edit its name and portal settings, verify changes, and delete it",
              "timedOut": null,
              "duration": 54358,
              "state": "passed",
              "speed": "slow",
              "pass": true,
              "fail": false,
              "pending": false,
              "context": null,
              "code": "const uniqueId = Cypress._.random(0, 10000);\nconst newProjectName = `New Project_${uniqueId}`;\nconst portalTitle = `Title_${uniqueId}`;\nconst portalContent = `Content_${uniqueId}`;\nconst thankYouContent = `ThankYou_${uniqueId}`;\nconst tagName = `Tag_${uniqueId}`;\nconst portalLanguage = 'it'; // Italian\n// 1. Create Project\n(0, _project.createProject)();\nlet createdProjectId;\ncy.url().then(url => {\n  const parts = url.split('/');\n  const projectIndex = parts.indexOf('projects');\n  if (projectIndex !== -1 && parts[projectIndex + 1]) {\n    createdProjectId = parts[projectIndex + 1];\n    cy.log(`Working with Project ID: ${createdProjectId}`);\n    // 2. Edit Project Name\n    (0, _project.updateProjectName)(newProjectName);\n    // 3. Edit Portal Settings\n    (0, _portal.openPortalEditor)();\n    // 4. Return to Home and Verify Name in List\n    (0, _project.navigateToHome)();\n    cy.wait(2000); // Wait for list reload\n    // Search from the home search input and verify the filtered project result\n    (0, _portal.searchProject)(newProjectName);\n    cy.get('main').within(() => {\n      cy.contains('a[href]', newProjectName, {\n        timeout: 10000\n      }).filter(':visible').first().as('projectResult').should('have.attr', 'href').and('include', createdProjectId);\n    });\n    // 5. Enter Project and Verify Changes\n    cy.get('@projectResult').click();\n    cy.wait(3000); // Wait for dashboard load\n    // Check Name on Dashboard - verify in the breadcrumb title\n    cy.get('[data-testid=\"project-breadcrumb-name\"]').should('contain.text', newProjectName);\n    // Check Portal Settings Persistence\n    (0, _portal.openPortalEditor)();\n    // 6. Delete Project\n    (0, _project.deleteProject)(createdProjectId);\n  }\n});\n// 7. Logout\n(0, _settings.openSettingsMenu)();\n(0, _login.logout)();",
              "err": {},
              "uuid": "55a20629-062f-4621-8bd3-097302f04cde",
              "parentUUID": "873d98b5-ba0a-4632-a453-3c8f6f374aba",
              "isHook": false,
              "skipped": false
            }
          ],
          "suites": [],
          "passes": [
            "55a20629-062f-4621-8bd3-097302f04cde"
          ],
          "failures": [],
          "pending": [],
          "skipped": [],
          "duration": 54358,
          "root": false,
          "rootEmpty": false,
          "_timeout": 2000
        }
      ],
      "passes": [],
      "failures": [],
      "pending": [],
      "skipped": [],
      "duration": 0,
      "root": true,
      "rootEmpty": true,
      "_timeout": 2000
    },
    {
      "uuid": "062fdb41-7d34-4d11-8412-eeb24aaa0597",
      "title": "",
      "fullFile": "e2e\\suites\\35-register-flow.cy.js",
      "file": "e2e\\suites\\35-register-flow.cy.js",
      "beforeHooks": [],
      "afterHooks": [],
      "tests": [],
      "suites": [
        {
          "uuid": "4a47299e-44e0-4901-8d29-7e3216aa61ef",
          "title": "Register Flow",
          "fullFile": "",
          "file": "",
          "beforeHooks": [],
          "afterHooks": [],
          "tests": [
            {
              "title": "opens register screen from login link and shows all required fields",
              "fullTitle": "Register Flow opens register screen from login link and shows all required fields",
              "timedOut": null,
              "duration": 4348,
              "state": "passed",
              "speed": "fast",
              "pass": true,
              "fail": false,
              "pending": false,
              "context": null,
              "code": "cy.contains('h1', 'Create an Account').should('be.visible');\ncy.get('[data-testid=\"auth-register-first-name-input\"]').should('be.visible');\ncy.get('[data-testid=\"auth-register-last-name-input\"]').should('be.visible');\ncy.get('[data-testid=\"auth-register-email-input\"]').should('be.visible');\ncy.get('[data-testid=\"auth-register-password-input\"]').should('be.visible');\ncy.get('[data-testid=\"auth-register-confirm-password-input\"]').should('be.visible');\ncy.get('[data-testid=\"auth-register-submit-button\"]').should('be.visible');",
              "err": {},
              "uuid": "a3b1e82d-d60e-4bbf-a32d-14c2a9bcd9d7",
              "parentUUID": "4a47299e-44e0-4901-8d29-7e3216aa61ef",
              "isHook": false,
              "skipped": false
            },
            {
              "title": "shows validation error when passwords do not match",
              "fullTitle": "Register Flow shows validation error when passwords do not match",
              "timedOut": null,
              "duration": 4365,
              "state": "passed",
              "speed": "fast",
              "pass": true,
              "fail": false,
              "pending": false,
              "context": null,
              "code": "const user = buildUserData();\nfillRegisterForm({\n  firstName: user.firstName,\n  lastName: user.lastName,\n  email: user.email,\n  password: user.password,\n  confirmPassword: `${user.password}_mismatch`\n});\ncy.get('[data-testid=\"auth-register-submit-button\"]').click();\ncy.contains('Passwords do not match').should('be.visible');",
              "err": {},
              "uuid": "0ebd759d-cf26-4624-9a45-1067fc3f260b",
              "parentUUID": "4a47299e-44e0-4901-8d29-7e3216aa61ef",
              "isHook": false,
              "skipped": false
            },
            {
              "title": "submits registration with matching passwords and shows check email screen",
              "fullTitle": "Register Flow submits registration with matching passwords and shows check email screen",
              "timedOut": null,
              "duration": 5191,
              "state": "passed",
              "speed": "medium",
              "pass": true,
              "fail": false,
              "pending": false,
              "context": null,
              "code": "const user = buildUserData();\nfillRegisterForm({\n  firstName: user.firstName,\n  lastName: user.lastName,\n  email: user.email,\n  password: user.password,\n  confirmPassword: user.password\n});\ncy.get('[data-testid=\"auth-register-submit-button\"]').click();\ncy.get('[data-testid=\"auth-check-email-title\"]', {\n  timeout: 20000\n}).should('be.visible').and('contain.text', 'Check your email');\ncy.get('[data-testid=\"auth-check-email-text\"]').should('be.visible').and('contain.text', 'We have sent you an email with next steps.');",
              "err": {},
              "uuid": "75e29952-86f5-44c2-91fe-3dd16db1d6f0",
              "parentUUID": "4a47299e-44e0-4901-8d29-7e3216aa61ef",
              "isHook": false,
              "skipped": false
            }
          ],
          "suites": [],
          "passes": [
            "a3b1e82d-d60e-4bbf-a32d-14c2a9bcd9d7",
            "0ebd759d-cf26-4624-9a45-1067fc3f260b",
            "75e29952-86f5-44c2-91fe-3dd16db1d6f0"
          ],
          "failures": [],
          "pending": [],
          "skipped": [],
          "duration": 13904,
          "root": false,
          "rootEmpty": false,
          "_timeout": 2000
        }
      ],
      "passes": [],
      "failures": [],
      "pending": [],
      "skipped": [],
      "duration": 0,
      "root": true,
      "rootEmpty": true,
      "_timeout": 2000
    }
  ],
  "meta": {
    "mocha": {
      "version": "7.2.0"
    },
    "mochawesome": {
      "options": {
        "quiet": false,
        "reportFilename": "mochawesome",
        "saveHtml": false,
        "saveJson": true,
        "consoleReporter": "spec",
        "useInlineDiffs": false,
        "code": true
      },
      "version": "7.1.4"
    },
    "marge": {
      "options": {
        "reportDir": "reports\\mobile\\chrome\\tmp-report-1a3faa0e0b204a6dadca8c1b1afbbd09",
        "overwrite": false,
        "html": false,
        "json": true,
        "timestamp": "mmddyyyy_HHMMss"
      },
      "version": "6.3.2"
    }
  }
}