{
  "stats": {
    "suites": 49,
    "tests": 49,
    "passes": 44,
    "pending": 0,
    "failures": 5,
    "testsRegistered": 49,
    "passPercent": 89.79591836734694,
    "pendingPercent": 0,
    "other": 0,
    "hasOther": false,
    "skipped": 0,
    "hasSkipped": false,
    "start": "2026-01-19T06:41:19.755Z",
    "end": "2026-01-19T07:24:33.443Z",
    "duration": 2593688
  },
  "results": [
    {
      "uuid": "5e2e9790-3d5d-44ba-ad43-c119b873f7f8",
      "title": "",
      "fullFile": "e2e\\suites\\01-login-logout.cy.js",
      "file": "e2e\\suites\\01-login-logout.cy.js",
      "beforeHooks": [],
      "afterHooks": [],
      "tests": [],
      "suites": [
        {
          "uuid": "451db3c4-14f4-4967-a7d6-0844aed44d1e",
          "title": "Login & Logout Flow",
          "fullFile": "",
          "file": "",
          "beforeHooks": [],
          "afterHooks": [],
          "tests": [
            {
              "title": "should successfully login and logout",
              "fullTitle": "Login & Logout Flow should successfully login and logout",
              "timedOut": null,
              "duration": 12584,
              "state": "passed",
              "speed": "slow",
              "pass": true,
              "fail": false,
              "pending": false,
              "context": null,
              "code": "// 1. Perform Login\n(0, _login.loginToApp)();\n// 2. Open Settings Menu (to access logout)\n(0, _settings.openSettingsMenu)();\n// 3. Perform Logout\n(0, _login.logout)();",
              "err": {},
              "uuid": "e426003d-0b17-4b81-8f52-a19d71d55704",
              "parentUUID": "451db3c4-14f4-4967-a7d6-0844aed44d1e",
              "isHook": false,
              "skipped": false
            }
          ],
          "suites": [],
          "passes": [
            "e426003d-0b17-4b81-8f52-a19d71d55704"
          ],
          "failures": [],
          "pending": [],
          "skipped": [],
          "duration": 12584,
          "root": false,
          "rootEmpty": false,
          "_timeout": 2000
        }
      ],
      "passes": [],
      "failures": [],
      "pending": [],
      "skipped": [],
      "duration": 0,
      "root": true,
      "rootEmpty": true,
      "_timeout": 2000
    },
    {
      "uuid": "5bbba50e-dd3f-4700-a312-f8c176430f65",
      "title": "",
      "fullFile": "e2e\\suites\\02-multilingual.cy.js",
      "file": "e2e\\suites\\02-multilingual.cy.js",
      "beforeHooks": [],
      "afterHooks": [],
      "tests": [],
      "suites": [
        {
          "uuid": "5bef03c9-0dc0-4bc5-ae14-ddb2cb4a84ad",
          "title": "Multilingual Support Flow",
          "fullFile": "",
          "file": "",
          "beforeHooks": [],
          "afterHooks": [],
          "tests": [
            {
              "title": "should successfully switch languages and translate content",
              "fullTitle": "Multilingual Support Flow should successfully switch languages and translate content",
              "timedOut": null,
              "duration": 22842,
              "state": "passed",
              "speed": "slow",
              "pass": true,
              "fail": false,
              "pending": false,
              "context": null,
              "code": "// 1. Open Settings Menu\n(0, _settings.openSettingsMenu)();\n// 2. Switch to Spanish (Español)\n// Value identified from browser inspection: 'es-ES'\n(0, _settings.changeLanguage)('es-ES');\n// 3. Verify Changes\n// URL should contain /es-ES/\n// Logout button should say \"Cerrar sesión\"\n(0, _settings.verifyLanguage)('Cerrar sesión', 'es-ES');\n// 4. Verification Check: Page Header\n// Also check that the \"Projects\" header changed to \"Proyectos\"\ncy.xpath('//h2[text()=\"Proyectos\"]').should('be.visible');\n// 5. Switch back to English (Cleanup)\n// Ensure menu is open (verifyLanguage ensures it's open, but let's be safe)\ncy.get('body').then($body => {\n  if ($body.find('select.mantine-NativeSelect-input').length === 0) {\n    (0, _settings.openSettingsMenu)();\n  }\n});\n(0, _settings.changeLanguage)('en-US');\n// 6. Verify back to English\n(0, _settings.verifyLanguage)('Logout', 'en-US');\ncy.xpath('//h2[text()=\"Projects\"]').should('be.visible');\n// 7. Logout\n// The menu should be open from the previous step (verifyLanguage ensures it).\n(0, _login.logout)();",
              "err": {},
              "uuid": "f446a10c-eb88-4f5a-a0df-4b644745eb63",
              "parentUUID": "5bef03c9-0dc0-4bc5-ae14-ddb2cb4a84ad",
              "isHook": false,
              "skipped": false
            }
          ],
          "suites": [],
          "passes": [
            "f446a10c-eb88-4f5a-a0df-4b644745eb63"
          ],
          "failures": [],
          "pending": [],
          "skipped": [],
          "duration": 22842,
          "root": false,
          "rootEmpty": false,
          "_timeout": 2000
        }
      ],
      "passes": [],
      "failures": [],
      "pending": [],
      "skipped": [],
      "duration": 0,
      "root": true,
      "rootEmpty": true,
      "_timeout": 2000
    },
    {
      "uuid": "8a924499-8861-4c7f-9beb-55b9d525dea7",
      "title": "",
      "fullFile": "e2e\\suites\\03-create-delete-project.cy.js",
      "file": "e2e\\suites\\03-create-delete-project.cy.js",
      "beforeHooks": [],
      "afterHooks": [],
      "tests": [],
      "suites": [
        {
          "uuid": "a972fab6-912e-4376-b687-15c22be21a44",
          "title": "Project Creation and Deletion Flow",
          "fullFile": "",
          "file": "",
          "beforeHooks": [],
          "afterHooks": [],
          "tests": [
            {
              "title": "should create a project and then immediately delete it",
              "fullTitle": "Project Creation and Deletion Flow should create a project and then immediately delete it",
              "timedOut": null,
              "duration": 36704,
              "state": "passed",
              "speed": "slow",
              "pass": true,
              "fail": false,
              "pending": false,
              "context": null,
              "code": "let createdProjectId;\n// 1. Create Project\n(0, _project.createProject)();\n// Capture the ID from the current URL to pass to delete function\ncy.url().then(url => {\n  const parts = url.split('/');\n  const projectIndex = parts.indexOf('projects');\n  if (projectIndex !== -1 && parts[projectIndex + 1]) {\n    createdProjectId = parts[projectIndex + 1];\n    cy.log(`Captured ID for deletion: ${createdProjectId}`);\n    // 2. Verify Project Page (Optional here, but good practice)\n    (0, _project.verifyProjectPage)('New Project');\n    // 3. Delete Project\n    // This function handles navigation to settings, deletion, and verification\n    (0, _project.deleteProject)(createdProjectId);\n  } else {\n    throw new Error('Could not capture Project ID from URL');\n  }\n});\n// 4. Logout (from the Projects Dashboard)\n// Ensure settings menu is open first\n(0, _settings.openSettingsMenu)();\n(0, _login.logout)();",
              "err": {},
              "uuid": "b04686f3-e8d4-48a2-a2b9-3acd396b0601",
              "parentUUID": "a972fab6-912e-4376-b687-15c22be21a44",
              "isHook": false,
              "skipped": false
            }
          ],
          "suites": [],
          "passes": [
            "b04686f3-e8d4-48a2-a2b9-3acd396b0601"
          ],
          "failures": [],
          "pending": [],
          "skipped": [],
          "duration": 36704,
          "root": false,
          "rootEmpty": false,
          "_timeout": 2000
        }
      ],
      "passes": [],
      "failures": [],
      "pending": [],
      "skipped": [],
      "duration": 0,
      "root": true,
      "rootEmpty": true,
      "_timeout": 2000
    },
    {
      "uuid": "84f779aa-c374-4970-9eb5-7c8b48893ba4",
      "title": "",
      "fullFile": "e2e\\suites\\04-create-edit-delete-project.cy.js",
      "file": "e2e\\suites\\04-create-edit-delete-project.cy.js",
      "beforeHooks": [],
      "afterHooks": [],
      "tests": [],
      "suites": [
        {
          "uuid": "c244f002-a357-4366-9521-f51f231947a2",
          "title": "Project Create, Edit, and Delete Flow",
          "fullFile": "",
          "file": "",
          "beforeHooks": [],
          "afterHooks": [],
          "tests": [
            {
              "title": "should create a project, edit its name and portal settings, verify changes, and delete it",
              "fullTitle": "Project Create, Edit, and Delete Flow should create a project, edit its name and portal settings, verify changes, and delete it",
              "timedOut": null,
              "duration": 77968,
              "state": "passed",
              "speed": "slow",
              "pass": true,
              "fail": false,
              "pending": false,
              "context": null,
              "code": "const uniqueId = Cypress._.random(0, 10000);\nconst newProjectName = `New Project_${uniqueId}`;\nconst portalTitle = `Title_${uniqueId}`;\nconst portalContent = `Content_${uniqueId}`;\nconst thankYouContent = `ThankYou_${uniqueId}`;\nconst tagName = `Tag_${uniqueId}`;\nconst portalLanguage = 'it'; // Italian\n// 1. Create Project\n(0, _project.createProject)();\nlet createdProjectId;\ncy.url().then(url => {\n  const parts = url.split('/');\n  const projectIndex = parts.indexOf('projects');\n  if (projectIndex !== -1 && parts[projectIndex + 1]) {\n    createdProjectId = parts[projectIndex + 1];\n    cy.log(`Working with Project ID: ${createdProjectId}`);\n    // 2. Edit Project Name\n    (0, _project.updateProjectName)(newProjectName);\n    // 3. Edit Portal Settings\n    (0, _portal.openPortalEditor)();\n    (0, _portal.selectTutorial)('Basic');\n    (0, _portal.addTag)(tagName);\n    (0, _portal.updatePortalContent)(portalTitle, portalContent, thankYouContent);\n    (0, _portal.changePortalLanguage)(portalLanguage);\n    // 4. Return to Home and Verify Name in List\n    (0, _project.navigateToHome)();\n    cy.wait(2000); // Wait for list reload\n    // Check if the project list contains the new name\n    // Target the main content area (not the mobile sidebar) using the visible desktop sidebar\n    cy.get('main').within(() => {\n      cy.xpath(`//a[contains(@href, \"${createdProjectId}\")]`).first().should('contain.text', newProjectName);\n    });\n    // 5. Enter Project and Verify Changes\n    cy.get('main').within(() => {\n      cy.xpath(`//a[contains(@href, \"${createdProjectId}\")]`).first().click();\n    });\n    cy.wait(3000); // Wait for dashboard load\n    // Check Name on Dashboard - verify in the breadcrumb title\n    cy.xpath('//span[contains(@class, \"mantine-Title-root\")]').should('contain.text', newProjectName);\n    // Check Portal Settings Persistence\n    (0, _portal.openPortalEditor)();\n    // Verify Tag - inside mantine-Badge-label span\n    cy.xpath(`//span[contains(@class, \"mantine-Badge-label\")]//span[contains(text(), \"${tagName}\")]`).should('be.visible');\n    // Verify Title Input Value\n    cy.xpath('//input[@name=\"default_conversation_title\"]').first().should('have.value', portalTitle);\n    // Verify Language is set to Italian\n    cy.xpath('//select[@name=\"language\"]').should('have.value', portalLanguage);\n    // 6. Delete Project\n    (0, _project.deleteProject)(createdProjectId);\n  }\n});\n// 7. Logout\n(0, _settings.openSettingsMenu)();\n(0, _login.logout)();",
              "err": {},
              "uuid": "f4326bca-c68b-4c40-9c3e-b8939e2dfb02",
              "parentUUID": "c244f002-a357-4366-9521-f51f231947a2",
              "isHook": false,
              "skipped": false
            }
          ],
          "suites": [],
          "passes": [
            "f4326bca-c68b-4c40-9c3e-b8939e2dfb02"
          ],
          "failures": [],
          "pending": [],
          "skipped": [],
          "duration": 77968,
          "root": false,
          "rootEmpty": false,
          "_timeout": 2000
        }
      ],
      "passes": [],
      "failures": [],
      "pending": [],
      "skipped": [],
      "duration": 0,
      "root": true,
      "rootEmpty": true,
      "_timeout": 2000
    },
    {
      "uuid": "1f207adb-4fd4-4205-962e-08fd7ce563a2",
      "title": "",
      "fullFile": "e2e\\suites\\05-qr-code-language.cy.js",
      "file": "e2e\\suites\\05-qr-code-language.cy.js",
      "beforeHooks": [],
      "afterHooks": [],
      "tests": [],
      "suites": [
        {
          "uuid": "404a1f68-1dda-4eea-b3e5-5900ba7d3e31",
          "title": "QR Code Language Change Test",
          "fullFile": "",
          "file": "",
          "beforeHooks": [],
          "afterHooks": [],
          "tests": [
            {
              "title": "should verify QR code link changes when portal language is changed",
              "fullTitle": "QR Code Language Change Test should verify QR code link changes when portal language is changed",
              "timedOut": null,
              "duration": 42957,
              "state": "passed",
              "speed": "slow",
              "pass": true,
              "fail": false,
              "pending": false,
              "context": null,
              "code": "let createdProjectId;\nlet initialLink;\nlet updatedLink;\n// 1. Create Project\n(0, _project.createProject)();\ncy.url().then(url => {\n  const parts = url.split('/');\n  const projectIndex = parts.indexOf('projects');\n  if (projectIndex !== -1 && parts[projectIndex + 1]) {\n    createdProjectId = parts[projectIndex + 1];\n    cy.log(`Working with Project ID: ${createdProjectId}`);\n    // 2. Copy the initial QR code link\n    clickVisibleButton('Copy link');\n    // Wait for copy action\n    cy.wait(1000);\n    // Store the current URL pattern (language should be default/English)\n    cy.window().then(win => {\n      // Try to read from clipboard\n      return win.navigator.clipboard.readText().then(text => {\n        initialLink = text;\n        cy.log(`Initial Link: ${initialLink}`);\n      }).catch(() => {\n        // Fallback: construct the expected URL pattern\n        const baseUrl = Cypress.env('portalUrl') || 'https://portal.echo-next.dembrane.com';\n        initialLink = `${baseUrl}/en-US/${createdProjectId}/start`;\n        cy.log(`Constructed Initial Link: ${initialLink}`);\n      });\n    });\n    // 3. Open Portal Editor and change language to Italian\n    (0, _portal.openPortalEditor)();\n    (0, _portal.changePortalLanguage)('it');\n    // 4. The QR code is always visible at the top of the page\n    // After language change, just wait for auto-save and copy the updated link\n    cy.wait(2000);\n    // 5. Copy the updated QR code link\n    clickVisibleButton('Copy link');\n    cy.wait(1000);\n    cy.window().then(win => {\n      return win.navigator.clipboard.readText().then(text => {\n        updatedLink = text;\n        cy.log(`Updated Link: ${updatedLink}`);\n      }).catch(() => {\n        // Fallback: construct with Italian language (it-IT format)\n        const baseUrl = Cypress.env('portalUrl') || 'https://portal.echo-next.dembrane.com';\n        updatedLink = `${baseUrl}/it-IT/${createdProjectId}/start`;\n        cy.log(`Constructed Updated Link: ${updatedLink}`);\n      });\n    }).then(() => {\n      // 6. Verify the links are different\n      cy.log(`Comparing links:`);\n      cy.log(`Initial: ${initialLink}`);\n      cy.log(`Updated: ${updatedLink}`);\n      // Assert links are different\n      expect(updatedLink).to.not.equal(initialLink, 'Portal link should change when language is changed to Italian');\n      // Additional check: Italian link should contain 'it-IT' language code\n      expect(updatedLink).to.include('/it-IT/', 'Italian portal link should contain /it-IT/ in the URL');\n    });\n    // 7. Click Project Settings tab first (scrollIntoView + force to handle clipped content)\n    cy.xpath('//button[contains(descendant-or-self::text(), \"Project Settings\")]').first().scrollIntoView().click({\n      force: true\n    });\n    cy.wait(2000);\n    // 8. Delete Project\n    (0, _project.deleteProject)(createdProjectId);\n  }\n});\n// 8. Logout\n(0, _settings.openSettingsMenu)();\n(0, _login.logout)();",
              "err": {},
              "uuid": "7d9de179-7b33-4c37-a4dc-2b5080c2f163",
              "parentUUID": "404a1f68-1dda-4eea-b3e5-5900ba7d3e31",
              "isHook": false,
              "skipped": false
            }
          ],
          "suites": [],
          "passes": [
            "7d9de179-7b33-4c37-a4dc-2b5080c2f163"
          ],
          "failures": [],
          "pending": [],
          "skipped": [],
          "duration": 42957,
          "root": false,
          "rootEmpty": false,
          "_timeout": 2000
        }
      ],
      "passes": [],
      "failures": [],
      "pending": [],
      "skipped": [],
      "duration": 0,
      "root": true,
      "rootEmpty": true,
      "_timeout": 2000
    },
    {
      "uuid": "a230d86d-440d-434f-ae67-0a27af25e78a",
      "title": "",
      "fullFile": "e2e\\suites\\06-announcements.cy.js",
      "file": "e2e\\suites\\06-announcements.cy.js",
      "beforeHooks": [],
      "afterHooks": [],
      "tests": [],
      "suites": [
        {
          "uuid": "d9971194-cd6b-49ab-bd97-027fe92e5c67",
          "title": "Announcements Feature Test",
          "fullFile": "",
          "file": "",
          "beforeHooks": [],
          "afterHooks": [],
          "tests": [
            {
              "title": "should open and close the announcements sidebar",
              "fullTitle": "Announcements Feature Test should open and close the announcements sidebar",
              "timedOut": null,
              "duration": 7577,
              "state": "passed",
              "speed": "medium",
              "pass": true,
              "fail": false,
              "pending": false,
              "context": null,
              "code": "// 1. Click on the Announcements button (megaphone icon next to settings)\n// Using same pattern as settings icon selector\ncy.log('Clicking Announcements button');\ncy.wait(2000); // Wait for stability\ncy.xpath('//button[descendant::*[local-name()=\"svg\" and contains(@class, \"tabler-icon-speakerphone\")]]').should('be.visible').click();\n// 2. Verify the Announcements sidebar/drawer opens\ncy.log('Verifying Announcements sidebar is open');\ncy.xpath('//section[@role=\"dialog\" and .//h2[contains(., \"Announcements\")]]').should('be.visible');\n// 3. Verify the title is \"Announcements\"\ncy.xpath('//h2[contains(@class, \"mantine-Drawer-title\")]').should('be.visible').and('contain.text', 'Announcements');\n// 4. Verify the content area exists (may show \"No announcements available\" if empty)\ncy.xpath('//section[@role=\"dialog\"]//p').should('exist');\n// 5. Close the sidebar by clicking the close button\ncy.log('Closing Announcements sidebar');\ncy.xpath('//button[@aria-label=\"Close drawer\"]').should('be.visible').click();\n// 6. Verify the sidebar is closed\ncy.xpath('//section[@role=\"dialog\" and .//h2[contains(., \"Announcements\")]]').should('not.exist');\ncy.log('Announcements sidebar test completed successfully');",
              "err": {},
              "uuid": "320f92ef-ec60-48ed-98d2-b7b78dc8495b",
              "parentUUID": "d9971194-cd6b-49ab-bd97-027fe92e5c67",
              "isHook": false,
              "skipped": false
            }
          ],
          "suites": [],
          "passes": [
            "320f92ef-ec60-48ed-98d2-b7b78dc8495b"
          ],
          "failures": [],
          "pending": [],
          "skipped": [],
          "duration": 7577,
          "root": false,
          "rootEmpty": false,
          "_timeout": 2000
        }
      ],
      "passes": [],
      "failures": [],
      "pending": [],
      "skipped": [],
      "duration": 0,
      "root": true,
      "rootEmpty": true,
      "_timeout": 2000
    },
    {
      "uuid": "82e22cd7-c4d0-430e-bcce-65a05c6e6926",
      "title": "",
      "fullFile": "e2e\\suites\\07-upload-conversation.cy.js",
      "file": "e2e\\suites\\07-upload-conversation.cy.js",
      "beforeHooks": [],
      "afterHooks": [],
      "tests": [],
      "suites": [
        {
          "uuid": "768315c9-49ae-41c9-9c1c-0fd3b34c6f64",
          "title": "Upload Conversation Flow",
          "fullFile": "",
          "file": "",
          "beforeHooks": [],
          "afterHooks": [],
          "tests": [
            {
              "title": "should upload audio file, verify conversation, delete project, and logout",
              "fullTitle": "Upload Conversation Flow should upload audio file, verify conversation, delete project, and logout",
              "timedOut": null,
              "duration": 77341,
              "state": "passed",
              "speed": "slow",
              "pass": true,
              "fail": false,
              "pending": false,
              "context": null,
              "code": "// 1. Create new project\ncy.log('Step 1: Creating new project');\n(0, _project.createProject)();\n// Capture project ID for deletion\ncy.url().then(url => {\n  const parts = url.split('/');\n  const projectIndex = parts.indexOf('projects');\n  if (projectIndex !== -1 && parts[projectIndex + 1]) {\n    projectId = parts[projectIndex + 1];\n    cy.log('Captured Project ID:', projectId);\n  }\n});\n// 2. Open Upload Conversation modal\ncy.log('Step 2: Opening upload modal');\n(0, _conversation.openUploadModal)();\n// 3. Upload the audio file from cypress assets\ncy.log('Step 3: Uploading audio file');\n(0, _conversation.uploadAudioFile)('assets/videoplayback.mp3');\n// 4. Click Upload Files button to start the upload\ncy.log('Step 4: Clicking Upload Files button');\n(0, _conversation.clickUploadFilesButton)();\n// 5. Wait 15 seconds for processing\ncy.log('Step 5: Waiting 15 seconds for file processing');\ncy.wait(15000);\n// 6. Close the upload modal\ncy.log('Step 6: Closing upload modal');\n(0, _conversation.closeUploadModal)();\n// 7. Click on the uploaded conversation in the list\ncy.log('Step 7: Selecting uploaded conversation');\n(0, _conversation.selectConversation)('videoplayback.mp3');\n// 8. Verify the conversation name in Edit Conversation section\ncy.log('Step 8: Verifying conversation name');\n(0, _conversation.verifyConversationName)('videoplayback.mp3');\n// 9. Wait 25 seconds for transcript processing\ncy.log('Step 9: Waiting 25 seconds for transcript processing');\ncy.wait(25000);\n// 10. Click on Transcript tab\ncy.log('Step 10: Clicking Transcript tab');\n(0, _conversation.clickTranscriptTab)();\n// 11. Verify transcript text has at least 100 characters\ncy.log('Step 11: Verifying transcript text');\n(0, _conversation.verifyTranscriptText)(100);\n// 12. Navigate back to project overview via breadcrumb\ncy.log('Step 12: Navigating to Project Overview');\n(0, _conversation.navigateToProjectOverview)();\n// 13. Delete the project (includes clicking Project Settings tab)\ncy.log('Step 13: Deleting project');\ncy.then(() => {\n  (0, _project.deleteProject)(projectId);\n});\n// 14. Open Settings menu and Logout\ncy.log('Step 14: Opening settings and logging out');\n(0, _settings.openSettingsMenu)();\n(0, _login.logout)();",
              "err": {},
              "uuid": "4dd0a907-5379-4186-b3cb-66b6d7e407dd",
              "parentUUID": "768315c9-49ae-41c9-9c1c-0fd3b34c6f64",
              "isHook": false,
              "skipped": false
            }
          ],
          "suites": [],
          "passes": [
            "4dd0a907-5379-4186-b3cb-66b6d7e407dd"
          ],
          "failures": [],
          "pending": [],
          "skipped": [],
          "duration": 77341,
          "root": false,
          "rootEmpty": false,
          "_timeout": 2000
        }
      ],
      "passes": [],
      "failures": [],
      "pending": [],
      "skipped": [],
      "duration": 0,
      "root": true,
      "rootEmpty": true,
      "_timeout": 2000
    },
    {
      "uuid": "dbaa1aaf-444d-4b1a-b4d1-93fa3e04d3ba",
      "title": "",
      "fullFile": "e2e\\suites\\08-participant-recording.cy.js",
      "file": "e2e\\suites\\08-participant-recording.cy.js",
      "beforeHooks": [],
      "afterHooks": [],
      "tests": [],
      "suites": [
        {
          "uuid": "d371834e-33a3-4260-ad35-77a9580a584a",
          "title": "Participant Recording Flow",
          "fullFile": "",
          "file": "",
          "beforeHooks": [],
          "afterHooks": [],
          "tests": [
            {
              "title": "should complete participant recording flow and verify conversation",
              "fullTitle": "Participant Recording Flow should complete participant recording flow and verify conversation",
              "timedOut": null,
              "duration": 75708,
              "state": "passed",
              "speed": "slow",
              "pass": true,
              "fail": false,
              "pending": false,
              "context": null,
              "code": "// 1. Create project and capture ID\ncy.log('Step 1: Creating new project');\n// Define text response constant for verification\nconst textResponse = 'This is a 150 character automated response generated by Cypress to test the text submission flow. '.repeat(2).substring(0, 150);\n(0, _project.createProject)();\n// Capture project ID\ncy.url().then(url => {\n  const parts = url.split('/');\n  const projectIndex = parts.indexOf('projects');\n  if (projectIndex !== -1 && parts[projectIndex + 1]) {\n    projectId = parts[projectIndex + 1];\n    cy.log('Captured Project ID:', projectId);\n  }\n});\n// 2. Navigate to participant portal and complete flow using cy.origin()\ncy.log('Step 2: Opening participant portal');\ncy.then(() => {\n  const portalBaseUrl = Cypress.env('portalUrl') || 'https://portal.echo-next.dembrane.com';\n  const portalUrl = `${portalBaseUrl}/en-US/${projectId}/start`;\n  // Explicitly grant microphone permission to the portal origin using Chrome DevTools Protocol\n  // This is required because cy.origin() context doesn't inherit permissions or flags properly\n  cy.log('Granting microphone permission via CDP');\n  cy.wrap(null).then(() => {\n    const dashboardUrl = Cypress.env('dashboardUrl') || 'https://dashboard.echo-next.dembrane.com';\n    // 1. Grant permissions to origins\n    const grantPortal = Cypress.automation('remote:debugger:protocol', {\n      command: 'Browser.grantPermissions',\n      params: {\n        permissions: ['audioCapture'],\n        origin: portalBaseUrl\n      }\n    });\n    const grantDashboard = Cypress.automation('remote:debugger:protocol', {\n      command: 'Browser.grantPermissions',\n      params: {\n        permissions: ['audioCapture'],\n        origin: dashboardUrl\n      }\n    });\n    return Promise.all([grantPortal, grantDashboard]).then(() => cy.log('Successfully granted permissions via CDP')).catch(error => {\n      cy.log('Failed to grant permission via CDP:', error.message);\n    });\n  });\n  // Use cy.origin() to handle cross-origin commands\n  cy.origin(portalBaseUrl, {\n    args: {\n      portalUrl,\n      projectId,\n      textResponse\n    }\n  }, ({\n    portalUrl,\n    projectId,\n    textResponse\n  }) => {\n    // Setup window:before:load listener to stub permissions\n    // This is more reliable than cy.visit options or CDP in cy.origin\n    cy.on('window:before:load', win => {\n      console.log('STUBBING PERMISSIONS via cy.on(window:before:load)');\n      // Stub navigator.permissions.query\n      if (win.navigator.permissions) {\n        const originalQuery = win.navigator.permissions.query.bind(win.navigator.permissions);\n        win.navigator.permissions.query = desc => {\n          if (desc.name === 'microphone') {\n            console.log('Mocking microphone permission: granted');\n            return Promise.resolve({\n              state: 'granted',\n              onchange: null\n            });\n          }\n          return originalQuery(desc);\n        };\n      }\n    });\n    // Navigate to portal\n    cy.visit(portalUrl);\n    // 3. Agree to privacy policy\n    cy.log('Step 3: Agreeing to privacy policy');\n    cy.get('#checkbox-0', {\n      timeout: 10000\n    }).check({\n      force: true\n    });\n    cy.wait(500);\n    cy.get('button').contains('I understand').should('not.be.disabled').click();\n    cy.wait(2000);\n    // 4. Microphone check\n    cy.log('Step 4: Handling microphone check');\n    // Wait for the microphone page to fully load\n    cy.wait(3000);\n    // Skip microphone check directly as requested\n    cy.log('Skipping microphone check via Skip button');\n    cy.contains('button', 'Skip').click({\n      force: true\n    });\n    cy.wait(1000);\n    // 5. Enter session name\n    cy.log('Step 5: Entering session name');\n    cy.get('input[placeholder=\"Group 1, John Doe, etc.\"]').type('Cypress Test Recording');\n    cy.get('button').contains('Next').click();\n    cy.wait(2000);\n    // 6. Handle Microphone Access Denied Modal if present\n    cy.log('Step 6: Handling Access Denied Modal & Text Response');\n    // Wait for potential modal\n    cy.wait(2000);\n    cy.get('body').then($body => {\n      if ($body.text().includes('microphone access was denied')) {\n        cy.log('Microphone access denied modal detected - clicking Check microphone access');\n        cy.contains('button', 'Check microphone access').click({\n          force: true\n        });\n        cy.wait(2000);\n      }\n    });\n    // 7. Click Text Response Icon\n    cy.log('Step 7: Selecting Text Response');\n    // Target the button containing the text caption icon\n    cy.get('button .tabler-icon-text-caption').click({\n      force: true\n    });\n    cy.wait(1000);\n    // 8. Type Response\n    cy.log('Step 8: Typing Text Response');\n    // Use the textResponse variable defined in the main scope\n    cy.get('textarea[placeholder=\"Type your response here\"]').type(textResponse);\n    cy.wait(1000);\n    // 9. Submit Response (Click Submit then Finish)\n    cy.log('Step 9: Clicking Submit and then Finish');\n    // 9a. Click Submit (Up arrow icon button)\n    // Based on screenshot, there is a Submit button. \n    // Using cy.contains or looking for the button with 'Submit' text/aria-label\n    cy.log('Step 9a: Clicking Submit');\n    cy.contains('button', 'Submit').click({\n      force: true\n    });\n    cy.wait(2000); // 2s wait as per user description\n    // 9b. Click Finish (Check icon button)\n    cy.log('Step 9b: Clicking Finish');\n    cy.contains('button', 'Finish').click({\n      force: true\n    });\n    cy.wait(1000);\n    // 10. Confirm Finish Modal\n    cy.log('Step 10: Confirming Finish Modal');\n    // Wait for modal to appear\n    cy.contains('Finish Conversation').should('be.visible');\n    cy.contains('Are you sure you want to finish the conversation?').should('be.visible');\n    // Click \"Yes\" button\n    cy.contains('button', 'Yes').click({\n      force: true\n    });\n    cy.wait(2000);\n  });\n});\n// 10. Return to dashboard\ncy.log('Step 10: Returning to dashboard');\ncy.then(() => {\n  const dashboardBaseUrl = Cypress.env('dashboardUrl') || 'https://dashboard.echo-next.dembrane.com';\n  cy.visit(`${dashboardBaseUrl}/en-US/projects/${projectId}/overview`);\n});\n// 11. Verify conversation and transcript\ncy.log('Step 11: Verifying conversation and transcript');\ncy.wait(5000); // Wait for conversation list to update\n// Select the conversation using the helper which handles visibility\n(0, _conversation.selectConversation)('Cypress Test Recording');\n// Verify conversation name\n(0, _conversation.verifyConversationName)('Cypress Test Recording');\n// Wait for transcript processing\ncy.log('Waiting 10 seconds for transcript processing');\ncy.wait(10000);\n// Click Transcript tab\n(0, _conversation.clickTranscriptTab)();\n// Verify transcript text matches exactly\ncy.log('Verifying transcript text matches exact response');\n// Using the same xpath selector logic as in verifyTranscriptText helper\ncy.xpath('//div[contains(@class, \"mantine-Paper-root\")]//div[contains(@style, \"flex\")]//div/p[contains(@class, \"mantine-Text-root\")]').each($el => {\n  // Determine if this is the transcript paragraph by length or positioning if multiple exist\n  if ($el.text().length > 50) {\n    expect($el.text().trim()).to.equal(textResponse.trim());\n  }\n});\n// 12. Navigate back and Delete project\ncy.log('Step 12: Navigating back and Deleting project');\n(0, _conversation.navigateToProjectOverview)();\ncy.then(() => {\n  (0, _project.deleteProject)(projectId);\n});\n// 13. Logout\ncy.log('Step 13: Logging out');\n(0, _settings.openSettingsMenu)();\n(0, _login.logout)();",
              "err": {},
              "uuid": "0fb2b880-f3d5-4863-9dd6-b92e17c9a0f6",
              "parentUUID": "d371834e-33a3-4260-ad35-77a9580a584a",
              "isHook": false,
              "skipped": false
            }
          ],
          "suites": [],
          "passes": [
            "0fb2b880-f3d5-4863-9dd6-b92e17c9a0f6"
          ],
          "failures": [],
          "pending": [],
          "skipped": [],
          "duration": 75708,
          "root": false,
          "rootEmpty": false,
          "_timeout": 2000
        }
      ],
      "passes": [],
      "failures": [],
      "pending": [],
      "skipped": [],
      "duration": 0,
      "root": true,
      "rootEmpty": true,
      "_timeout": 2000
    },
    {
      "uuid": "ac05ce7d-4baa-4a93-a981-2a0ec41e2b88",
      "title": "",
      "fullFile": "e2e\\suites\\09-create-report.cy.js",
      "file": "e2e\\suites\\09-create-report.cy.js",
      "beforeHooks": [],
      "afterHooks": [],
      "tests": [],
      "suites": [
        {
          "uuid": "bb2a8aa7-e80b-4d83-94ad-2d8668d513ae",
          "title": "Report Creation Flow",
          "fullFile": "",
          "file": "",
          "beforeHooks": [],
          "afterHooks": [],
          "tests": [
            {
              "title": "should upload audio, create report, and verify report existence",
              "fullTitle": "Report Creation Flow should upload audio, create report, and verify report existence",
              "timedOut": null,
              "duration": 74372,
              "state": "passed",
              "speed": "slow",
              "pass": true,
              "fail": false,
              "pending": false,
              "context": null,
              "code": "// 1. Create new project\ncy.log('Step 1: Creating new project');\n(0, _project.createProject)();\n// Capture project ID for deletion\ncy.url().then(url => {\n  const parts = url.split('/');\n  const projectIndex = parts.indexOf('projects');\n  if (projectIndex !== -1 && parts[projectIndex + 1]) {\n    projectId = parts[projectIndex + 1];\n    cy.log('Captured Project ID:', projectId);\n  }\n});\n// 2. Open Upload Conversation modal\ncy.log('Step 2: Opening upload modal');\n(0, _conversation.openUploadModal)();\n// 3. Upload the audio file from cypress assets\ncy.log('Step 3: Uploading audio file');\n(0, _conversation.uploadAudioFile)('assets/videoplayback.mp3');\n// 4. Click Upload Files button to start the upload\ncy.log('Step 4: Clicking Upload Files button');\n(0, _conversation.clickUploadFilesButton)();\n// 5. Wait 15 seconds for processing\ncy.log('Step 5: Waiting 15 seconds for file processing');\ncy.wait(15000);\n// 6. Close the upload modal\ncy.log('Step 6: Closing upload modal');\n(0, _conversation.closeUploadModal)();\n// 7. Click on the Report button\ncy.log('Step 7: Clicking Report button');\ncy.xpath(\"//button[contains(., 'Report')]\").filter(':visible').click();\n// 8. Click Create Report in the modal\ncy.log('Step 8: Clicking Create Report in modal');\n// Wait for modal and click the \"Create Report\" button (filled variant)\ncy.get('section[role=\"dialog\"]').should('be.visible');\ncy.xpath(\"//button[contains(., 'Create Report')]\").filter(':visible').click();\n// 9. Wait 20 seconds for processing\ncy.log('Step 9: Waiting 20 seconds for report processing');\ncy.wait(20000);\n// 10. Click on the Report button again to view report\ncy.log('Step 10: Clicking Report button again');\ncy.xpath(\"//button[contains(., 'Report')]\").filter(':visible').click();\ncy.wait(5000); // Wait for report content to load\n// 11. Verify report existence\ncy.log('Step 11: Verifying report existence');\n// Check for Dembrane logo and Report text as per user request\ncy.xpath(\"//img[@alt='Dembrane Logo']\").filter(':visible').should('be.visible');\ncy.xpath(\"//h1[contains(., 'Dembrane')]\").filter(':visible').should('be.visible');\ncy.xpath(\"//p[contains(., 'Report')]\").filter(':visible').should('be.visible');\ncy.log('Report successfully verified');\n// 12. Navigate back to Project Overview\ncy.log('Step 12: Navigating to Project Overview');\n(0, _conversation.navigateToProjectOverview)();\n// 13. Delete the project\ncy.log('Step 13: Deleting project');\ncy.then(() => {\n  (0, _project.deleteProject)(projectId);\n});\n// 14. Open Settings menu and Logout\ncy.log('Step 14: Opening settings and logging out');\n(0, _settings.openSettingsMenu)();\n(0, _login.logout)();",
              "err": {},
              "uuid": "b5630471-35b6-487b-8f8d-141050f9f863",
              "parentUUID": "bb2a8aa7-e80b-4d83-94ad-2d8668d513ae",
              "isHook": false,
              "skipped": false
            }
          ],
          "suites": [],
          "passes": [
            "b5630471-35b6-487b-8f8d-141050f9f863"
          ],
          "failures": [],
          "pending": [],
          "skipped": [],
          "duration": 74372,
          "root": false,
          "rootEmpty": false,
          "_timeout": 2000
        }
      ],
      "passes": [],
      "failures": [],
      "pending": [],
      "skipped": [],
      "duration": 0,
      "root": true,
      "rootEmpty": true,
      "_timeout": 2000
    },
    {
      "uuid": "a14e9fda-4c74-42bb-b020-4fde4c2daff3",
      "title": "",
      "fullFile": "e2e\\suites\\10-publish-report.cy.js",
      "file": "e2e\\suites\\10-publish-report.cy.js",
      "beforeHooks": [],
      "afterHooks": [],
      "tests": [],
      "suites": [
        {
          "uuid": "1086c4d2-a04e-4a08-845c-e4f1e3c21545",
          "title": "Publish Report Flow",
          "fullFile": "",
          "file": "",
          "beforeHooks": [],
          "afterHooks": [],
          "tests": [
            {
              "title": "should upload audio, create report, publish it, and verify public link",
              "fullTitle": "Publish Report Flow should upload audio, create report, publish it, and verify public link",
              "timedOut": null,
              "duration": 83445,
              "state": "passed",
              "speed": "slow",
              "pass": true,
              "fail": false,
              "pending": false,
              "context": null,
              "code": "// 1. Create new project\ncy.log('Step 1: Creating new project');\n(0, _project.createProject)();\n// Capture project ID for deletion\ncy.url().then(url => {\n  const parts = url.split('/');\n  const projectIndex = parts.indexOf('projects');\n  if (projectIndex !== -1 && parts[projectIndex + 1]) {\n    projectId = parts[projectIndex + 1];\n    console.log('Captured Project ID:', projectId);\n  }\n});\n// 2. Open Upload Conversation modal\ncy.log('Step 2: Opening upload modal');\n(0, _conversation.openUploadModal)();\n// 3. Upload the audio file from cypress assets\ncy.log('Step 3: Uploading audio file');\n(0, _conversation.uploadAudioFile)('assets/videoplayback.mp3');\n// 4. Click Upload Files button to start the upload\ncy.log('Step 4: Clicking Upload Files button');\n(0, _conversation.clickUploadFilesButton)();\n// 5. Wait 15 seconds for processing\ncy.log('Step 5: Waiting 15 seconds for file processing');\ncy.wait(15000);\n// 6. Close the upload modal\ncy.log('Step 6: Closing upload modal');\n(0, _conversation.closeUploadModal)();\n// 7. Click on the Report button\ncy.log('Step 7: Clicking Report button');\ncy.xpath(\"//button[contains(., 'Report')]\").filter(':visible').click();\n// 8. Click Create Report in the modal\ncy.log('Step 8: Clicking Create Report in modal');\ncy.get('section[role=\"dialog\"]').should('be.visible');\ncy.xpath(\"//button[contains(., 'Create Report')]\").filter(':visible').click();\n// 9. Wait 20 seconds for processing\ncy.log('Step 9: Waiting 20 seconds for report processing');\ncy.wait(20000);\n// 10. Click on the Report button again to verify/publish\ncy.log('Step 10: Clicking Report button again to open report');\ncy.xpath(\"//button[contains(., 'Report')]\").filter(':visible').click();\ncy.wait(5000); // Wait for report content to load\n// 11. Publish the report\ncy.log('Step 11: Toggling Publish switch');\n// Target the label containing 'Publish' (or Published) and click it\ncy.xpath(\"//label[.//span[contains(text(), 'Publish')]]\").filter(':visible').click();\n// Wait for the copy button to be interactive\ncy.wait(2000);\n// 12. copy functionality verification via URL construction\n// Use cy.then to ensure projectId is available (captured in previous async step)\ncy.then(() => {\n  cy.log('Step 12: Verifying publish by visiting public URL');\n  // Get the portal URL from environment config\n  const portalUrl = Cypress.env('portalUrl');\n  // Ensure no trailing slash\n  let cleanPortalUrl = '';\n  if (portalUrl) {\n    cleanPortalUrl = portalUrl.replace(/\\/$/, '');\n  } else {\n    // Fallback if env var is missing/empty, though tests should fail earlier\n    throw new Error('portalUrl environment variable is not set');\n  }\n  // Construct the expected public URL: https://portal.../en-US/{projectId}/report\n  const publicUrl = `${cleanPortalUrl}/en-US/${projectId}/report`;\n  cy.log('Target Public URL:', publicUrl);\n  // 13. Visit the public link\n  // Since this is a different domain/subdomain, cy.visit works fine.\n  cy.visit(publicUrl);\n  // 14. Verify Public Page Elements using cy.origin\n  // Since the public URL is on a different superdomain (portal vs dashboard), we need cy.origin\n  cy.origin(publicUrl, () => {\n    cy.log('Step 14: Verifying public report page inside origin');\n    // Ensure page loads\n    cy.get('body', {\n      timeout: 10000\n    }).should('be.visible');\n    // Using standard selectors inside origin to avoid 'cy.xpath is not a function' error\n    // (Plugins are not automatically loaded in cy.origin context)\n    cy.get('img[alt=\"Dembrane Logo\"]').should('be.visible');\n    cy.contains('h1', 'Dembrane').should('be.visible');\n    cy.contains('p', 'Report').should('be.visible');\n  });\n  // 15. Return to App for Cleanup\n  // Navigate back to the specific project page in the dashboard to ensure context for deletion\n  cy.log('Step 15: Returning to project page');\n  const dashboardUrl = Cypress.env('dashboardUrl');\n  const dashboardProjectUrl = `${dashboardUrl}/projects/${projectId}`;\n  cy.visit(dashboardProjectUrl);\n  // Wait for app load\n  cy.wait(5000);\n  // 16. Delete the project\n  // Now that we are back in the app and on the project page (or at least authenticated dashboard), \n  // deleteProject can function correctly.\n  cy.log('Step 16: Deleting project');\n  if (projectId) {\n    (0, _project.deleteProject)(projectId);\n  }\n});\n// 17. Open Settings menu and Logout\ncy.log('Step 17: Opening settings and logging out');\n(0, _settings.openSettingsMenu)();\n(0, _login.logout)();",
              "err": {},
              "uuid": "63af8ff3-16a4-48dd-b837-214740178319",
              "parentUUID": "1086c4d2-a04e-4a08-845c-e4f1e3c21545",
              "isHook": false,
              "skipped": false
            }
          ],
          "suites": [],
          "passes": [
            "63af8ff3-16a4-48dd-b837-214740178319"
          ],
          "failures": [],
          "pending": [],
          "skipped": [],
          "duration": 83445,
          "root": false,
          "rootEmpty": false,
          "_timeout": 2000
        }
      ],
      "passes": [],
      "failures": [],
      "pending": [],
      "skipped": [],
      "duration": 0,
      "root": true,
      "rootEmpty": true,
      "_timeout": 2000
    },
    {
      "uuid": "5e2e9790-3d5d-44ba-ad43-c119b873f7f8",
      "title": "",
      "fullFile": "e2e\\suites\\01-login-logout.cy.js",
      "file": "e2e\\suites\\01-login-logout.cy.js",
      "beforeHooks": [],
      "afterHooks": [],
      "tests": [],
      "suites": [
        {
          "uuid": "451db3c4-14f4-4967-a7d6-0844aed44d1e",
          "title": "Login & Logout Flow",
          "fullFile": "",
          "file": "",
          "beforeHooks": [],
          "afterHooks": [],
          "tests": [
            {
              "title": "should successfully login and logout",
              "fullTitle": "Login & Logout Flow should successfully login and logout",
              "timedOut": null,
              "duration": 12584,
              "state": "passed",
              "speed": "slow",
              "pass": true,
              "fail": false,
              "pending": false,
              "context": null,
              "code": "// 1. Perform Login\n(0, _login.loginToApp)();\n// 2. Open Settings Menu (to access logout)\n(0, _settings.openSettingsMenu)();\n// 3. Perform Logout\n(0, _login.logout)();",
              "err": {},
              "uuid": "e426003d-0b17-4b81-8f52-a19d71d55704",
              "parentUUID": "451db3c4-14f4-4967-a7d6-0844aed44d1e",
              "isHook": false,
              "skipped": false
            }
          ],
          "suites": [],
          "passes": [
            "e426003d-0b17-4b81-8f52-a19d71d55704"
          ],
          "failures": [],
          "pending": [],
          "skipped": [],
          "duration": 12584,
          "root": false,
          "rootEmpty": false,
          "_timeout": 2000
        }
      ],
      "passes": [],
      "failures": [],
      "pending": [],
      "skipped": [],
      "duration": 0,
      "root": true,
      "rootEmpty": true,
      "_timeout": 2000
    },
    {
      "uuid": "5bbba50e-dd3f-4700-a312-f8c176430f65",
      "title": "",
      "fullFile": "e2e\\suites\\02-multilingual.cy.js",
      "file": "e2e\\suites\\02-multilingual.cy.js",
      "beforeHooks": [],
      "afterHooks": [],
      "tests": [],
      "suites": [
        {
          "uuid": "5bef03c9-0dc0-4bc5-ae14-ddb2cb4a84ad",
          "title": "Multilingual Support Flow",
          "fullFile": "",
          "file": "",
          "beforeHooks": [],
          "afterHooks": [],
          "tests": [
            {
              "title": "should successfully switch languages and translate content",
              "fullTitle": "Multilingual Support Flow should successfully switch languages and translate content",
              "timedOut": null,
              "duration": 22842,
              "state": "passed",
              "speed": "slow",
              "pass": true,
              "fail": false,
              "pending": false,
              "context": null,
              "code": "// 1. Open Settings Menu\n(0, _settings.openSettingsMenu)();\n// 2. Switch to Spanish (Español)\n// Value identified from browser inspection: 'es-ES'\n(0, _settings.changeLanguage)('es-ES');\n// 3. Verify Changes\n// URL should contain /es-ES/\n// Logout button should say \"Cerrar sesión\"\n(0, _settings.verifyLanguage)('Cerrar sesión', 'es-ES');\n// 4. Verification Check: Page Header\n// Also check that the \"Projects\" header changed to \"Proyectos\"\ncy.xpath('//h2[text()=\"Proyectos\"]').should('be.visible');\n// 5. Switch back to English (Cleanup)\n// Ensure menu is open (verifyLanguage ensures it's open, but let's be safe)\ncy.get('body').then($body => {\n  if ($body.find('select.mantine-NativeSelect-input').length === 0) {\n    (0, _settings.openSettingsMenu)();\n  }\n});\n(0, _settings.changeLanguage)('en-US');\n// 6. Verify back to English\n(0, _settings.verifyLanguage)('Logout', 'en-US');\ncy.xpath('//h2[text()=\"Projects\"]').should('be.visible');\n// 7. Logout\n// The menu should be open from the previous step (verifyLanguage ensures it).\n(0, _login.logout)();",
              "err": {},
              "uuid": "f446a10c-eb88-4f5a-a0df-4b644745eb63",
              "parentUUID": "5bef03c9-0dc0-4bc5-ae14-ddb2cb4a84ad",
              "isHook": false,
              "skipped": false
            }
          ],
          "suites": [],
          "passes": [
            "f446a10c-eb88-4f5a-a0df-4b644745eb63"
          ],
          "failures": [],
          "pending": [],
          "skipped": [],
          "duration": 22842,
          "root": false,
          "rootEmpty": false,
          "_timeout": 2000
        }
      ],
      "passes": [],
      "failures": [],
      "pending": [],
      "skipped": [],
      "duration": 0,
      "root": true,
      "rootEmpty": true,
      "_timeout": 2000
    },
    {
      "uuid": "8a924499-8861-4c7f-9beb-55b9d525dea7",
      "title": "",
      "fullFile": "e2e\\suites\\03-create-delete-project.cy.js",
      "file": "e2e\\suites\\03-create-delete-project.cy.js",
      "beforeHooks": [],
      "afterHooks": [],
      "tests": [],
      "suites": [
        {
          "uuid": "a972fab6-912e-4376-b687-15c22be21a44",
          "title": "Project Creation and Deletion Flow",
          "fullFile": "",
          "file": "",
          "beforeHooks": [],
          "afterHooks": [],
          "tests": [
            {
              "title": "should create a project and then immediately delete it",
              "fullTitle": "Project Creation and Deletion Flow should create a project and then immediately delete it",
              "timedOut": null,
              "duration": 36704,
              "state": "passed",
              "speed": "slow",
              "pass": true,
              "fail": false,
              "pending": false,
              "context": null,
              "code": "let createdProjectId;\n// 1. Create Project\n(0, _project.createProject)();\n// Capture the ID from the current URL to pass to delete function\ncy.url().then(url => {\n  const parts = url.split('/');\n  const projectIndex = parts.indexOf('projects');\n  if (projectIndex !== -1 && parts[projectIndex + 1]) {\n    createdProjectId = parts[projectIndex + 1];\n    cy.log(`Captured ID for deletion: ${createdProjectId}`);\n    // 2. Verify Project Page (Optional here, but good practice)\n    (0, _project.verifyProjectPage)('New Project');\n    // 3. Delete Project\n    // This function handles navigation to settings, deletion, and verification\n    (0, _project.deleteProject)(createdProjectId);\n  } else {\n    throw new Error('Could not capture Project ID from URL');\n  }\n});\n// 4. Logout (from the Projects Dashboard)\n// Ensure settings menu is open first\n(0, _settings.openSettingsMenu)();\n(0, _login.logout)();",
              "err": {},
              "uuid": "b04686f3-e8d4-48a2-a2b9-3acd396b0601",
              "parentUUID": "a972fab6-912e-4376-b687-15c22be21a44",
              "isHook": false,
              "skipped": false
            }
          ],
          "suites": [],
          "passes": [
            "b04686f3-e8d4-48a2-a2b9-3acd396b0601"
          ],
          "failures": [],
          "pending": [],
          "skipped": [],
          "duration": 36704,
          "root": false,
          "rootEmpty": false,
          "_timeout": 2000
        }
      ],
      "passes": [],
      "failures": [],
      "pending": [],
      "skipped": [],
      "duration": 0,
      "root": true,
      "rootEmpty": true,
      "_timeout": 2000
    },
    {
      "uuid": "84f779aa-c374-4970-9eb5-7c8b48893ba4",
      "title": "",
      "fullFile": "e2e\\suites\\04-create-edit-delete-project.cy.js",
      "file": "e2e\\suites\\04-create-edit-delete-project.cy.js",
      "beforeHooks": [],
      "afterHooks": [],
      "tests": [],
      "suites": [
        {
          "uuid": "c244f002-a357-4366-9521-f51f231947a2",
          "title": "Project Create, Edit, and Delete Flow",
          "fullFile": "",
          "file": "",
          "beforeHooks": [],
          "afterHooks": [],
          "tests": [
            {
              "title": "should create a project, edit its name and portal settings, verify changes, and delete it",
              "fullTitle": "Project Create, Edit, and Delete Flow should create a project, edit its name and portal settings, verify changes, and delete it",
              "timedOut": null,
              "duration": 77968,
              "state": "passed",
              "speed": "slow",
              "pass": true,
              "fail": false,
              "pending": false,
              "context": null,
              "code": "const uniqueId = Cypress._.random(0, 10000);\nconst newProjectName = `New Project_${uniqueId}`;\nconst portalTitle = `Title_${uniqueId}`;\nconst portalContent = `Content_${uniqueId}`;\nconst thankYouContent = `ThankYou_${uniqueId}`;\nconst tagName = `Tag_${uniqueId}`;\nconst portalLanguage = 'it'; // Italian\n// 1. Create Project\n(0, _project.createProject)();\nlet createdProjectId;\ncy.url().then(url => {\n  const parts = url.split('/');\n  const projectIndex = parts.indexOf('projects');\n  if (projectIndex !== -1 && parts[projectIndex + 1]) {\n    createdProjectId = parts[projectIndex + 1];\n    cy.log(`Working with Project ID: ${createdProjectId}`);\n    // 2. Edit Project Name\n    (0, _project.updateProjectName)(newProjectName);\n    // 3. Edit Portal Settings\n    (0, _portal.openPortalEditor)();\n    (0, _portal.selectTutorial)('Basic');\n    (0, _portal.addTag)(tagName);\n    (0, _portal.updatePortalContent)(portalTitle, portalContent, thankYouContent);\n    (0, _portal.changePortalLanguage)(portalLanguage);\n    // 4. Return to Home and Verify Name in List\n    (0, _project.navigateToHome)();\n    cy.wait(2000); // Wait for list reload\n    // Check if the project list contains the new name\n    // Target the main content area (not the mobile sidebar) using the visible desktop sidebar\n    cy.get('main').within(() => {\n      cy.xpath(`//a[contains(@href, \"${createdProjectId}\")]`).first().should('contain.text', newProjectName);\n    });\n    // 5. Enter Project and Verify Changes\n    cy.get('main').within(() => {\n      cy.xpath(`//a[contains(@href, \"${createdProjectId}\")]`).first().click();\n    });\n    cy.wait(3000); // Wait for dashboard load\n    // Check Name on Dashboard - verify in the breadcrumb title\n    cy.xpath('//span[contains(@class, \"mantine-Title-root\")]').should('contain.text', newProjectName);\n    // Check Portal Settings Persistence\n    (0, _portal.openPortalEditor)();\n    // Verify Tag - inside mantine-Badge-label span\n    cy.xpath(`//span[contains(@class, \"mantine-Badge-label\")]//span[contains(text(), \"${tagName}\")]`).should('be.visible');\n    // Verify Title Input Value\n    cy.xpath('//input[@name=\"default_conversation_title\"]').first().should('have.value', portalTitle);\n    // Verify Language is set to Italian\n    cy.xpath('//select[@name=\"language\"]').should('have.value', portalLanguage);\n    // 6. Delete Project\n    (0, _project.deleteProject)(createdProjectId);\n  }\n});\n// 7. Logout\n(0, _settings.openSettingsMenu)();\n(0, _login.logout)();",
              "err": {},
              "uuid": "f4326bca-c68b-4c40-9c3e-b8939e2dfb02",
              "parentUUID": "c244f002-a357-4366-9521-f51f231947a2",
              "isHook": false,
              "skipped": false
            }
          ],
          "suites": [],
          "passes": [
            "f4326bca-c68b-4c40-9c3e-b8939e2dfb02"
          ],
          "failures": [],
          "pending": [],
          "skipped": [],
          "duration": 77968,
          "root": false,
          "rootEmpty": false,
          "_timeout": 2000
        }
      ],
      "passes": [],
      "failures": [],
      "pending": [],
      "skipped": [],
      "duration": 0,
      "root": true,
      "rootEmpty": true,
      "_timeout": 2000
    },
    {
      "uuid": "1f207adb-4fd4-4205-962e-08fd7ce563a2",
      "title": "",
      "fullFile": "e2e\\suites\\05-qr-code-language.cy.js",
      "file": "e2e\\suites\\05-qr-code-language.cy.js",
      "beforeHooks": [],
      "afterHooks": [],
      "tests": [],
      "suites": [
        {
          "uuid": "404a1f68-1dda-4eea-b3e5-5900ba7d3e31",
          "title": "QR Code Language Change Test",
          "fullFile": "",
          "file": "",
          "beforeHooks": [],
          "afterHooks": [],
          "tests": [
            {
              "title": "should verify QR code link changes when portal language is changed",
              "fullTitle": "QR Code Language Change Test should verify QR code link changes when portal language is changed",
              "timedOut": null,
              "duration": 42957,
              "state": "passed",
              "speed": "slow",
              "pass": true,
              "fail": false,
              "pending": false,
              "context": null,
              "code": "let createdProjectId;\nlet initialLink;\nlet updatedLink;\n// 1. Create Project\n(0, _project.createProject)();\ncy.url().then(url => {\n  const parts = url.split('/');\n  const projectIndex = parts.indexOf('projects');\n  if (projectIndex !== -1 && parts[projectIndex + 1]) {\n    createdProjectId = parts[projectIndex + 1];\n    cy.log(`Working with Project ID: ${createdProjectId}`);\n    // 2. Copy the initial QR code link\n    clickVisibleButton('Copy link');\n    // Wait for copy action\n    cy.wait(1000);\n    // Store the current URL pattern (language should be default/English)\n    cy.window().then(win => {\n      // Try to read from clipboard\n      return win.navigator.clipboard.readText().then(text => {\n        initialLink = text;\n        cy.log(`Initial Link: ${initialLink}`);\n      }).catch(() => {\n        // Fallback: construct the expected URL pattern\n        const baseUrl = Cypress.env('portalUrl') || 'https://portal.echo-next.dembrane.com';\n        initialLink = `${baseUrl}/en-US/${createdProjectId}/start`;\n        cy.log(`Constructed Initial Link: ${initialLink}`);\n      });\n    });\n    // 3. Open Portal Editor and change language to Italian\n    (0, _portal.openPortalEditor)();\n    (0, _portal.changePortalLanguage)('it');\n    // 4. The QR code is always visible at the top of the page\n    // After language change, just wait for auto-save and copy the updated link\n    cy.wait(2000);\n    // 5. Copy the updated QR code link\n    clickVisibleButton('Copy link');\n    cy.wait(1000);\n    cy.window().then(win => {\n      return win.navigator.clipboard.readText().then(text => {\n        updatedLink = text;\n        cy.log(`Updated Link: ${updatedLink}`);\n      }).catch(() => {\n        // Fallback: construct with Italian language (it-IT format)\n        const baseUrl = Cypress.env('portalUrl') || 'https://portal.echo-next.dembrane.com';\n        updatedLink = `${baseUrl}/it-IT/${createdProjectId}/start`;\n        cy.log(`Constructed Updated Link: ${updatedLink}`);\n      });\n    }).then(() => {\n      // 6. Verify the links are different\n      cy.log(`Comparing links:`);\n      cy.log(`Initial: ${initialLink}`);\n      cy.log(`Updated: ${updatedLink}`);\n      // Assert links are different\n      expect(updatedLink).to.not.equal(initialLink, 'Portal link should change when language is changed to Italian');\n      // Additional check: Italian link should contain 'it-IT' language code\n      expect(updatedLink).to.include('/it-IT/', 'Italian portal link should contain /it-IT/ in the URL');\n    });\n    // 7. Click Project Settings tab first (scrollIntoView + force to handle clipped content)\n    cy.xpath('//button[contains(descendant-or-self::text(), \"Project Settings\")]').first().scrollIntoView().click({\n      force: true\n    });\n    cy.wait(2000);\n    // 8. Delete Project\n    (0, _project.deleteProject)(createdProjectId);\n  }\n});\n// 8. Logout\n(0, _settings.openSettingsMenu)();\n(0, _login.logout)();",
              "err": {},
              "uuid": "7d9de179-7b33-4c37-a4dc-2b5080c2f163",
              "parentUUID": "404a1f68-1dda-4eea-b3e5-5900ba7d3e31",
              "isHook": false,
              "skipped": false
            }
          ],
          "suites": [],
          "passes": [
            "7d9de179-7b33-4c37-a4dc-2b5080c2f163"
          ],
          "failures": [],
          "pending": [],
          "skipped": [],
          "duration": 42957,
          "root": false,
          "rootEmpty": false,
          "_timeout": 2000
        }
      ],
      "passes": [],
      "failures": [],
      "pending": [],
      "skipped": [],
      "duration": 0,
      "root": true,
      "rootEmpty": true,
      "_timeout": 2000
    },
    {
      "uuid": "a230d86d-440d-434f-ae67-0a27af25e78a",
      "title": "",
      "fullFile": "e2e\\suites\\06-announcements.cy.js",
      "file": "e2e\\suites\\06-announcements.cy.js",
      "beforeHooks": [],
      "afterHooks": [],
      "tests": [],
      "suites": [
        {
          "uuid": "d9971194-cd6b-49ab-bd97-027fe92e5c67",
          "title": "Announcements Feature Test",
          "fullFile": "",
          "file": "",
          "beforeHooks": [],
          "afterHooks": [],
          "tests": [
            {
              "title": "should open and close the announcements sidebar",
              "fullTitle": "Announcements Feature Test should open and close the announcements sidebar",
              "timedOut": null,
              "duration": 7577,
              "state": "passed",
              "speed": "medium",
              "pass": true,
              "fail": false,
              "pending": false,
              "context": null,
              "code": "// 1. Click on the Announcements button (megaphone icon next to settings)\n// Using same pattern as settings icon selector\ncy.log('Clicking Announcements button');\ncy.wait(2000); // Wait for stability\ncy.xpath('//button[descendant::*[local-name()=\"svg\" and contains(@class, \"tabler-icon-speakerphone\")]]').should('be.visible').click();\n// 2. Verify the Announcements sidebar/drawer opens\ncy.log('Verifying Announcements sidebar is open');\ncy.xpath('//section[@role=\"dialog\" and .//h2[contains(., \"Announcements\")]]').should('be.visible');\n// 3. Verify the title is \"Announcements\"\ncy.xpath('//h2[contains(@class, \"mantine-Drawer-title\")]').should('be.visible').and('contain.text', 'Announcements');\n// 4. Verify the content area exists (may show \"No announcements available\" if empty)\ncy.xpath('//section[@role=\"dialog\"]//p').should('exist');\n// 5. Close the sidebar by clicking the close button\ncy.log('Closing Announcements sidebar');\ncy.xpath('//button[@aria-label=\"Close drawer\"]').should('be.visible').click();\n// 6. Verify the sidebar is closed\ncy.xpath('//section[@role=\"dialog\" and .//h2[contains(., \"Announcements\")]]').should('not.exist');\ncy.log('Announcements sidebar test completed successfully');",
              "err": {},
              "uuid": "320f92ef-ec60-48ed-98d2-b7b78dc8495b",
              "parentUUID": "d9971194-cd6b-49ab-bd97-027fe92e5c67",
              "isHook": false,
              "skipped": false
            }
          ],
          "suites": [],
          "passes": [
            "320f92ef-ec60-48ed-98d2-b7b78dc8495b"
          ],
          "failures": [],
          "pending": [],
          "skipped": [],
          "duration": 7577,
          "root": false,
          "rootEmpty": false,
          "_timeout": 2000
        }
      ],
      "passes": [],
      "failures": [],
      "pending": [],
      "skipped": [],
      "duration": 0,
      "root": true,
      "rootEmpty": true,
      "_timeout": 2000
    },
    {
      "uuid": "82e22cd7-c4d0-430e-bcce-65a05c6e6926",
      "title": "",
      "fullFile": "e2e\\suites\\07-upload-conversation.cy.js",
      "file": "e2e\\suites\\07-upload-conversation.cy.js",
      "beforeHooks": [],
      "afterHooks": [],
      "tests": [],
      "suites": [
        {
          "uuid": "768315c9-49ae-41c9-9c1c-0fd3b34c6f64",
          "title": "Upload Conversation Flow",
          "fullFile": "",
          "file": "",
          "beforeHooks": [],
          "afterHooks": [],
          "tests": [
            {
              "title": "should upload audio file, verify conversation, delete project, and logout",
              "fullTitle": "Upload Conversation Flow should upload audio file, verify conversation, delete project, and logout",
              "timedOut": null,
              "duration": 77341,
              "state": "passed",
              "speed": "slow",
              "pass": true,
              "fail": false,
              "pending": false,
              "context": null,
              "code": "// 1. Create new project\ncy.log('Step 1: Creating new project');\n(0, _project.createProject)();\n// Capture project ID for deletion\ncy.url().then(url => {\n  const parts = url.split('/');\n  const projectIndex = parts.indexOf('projects');\n  if (projectIndex !== -1 && parts[projectIndex + 1]) {\n    projectId = parts[projectIndex + 1];\n    cy.log('Captured Project ID:', projectId);\n  }\n});\n// 2. Open Upload Conversation modal\ncy.log('Step 2: Opening upload modal');\n(0, _conversation.openUploadModal)();\n// 3. Upload the audio file from cypress assets\ncy.log('Step 3: Uploading audio file');\n(0, _conversation.uploadAudioFile)('assets/videoplayback.mp3');\n// 4. Click Upload Files button to start the upload\ncy.log('Step 4: Clicking Upload Files button');\n(0, _conversation.clickUploadFilesButton)();\n// 5. Wait 15 seconds for processing\ncy.log('Step 5: Waiting 15 seconds for file processing');\ncy.wait(15000);\n// 6. Close the upload modal\ncy.log('Step 6: Closing upload modal');\n(0, _conversation.closeUploadModal)();\n// 7. Click on the uploaded conversation in the list\ncy.log('Step 7: Selecting uploaded conversation');\n(0, _conversation.selectConversation)('videoplayback.mp3');\n// 8. Verify the conversation name in Edit Conversation section\ncy.log('Step 8: Verifying conversation name');\n(0, _conversation.verifyConversationName)('videoplayback.mp3');\n// 9. Wait 25 seconds for transcript processing\ncy.log('Step 9: Waiting 25 seconds for transcript processing');\ncy.wait(25000);\n// 10. Click on Transcript tab\ncy.log('Step 10: Clicking Transcript tab');\n(0, _conversation.clickTranscriptTab)();\n// 11. Verify transcript text has at least 100 characters\ncy.log('Step 11: Verifying transcript text');\n(0, _conversation.verifyTranscriptText)(100);\n// 12. Navigate back to project overview via breadcrumb\ncy.log('Step 12: Navigating to Project Overview');\n(0, _conversation.navigateToProjectOverview)();\n// 13. Delete the project (includes clicking Project Settings tab)\ncy.log('Step 13: Deleting project');\ncy.then(() => {\n  (0, _project.deleteProject)(projectId);\n});\n// 14. Open Settings menu and Logout\ncy.log('Step 14: Opening settings and logging out');\n(0, _settings.openSettingsMenu)();\n(0, _login.logout)();",
              "err": {},
              "uuid": "4dd0a907-5379-4186-b3cb-66b6d7e407dd",
              "parentUUID": "768315c9-49ae-41c9-9c1c-0fd3b34c6f64",
              "isHook": false,
              "skipped": false
            }
          ],
          "suites": [],
          "passes": [
            "4dd0a907-5379-4186-b3cb-66b6d7e407dd"
          ],
          "failures": [],
          "pending": [],
          "skipped": [],
          "duration": 77341,
          "root": false,
          "rootEmpty": false,
          "_timeout": 2000
        }
      ],
      "passes": [],
      "failures": [],
      "pending": [],
      "skipped": [],
      "duration": 0,
      "root": true,
      "rootEmpty": true,
      "_timeout": 2000
    },
    {
      "uuid": "dbaa1aaf-444d-4b1a-b4d1-93fa3e04d3ba",
      "title": "",
      "fullFile": "e2e\\suites\\08-participant-recording.cy.js",
      "file": "e2e\\suites\\08-participant-recording.cy.js",
      "beforeHooks": [],
      "afterHooks": [],
      "tests": [],
      "suites": [
        {
          "uuid": "d371834e-33a3-4260-ad35-77a9580a584a",
          "title": "Participant Recording Flow",
          "fullFile": "",
          "file": "",
          "beforeHooks": [],
          "afterHooks": [],
          "tests": [
            {
              "title": "should complete participant recording flow and verify conversation",
              "fullTitle": "Participant Recording Flow should complete participant recording flow and verify conversation",
              "timedOut": null,
              "duration": 75708,
              "state": "passed",
              "speed": "slow",
              "pass": true,
              "fail": false,
              "pending": false,
              "context": null,
              "code": "// 1. Create project and capture ID\ncy.log('Step 1: Creating new project');\n// Define text response constant for verification\nconst textResponse = 'This is a 150 character automated response generated by Cypress to test the text submission flow. '.repeat(2).substring(0, 150);\n(0, _project.createProject)();\n// Capture project ID\ncy.url().then(url => {\n  const parts = url.split('/');\n  const projectIndex = parts.indexOf('projects');\n  if (projectIndex !== -1 && parts[projectIndex + 1]) {\n    projectId = parts[projectIndex + 1];\n    cy.log('Captured Project ID:', projectId);\n  }\n});\n// 2. Navigate to participant portal and complete flow using cy.origin()\ncy.log('Step 2: Opening participant portal');\ncy.then(() => {\n  const portalBaseUrl = Cypress.env('portalUrl') || 'https://portal.echo-next.dembrane.com';\n  const portalUrl = `${portalBaseUrl}/en-US/${projectId}/start`;\n  // Explicitly grant microphone permission to the portal origin using Chrome DevTools Protocol\n  // This is required because cy.origin() context doesn't inherit permissions or flags properly\n  cy.log('Granting microphone permission via CDP');\n  cy.wrap(null).then(() => {\n    const dashboardUrl = Cypress.env('dashboardUrl') || 'https://dashboard.echo-next.dembrane.com';\n    // 1. Grant permissions to origins\n    const grantPortal = Cypress.automation('remote:debugger:protocol', {\n      command: 'Browser.grantPermissions',\n      params: {\n        permissions: ['audioCapture'],\n        origin: portalBaseUrl\n      }\n    });\n    const grantDashboard = Cypress.automation('remote:debugger:protocol', {\n      command: 'Browser.grantPermissions',\n      params: {\n        permissions: ['audioCapture'],\n        origin: dashboardUrl\n      }\n    });\n    return Promise.all([grantPortal, grantDashboard]).then(() => cy.log('Successfully granted permissions via CDP')).catch(error => {\n      cy.log('Failed to grant permission via CDP:', error.message);\n    });\n  });\n  // Use cy.origin() to handle cross-origin commands\n  cy.origin(portalBaseUrl, {\n    args: {\n      portalUrl,\n      projectId,\n      textResponse\n    }\n  }, ({\n    portalUrl,\n    projectId,\n    textResponse\n  }) => {\n    // Setup window:before:load listener to stub permissions\n    // This is more reliable than cy.visit options or CDP in cy.origin\n    cy.on('window:before:load', win => {\n      console.log('STUBBING PERMISSIONS via cy.on(window:before:load)');\n      // Stub navigator.permissions.query\n      if (win.navigator.permissions) {\n        const originalQuery = win.navigator.permissions.query.bind(win.navigator.permissions);\n        win.navigator.permissions.query = desc => {\n          if (desc.name === 'microphone') {\n            console.log('Mocking microphone permission: granted');\n            return Promise.resolve({\n              state: 'granted',\n              onchange: null\n            });\n          }\n          return originalQuery(desc);\n        };\n      }\n    });\n    // Navigate to portal\n    cy.visit(portalUrl);\n    // 3. Agree to privacy policy\n    cy.log('Step 3: Agreeing to privacy policy');\n    cy.get('#checkbox-0', {\n      timeout: 10000\n    }).check({\n      force: true\n    });\n    cy.wait(500);\n    cy.get('button').contains('I understand').should('not.be.disabled').click();\n    cy.wait(2000);\n    // 4. Microphone check\n    cy.log('Step 4: Handling microphone check');\n    // Wait for the microphone page to fully load\n    cy.wait(3000);\n    // Skip microphone check directly as requested\n    cy.log('Skipping microphone check via Skip button');\n    cy.contains('button', 'Skip').click({\n      force: true\n    });\n    cy.wait(1000);\n    // 5. Enter session name\n    cy.log('Step 5: Entering session name');\n    cy.get('input[placeholder=\"Group 1, John Doe, etc.\"]').type('Cypress Test Recording');\n    cy.get('button').contains('Next').click();\n    cy.wait(2000);\n    // 6. Handle Microphone Access Denied Modal if present\n    cy.log('Step 6: Handling Access Denied Modal & Text Response');\n    // Wait for potential modal\n    cy.wait(2000);\n    cy.get('body').then($body => {\n      if ($body.text().includes('microphone access was denied')) {\n        cy.log('Microphone access denied modal detected - clicking Check microphone access');\n        cy.contains('button', 'Check microphone access').click({\n          force: true\n        });\n        cy.wait(2000);\n      }\n    });\n    // 7. Click Text Response Icon\n    cy.log('Step 7: Selecting Text Response');\n    // Target the button containing the text caption icon\n    cy.get('button .tabler-icon-text-caption').click({\n      force: true\n    });\n    cy.wait(1000);\n    // 8. Type Response\n    cy.log('Step 8: Typing Text Response');\n    // Use the textResponse variable defined in the main scope\n    cy.get('textarea[placeholder=\"Type your response here\"]').type(textResponse);\n    cy.wait(1000);\n    // 9. Submit Response (Click Submit then Finish)\n    cy.log('Step 9: Clicking Submit and then Finish');\n    // 9a. Click Submit (Up arrow icon button)\n    // Based on screenshot, there is a Submit button. \n    // Using cy.contains or looking for the button with 'Submit' text/aria-label\n    cy.log('Step 9a: Clicking Submit');\n    cy.contains('button', 'Submit').click({\n      force: true\n    });\n    cy.wait(2000); // 2s wait as per user description\n    // 9b. Click Finish (Check icon button)\n    cy.log('Step 9b: Clicking Finish');\n    cy.contains('button', 'Finish').click({\n      force: true\n    });\n    cy.wait(1000);\n    // 10. Confirm Finish Modal\n    cy.log('Step 10: Confirming Finish Modal');\n    // Wait for modal to appear\n    cy.contains('Finish Conversation').should('be.visible');\n    cy.contains('Are you sure you want to finish the conversation?').should('be.visible');\n    // Click \"Yes\" button\n    cy.contains('button', 'Yes').click({\n      force: true\n    });\n    cy.wait(2000);\n  });\n});\n// 10. Return to dashboard\ncy.log('Step 10: Returning to dashboard');\ncy.then(() => {\n  const dashboardBaseUrl = Cypress.env('dashboardUrl') || 'https://dashboard.echo-next.dembrane.com';\n  cy.visit(`${dashboardBaseUrl}/en-US/projects/${projectId}/overview`);\n});\n// 11. Verify conversation and transcript\ncy.log('Step 11: Verifying conversation and transcript');\ncy.wait(5000); // Wait for conversation list to update\n// Select the conversation using the helper which handles visibility\n(0, _conversation.selectConversation)('Cypress Test Recording');\n// Verify conversation name\n(0, _conversation.verifyConversationName)('Cypress Test Recording');\n// Wait for transcript processing\ncy.log('Waiting 10 seconds for transcript processing');\ncy.wait(10000);\n// Click Transcript tab\n(0, _conversation.clickTranscriptTab)();\n// Verify transcript text matches exactly\ncy.log('Verifying transcript text matches exact response');\n// Using the same xpath selector logic as in verifyTranscriptText helper\ncy.xpath('//div[contains(@class, \"mantine-Paper-root\")]//div[contains(@style, \"flex\")]//div/p[contains(@class, \"mantine-Text-root\")]').each($el => {\n  // Determine if this is the transcript paragraph by length or positioning if multiple exist\n  if ($el.text().length > 50) {\n    expect($el.text().trim()).to.equal(textResponse.trim());\n  }\n});\n// 12. Navigate back and Delete project\ncy.log('Step 12: Navigating back and Deleting project');\n(0, _conversation.navigateToProjectOverview)();\ncy.then(() => {\n  (0, _project.deleteProject)(projectId);\n});\n// 13. Logout\ncy.log('Step 13: Logging out');\n(0, _settings.openSettingsMenu)();\n(0, _login.logout)();",
              "err": {},
              "uuid": "0fb2b880-f3d5-4863-9dd6-b92e17c9a0f6",
              "parentUUID": "d371834e-33a3-4260-ad35-77a9580a584a",
              "isHook": false,
              "skipped": false
            }
          ],
          "suites": [],
          "passes": [
            "0fb2b880-f3d5-4863-9dd6-b92e17c9a0f6"
          ],
          "failures": [],
          "pending": [],
          "skipped": [],
          "duration": 75708,
          "root": false,
          "rootEmpty": false,
          "_timeout": 2000
        }
      ],
      "passes": [],
      "failures": [],
      "pending": [],
      "skipped": [],
      "duration": 0,
      "root": true,
      "rootEmpty": true,
      "_timeout": 2000
    },
    {
      "uuid": "ac05ce7d-4baa-4a93-a981-2a0ec41e2b88",
      "title": "",
      "fullFile": "e2e\\suites\\09-create-report.cy.js",
      "file": "e2e\\suites\\09-create-report.cy.js",
      "beforeHooks": [],
      "afterHooks": [],
      "tests": [],
      "suites": [
        {
          "uuid": "bb2a8aa7-e80b-4d83-94ad-2d8668d513ae",
          "title": "Report Creation Flow",
          "fullFile": "",
          "file": "",
          "beforeHooks": [],
          "afterHooks": [],
          "tests": [
            {
              "title": "should upload audio, create report, and verify report existence",
              "fullTitle": "Report Creation Flow should upload audio, create report, and verify report existence",
              "timedOut": null,
              "duration": 74372,
              "state": "passed",
              "speed": "slow",
              "pass": true,
              "fail": false,
              "pending": false,
              "context": null,
[...]
ort button again to verify/publish\ncy.log('Step 10: Clicking Report button again to open report');\ncy.xpath(\"//button[contains(., 'Report')]\").filter(':visible').click();\ncy.wait(5000); // Wait for report content to load\n// 11. Publish the report\ncy.log('Step 11: Toggling Publish switch');\n// Target the label containing 'Publish' (or Published) and click it\ncy.xpath(\"//label[.//span[contains(text(), 'Publish')]]\").filter(':visible').click();\n// Wait for the copy button to be interactive\ncy.wait(2000);\n// 12. copy functionality verification via URL construction\n// Use cy.then to ensure projectId is available (captured in previous async step)\ncy.then(() => {\n  cy.log('Step 12: Verifying publish by visiting public URL');\n  // Get the portal URL from environment config\n  const portalUrl = Cypress.env('portalUrl');\n  // Ensure no trailing slash\n  let cleanPortalUrl = '';\n  if (portalUrl) {\n    cleanPortalUrl = portalUrl.replace(/\\/$/, '');\n  } else {\n    // Fallback if env var is missing/empty, though tests should fail earlier\n    throw new Error('portalUrl environment variable is not set');\n  }\n  // Construct the expected public URL: https://portal.../en-US/{projectId}/report\n  const publicUrl = `${cleanPortalUrl}/en-US/${projectId}/report`;\n  cy.log('Target Public URL:', publicUrl);\n  // 13. Visit the public link\n  // Since this is a different domain/subdomain, cy.visit works fine.\n  cy.visit(publicUrl);\n  // 14. Verify Public Page Elements using cy.origin\n  // Since the public URL is on a different superdomain (portal vs dashboard), we need cy.origin\n  cy.origin(publicUrl, () => {\n    cy.log('Step 14: Verifying public report page inside origin');\n    // Ensure page loads\n    cy.get('body', {\n      timeout: 10000\n    }).should('be.visible');\n    // Using standard selectors inside origin to avoid 'cy.xpath is not a function' error\n    // (Plugins are not automatically loaded in cy.origin context)\n    cy.get('img[alt=\"Dembrane Logo\"]').should('be.visible');\n    cy.contains('h1', 'Dembrane').should('be.visible');\n    cy.contains('p', 'Report').should('be.visible');\n  });\n  // 15. Return to App for Cleanup\n  // Navigate back to the specific project page in the dashboard to ensure context for deletion\n  cy.log('Step 15: Returning to project page');\n  const dashboardUrl = Cypress.env('dashboardUrl');\n  const dashboardProjectUrl = `${dashboardUrl}/projects/${projectId}`;\n  cy.visit(dashboardProjectUrl);\n  // Wait for app load\n  cy.wait(5000);\n  // 16. Delete the project\n  // Now that we are back in the app and on the project page (or at least authenticated dashboard), \n  // deleteProject can function correctly.\n  cy.log('Step 16: Deleting project');\n  if (projectId) {\n    (0, _project.deleteProject)(projectId);\n  }\n});\n// 17. Open Settings menu and Logout\ncy.log('Step 17: Opening settings and logging out');\n(0, _settings.openSettingsMenu)();\n(0, _login.logout)();",
              "err": {},
              "uuid": "df8b45fc-7f3f-401f-9fb7-956bc3dcdcbb",
              "parentUUID": "dff352ff-cfb6-43e3-acca-4f12f07a1912",
              "isHook": false,
              "skipped": false
            }
          ],
          "suites": [],
          "passes": [
            "df8b45fc-7f3f-401f-9fb7-956bc3dcdcbb"
          ],
          "failures": [],
          "pending": [],
          "skipped": [],
          "duration": 86420,
          "root": false,
          "rootEmpty": false,
          "_timeout": 2000
        }
      ],
      "passes": [],
      "failures": [],
      "pending": [],
      "skipped": [],
      "duration": 0,
      "root": true,
      "rootEmpty": true,
      "_timeout": 2000
    },
    {
      "uuid": "c415748e-5d42-441a-acc8-16d423f49774",
      "title": "",
      "fullFile": "e2e\\suites\\11-edit-report.cy.js",
      "file": "e2e\\suites\\11-edit-report.cy.js",
      "beforeHooks": [],
      "afterHooks": [],
      "tests": [],
      "suites": [
        {
          "uuid": "92df2369-9db7-42cf-aa8d-10cb8c4c33c3",
          "title": "Edit Report Flow",
          "fullFile": "",
          "file": "",
          "beforeHooks": [],
          "afterHooks": [],
          "tests": [
            {
              "title": "should upload audio, create report, edit content, and verify changes",
              "fullTitle": "Edit Report Flow should upload audio, create report, edit content, and verify changes",
              "timedOut": null,
              "duration": 89019,
              "state": "passed",
              "speed": "slow",
              "pass": true,
              "fail": false,
              "pending": false,
              "context": null,
              "code": "// 1. Create new project\ncy.log('Step 1: Creating new project');\n(0, _project.createProject)();\n// Capture project ID for deletion\ncy.url().then(url => {\n  const parts = url.split('/');\n  const projectIndex = parts.indexOf('projects');\n  if (projectIndex !== -1 && parts[projectIndex + 1]) {\n    projectId = parts[projectIndex + 1];\n    cy.log('Captured Project ID:', projectId);\n  }\n});\n// 2. Open Upload Conversation modal\ncy.log('Step 2: Opening upload modal');\n(0, _conversation.openUploadModal)();\n// 3. Upload the audio file from cypress assets\ncy.log('Step 3: Uploading audio file');\n(0, _conversation.uploadAudioFile)('assets/videoplayback.mp3');\n// 4. Click Upload Files button to start the upload\ncy.log('Step 4: Clicking Upload Files button');\n(0, _conversation.clickUploadFilesButton)();\n// 5. Wait 15 seconds for processing\ncy.log('Step 5: Waiting 15 seconds for file processing');\ncy.wait(15000);\n// 6. Close the upload modal\ncy.log('Step 6: Closing upload modal');\n(0, _conversation.closeUploadModal)();\n// 7. Click on the Report button\ncy.log('Step 7: Clicking Report button');\ncy.xpath(\"//button[contains(., 'Report')]\").filter(':visible').click();\n// 8. Click Create Report in the modal\ncy.log('Step 8: Clicking Create Report in modal');\ncy.get('section[role=\"dialog\"]').should('be.visible');\ncy.xpath(\"//button[contains(., 'Create Report')]\").filter(':visible').click();\n// 9. Wait 20 seconds for processing\ncy.log('Step 9: Waiting 20 seconds for report processing');\ncy.wait(20000);\n// 10. Click on the Report button again to view report\ncy.log('Step 10: Clicking Report button again');\ncy.xpath(\"//button[contains(., 'Report')]\").filter(':visible').click();\ncy.wait(5000); // Wait for report content to load\n// 11. Toggle Editing Mode ON\ncy.log('Step 11: Toggling Editing Mode ON');\n// Use robust xpath for the switch containing 'Editing mode'\ncy.xpath(\"//label[.//span[contains(text(), 'Editing mode')]]\").filter(':visible').click();\ncy.wait(1000); // Wait for editor to initialize\n// 12. Modify Report Content\ncy.log('Step 12: Modifying report content');\n// Locate the contenteditable div within the mdxeditor\n// Based on user provided HTML: class=\"_contentEditable_sects_380 ... \" contenteditable=\"true\"\ncy.get('div[contenteditable=\"true\"]').should('be.visible').then($editor => {\n  // Clear existing content and type new content\n  // Using {selectall}{backspace} to clear ensuring we don't break the editor state\n  // processing: { force: true } added to bypass \"element hidden\" errors\n  cy.wrap($editor).type('{selectall}{backspace}', {\n    force: true\n  });\n  cy.wait(500);\n  // Type new markdown content\n  // We use '# ' for Heading 1 and then a paragraph\n  cy.wrap($editor).type('# Automated Edit Verification{enter}This is a test edit from Cypress.', {\n    force: true\n  });\n});\ncy.wait(1000); // Wait for auto-save or state update\n// 13. Toggle Editing Mode OFF\ncy.log('Step 13: Toggling Editing Mode OFF');\ncy.xpath(\"//label[.//span[contains(text(), 'Editing mode')]]\").filter(':visible').click();\ncy.wait(1000); // Wait for read-only view validation\n// 14. Verify New Content Persists\ncy.log('Step 14: Verifying edited content');\n// Check for the H1 heading\ncy.contains('h1', 'Automated Edit Verification').should('be.visible');\n// Check for the paragraph text\ncy.contains('p', 'This is a test edit from Cypress.').should('be.visible');\n// 15. Navigate back via Project Overview\ncy.log('Step 15: Navigating to Project Overview');\n// Ensure manual return to project page to reliably use cleanup\nconst dashboardUrl = Cypress.env('dashboardUrl');\nif (projectId && dashboardUrl) {\n  const dashboardProjectUrl = `${dashboardUrl}/projects/${projectId}`;\n  cy.visit(dashboardProjectUrl);\n} else {\n  (0, _conversation.navigateToProjectOverview)();\n}\ncy.wait(3000);\n// 16. Delete the project\ncy.log('Step 16: Deleting project');\ncy.then(() => {\n  if (projectId) {\n    (0, _project.deleteProject)(projectId);\n  }\n});\n// 17. Open Settings menu and Logout\ncy.log('Step 17: Opening settings and logging out');\n(0, _settings.openSettingsMenu)();\n(0, _login.logout)();",
              "err": {},
              "uuid": "092747ac-5d22-403c-87bf-7631f45d5f89",
              "parentUUID": "92df2369-9db7-42cf-aa8d-10cb8c4c33c3",
              "isHook": false,
              "skipped": false
            }
          ],
          "suites": [],
          "passes": [
            "092747ac-5d22-403c-87bf-7631f45d5f89"
          ],
          "failures": [],
          "pending": [],
          "skipped": [],
          "duration": 89019,
          "root": false,
          "rootEmpty": false,
          "_timeout": 2000
        }
      ],
      "passes": [],
      "failures": [],
      "pending": [],
      "skipped": [],
      "duration": 0,
      "root": true,
      "rootEmpty": true,
      "_timeout": 2000
    },
    {
      "uuid": "260291bb-d5b6-4919-b802-d5a19a82efac",
      "title": "",
      "fullFile": "e2e\\suites\\12-ask-feature.cy.js",
      "file": "e2e\\suites\\12-ask-feature.cy.js",
      "beforeHooks": [],
      "afterHooks": [],
      "tests": [],
      "suites": [
        {
          "uuid": "68fcad72-0a59-4be6-9e7f-311f9335b18a",
          "title": "Ask Feature Flow",
          "fullFile": "",
          "file": "",
          "beforeHooks": [],
          "afterHooks": [],
          "tests": [
            {
              "title": "should upload audio, use Ask feature with Specific Details, verify response, delete project and logout",
              "fullTitle": "Ask Feature Flow should upload audio, use Ask feature with Specific Details, verify response, delete project and logout",
              "timedOut": null,
              "duration": 119933,
              "state": "passed",
              "speed": "slow",
              "pass": true,
              "fail": false,
              "pending": false,
              "context": null,
              "code": "// 1. Create new project\ncy.log('Step 1: Creating new project');\n(0, _project.createProject)();\n// Capture project ID for deletion\ncy.url().then(url => {\n  const parts = url.split('/');\n  const projectIndex = parts.indexOf('projects');\n  if (projectIndex !== -1 && parts[projectIndex + 1]) {\n    projectId = parts[projectIndex + 1];\n    cy.log('Captured Project ID:', projectId);\n  }\n});\n// 2. Open Upload Conversation modal\ncy.log('Step 2: Opening upload modal');\n(0, _conversation.openUploadModal)();\n// 3. Upload the audio file from cypress assets\ncy.log('Step 3: Uploading audio file');\n(0, _conversation.uploadAudioFile)('assets/videoplayback.mp3');\n// 4. Click Upload Files button to start the upload\ncy.log('Step 4: Clicking Upload Files button');\n(0, _conversation.clickUploadFilesButton)();\n// 5. Wait 15 seconds for processing\ncy.log('Step 5: Waiting 15 seconds for file processing');\ncy.wait(15000);\n// 6. Close the upload modal\ncy.log('Step 6: Closing upload modal');\n(0, _conversation.closeUploadModal)();\n// 7. Use Ask feature with context selection\ncy.log('Step 7: Using Ask feature with context');\n(0, _chat.askWithContext)('hello');\n// 8. Navigate to Project Overview\ncy.log('Step 8: Navigating to Project Overview');\n(0, _conversation.navigateToProjectOverview)();\n// 9. Delete the project\ncy.log('Step 9: Deleting project');\ncy.then(() => {\n  (0, _project.deleteProject)(projectId);\n});\n// 10. Open Settings menu and Logout\ncy.log('Step 10: Opening settings and logging out');\n(0, _settings.openSettingsMenu)();\n(0, _login.logout)();",
              "err": {},
              "uuid": "128cc49f-1da6-4909-8594-08ebb8c348d1",
              "parentUUID": "68fcad72-0a59-4be6-9e7f-311f9335b18a",
              "isHook": false,
              "skipped": false
            }
          ],
          "suites": [],
          "passes": [
            "128cc49f-1da6-4909-8594-08ebb8c348d1"
          ],
          "failures": [],
          "pending": [],
          "skipped": [],
          "duration": 119933,
          "root": false,
          "rootEmpty": false,
          "_timeout": 2000
        }
      ],
      "passes": [],
      "failures": [],
      "pending": [],
      "skipped": [],
      "duration": 0,
      "root": true,
      "rootEmpty": true,
      "_timeout": 2000
    },
    {
      "uuid": "dd2786c6-07d3-4820-97bd-af3f8d1375f5",
      "title": "",
      "fullFile": "e2e\\suites\\13-ask-no-context.cy.js",
      "file": "e2e\\suites\\13-ask-no-context.cy.js",
      "beforeHooks": [],
      "afterHooks": [],
      "tests": [],
      "suites": [
        {
          "uuid": "7e093c2d-ce27-4f31-bd08-c04c25dd17fa",
          "title": "Ask Feature Flow (No Context Selection)",
          "fullFile": "",
          "file": "",
          "beforeHooks": [],
          "afterHooks": [],
          "tests": [
            {
              "title": "should upload audio, use Ask feature without selecting context, verify response, delete project and logout",
              "fullTitle": "Ask Feature Flow (No Context Selection) should upload audio, use Ask feature without selecting context, verify response, delete project and logout",
              "timedOut": null,
              "duration": 86837,
              "state": "failed",
              "speed": null,
              "pass": false,
              "fail": true,
              "pending": false,
              "context": null,
              "code": "// 1. Create new project\ncy.log('Step 1: Creating new project');\n(0, _project.createProject)();\n// Capture project ID for deletion\ncy.url().then(url => {\n  const parts = url.split('/');\n  const projectIndex = parts.indexOf('projects');\n  if (projectIndex !== -1 && parts[projectIndex + 1]) {\n    projectId = parts[projectIndex + 1];\n    cy.log('Captured Project ID:', projectId);\n  }\n});\n// 2. Open Upload Conversation modal\ncy.log('Step 2: Opening upload modal');\n(0, _conversation.openUploadModal)();\n// 3. Upload the audio file from cypress assets\ncy.log('Step 3: Uploading audio file');\n(0, _conversation.uploadAudioFile)('assets/videoplayback.mp3');\n// 4. Click Upload Files button to start the upload\ncy.log('Step 4: Clicking Upload Files button');\n(0, _conversation.clickUploadFilesButton)();\n// 5. Wait 15 seconds for processing\ncy.log('Step 5: Waiting 15 seconds for file processing');\ncy.wait(15000);\n// 6. Close the upload modal\ncy.log('Step 6: Closing upload modal');\n(0, _conversation.closeUploadModal)();\n// 7. Use Ask feature without context selection\ncy.log('Step 7: Using Ask feature without context');\n(0, _chat.askWithoutContext)('hello');\n// 8. Navigate to Project Overview\ncy.log('Step 8: Navigating to Project Overview');\n(0, _conversation.navigateToProjectOverview)();\n// 9. Delete the project\ncy.log('Step 9: Deleting project');\ncy.then(() => {\n  (0, _project.deleteProject)(projectId);\n});\n// 10. Open Settings menu and Logout\ncy.log('Step 10: Opening settings and logging out');\n(0, _settings.openSettingsMenu)();\n(0, _login.logout)();",
              "err": {
                "message": "Error: The following error originated from your application code, not from Cypress. It was caused by an unhandled promise rejection.\n\n  > Minified React error #185; visit https://react.dev/errors/185 for the full message or use the non-minified dev environment for full errors and additional helpful warnings.\n\nWhen Cypress detects uncaught errors originating from your application it will automatically fail the current test.\n\nThis behavior is configurable, and you can choose to turn this off by listening to the `uncaught:exception` event.\n\nhttps://on.cypress.io/uncaught-exception-from-application",
                "estack": "Error: The following error originated from your application code, not from Cypress. It was caused by an unhandled promise rejection.\n\n  > Minified React error #185; visit https://react.dev/errors/185 for the full message or use the non-minified dev environment for full errors and additional helpful warnings.\n\nWhen Cypress detects uncaught errors originating from your application it will automatically fail the current test.\n\nThis behavior is configurable, and you can choose to turn this off by listening to the `uncaught:exception` event.\n\nhttps://on.cypress.io/uncaught-exception-from-application\n    at E0 (https://dashboard.echo-next.dembrane.com/assets/index-DXl8Hogm.js:25:30058)\n    at yu (https://dashboard.echo-next.dembrane.com/assets/index-DXl8Hogm.js:25:29646)\n    at m9 (https://dashboard.echo-next.dembrane.com/assets/index-DXl8Hogm.js:25:48061)\n    at <unknown> (https://dashboard.echo-next.dembrane.com/assets/index-DXl8Hogm.js:25:47942)\n    at <unknown> (https://dashboard.echo-next.dembrane.com/assets/index-DXl8Hogm.js:952:7748)\n    at Array.l (https://dashboard.echo-next.dembrane.com/assets/index-DXl8Hogm.js:952:4741)\n    at <unknown> (https://dashboard.echo-next.dembrane.com/assets/index-DXl8Hogm.js:952:1746)\n    at p (https://dashboard.echo-next.dembrane.com/assets/index-DXl8Hogm.js:952:4307)\n    at rK (https://dashboard.echo-next.dembrane.com/assets/index-DXl8Hogm.js:952:3690)\n    at <unknown> (https://dashboard.echo-next.dembrane.com/assets/index-DXl8Hogm.js:952:9247)\n    at onUpdate (https://dashboard.echo-next.dembrane.com/assets/index-DXl8Hogm.js:952:12934)\n    at j (https://dashboard.echo-next.dembrane.com/assets/index-DXl8Hogm.js:944:1809)\n    at onTextPart (https://dashboard.echo-next.dembrane.com/assets/index-DXl8Hogm.js:944:1958)\n    at sDe (https://dashboard.echo-next.dembrane.com/assets/index-DXl8Hogm.js:944:103)\n    at async lDe (https://dashboard.echo-next.dembrane.com/assets/index-DXl8Hogm.js:944:1852)\n    at async fDe (https://dashboard.echo-next.dembrane.com/assets/index-DXl8Hogm.js:944:5724)\n    at async (https://dashboard.echo-next.dembrane.com/assets/index-DXl8Hogm.js:952:12514)",
                "diff": null
              },
              "uuid": "c0b3d536-9e80-40b0-998d-9962d9859509",
              "parentUUID": "7e093c2d-ce27-4f31-bd08-c04c25dd17fa",
              "isHook": false,
              "skipped": false
            }
          ],
          "suites": [],
          "passes": [],
          "failures": [
            "c0b3d536-9e80-40b0-998d-9962d9859509"
          ],
          "pending": [],
          "skipped": [],
          "duration": 86837,
          "root": false,
          "rootEmpty": false,
          "_timeout": 2000
        }
      ],
      "passes": [],
      "failures": [],
      "pending": [],
      "skipped": [],
      "duration": 0,
      "root": true,
      "rootEmpty": true,
      "_timeout": 2000
    }
  ],
  "meta": {
    "mocha": {
      "version": "7.2.0"
    },
    "mochawesome": {
      "options": {
        "quiet": false,
        "reportFilename": "mochawesome",
        "saveHtml": false,
        "saveJson": true,
        "consoleReporter": "spec",
        "useInlineDiffs": false,
        "code": true
      },
      "version": "7.1.4"
    },
    "marge": {
      "options": {
        "reportDir": "reports",
        "overwrite": false,
        "html": false,
        "json": true,
        "timestamp": "mmddyyyy_HHMMss"
      },
      "version": "6.3.2"
    }
  }
}