{
  "stats": {
    "suites": 1,
    "tests": 6,
    "passes": 6,
    "pending": 0,
    "failures": 0,
    "start": "2026-02-26T16:17:05.088Z",
    "end": "2026-02-26T16:21:30.917Z",
    "duration": 265829,
    "testsRegistered": 6,
    "passPercent": 100,
    "pendingPercent": 0,
    "other": 0,
    "hasOther": false,
    "skipped": 0,
    "hasSkipped": false
  },
  "results": [
    {
      "uuid": "bc15fb68-41e6-4a73-b3f6-e015b53ac55a",
      "title": "",
      "fullFile": "e2e\\suites\\30-report-lifecycle.cy.js",
      "file": "e2e\\suites\\30-report-lifecycle.cy.js",
      "beforeHooks": [],
      "afterHooks": [],
      "tests": [],
      "suites": [
        {
          "uuid": "80b7eca3-413a-4a2a-930d-888f3abc599a",
          "title": "Report Lifecycle Flow",
          "fullFile": "",
          "file": "",
          "beforeHooks": [],
          "afterHooks": [],
          "tests": [
            {
              "title": "creates a project and generates a report draft",
              "fullTitle": "Report Lifecycle Flow creates a project and generates a report draft",
              "timedOut": null,
              "duration": 88832,
              "state": "passed",
              "speed": "slow",
              "pass": true,
              "fail": false,
              "pending": false,
              "context": null,
              "code": "(0, _report.registerReportFlowExceptionHandling)();\n(0, _login.loginToApp)();\ncy.log('Step 1: Creating new project');\n(0, _project.createProject)();\ncy.url().then(url => {\n  const parts = url.split('/');\n  const projectIndex = parts.indexOf('projects');\n  if (projectIndex !== -1 && parts[projectIndex + 1]) {\n    projectId = parts[projectIndex + 1];\n    if (parts[projectIndex - 1]) {\n      locale = parts[projectIndex - 1];\n    }\n    Cypress.env('reportLifecycleProjectId', projectId);\n    cy.log('Captured Project ID:', projectId);\n  }\n});\ncy.log('Step 2: Uploading audio');\n(0, _conversation.openUploadModal)();\n(0, _conversation.uploadAudioFile)('assets/videoplayback.mp3');\n(0, _conversation.clickUploadFilesButton)();\ncy.wait(20000);\n(0, _conversation.closeUploadModal)();\ncy.log('Step 3: Creating report');\ncy.get('[data-testid=\"sidebar-report-button\"]').filter(':visible').first().click();\ncy.get('section[role=\"dialog\"]').should('be.visible');\ncy.get('[data-testid=\"report-create-button\"]').filter(':visible').first().click();\ncy.wait(30000);\ncy.get('[data-testid=\"sidebar-report-button\"]').filter(':visible').first().click();\ncy.get('[data-testid=\"report-renderer-container\"]', {\n  timeout: 20000\n}).should('be.visible');",
              "err": {},
              "uuid": "1e4ba033-9e03-4fa9-955a-03fd27e05992",
              "parentUUID": "80b7eca3-413a-4a2a-930d-888f3abc599a",
              "isHook": false,
              "skipped": false
            },
            {
              "title": "publishes report and disables portal link in settings",
              "fullTitle": "Report Lifecycle Flow publishes report and disables portal link in settings",
              "timedOut": null,
              "duration": 30588,
              "state": "passed",
              "speed": "slow",
              "pass": true,
              "fail": false,
              "pending": false,
              "context": null,
              "code": "(0, _report.registerReportFlowExceptionHandling)();\n(0, _login.loginToApp)();\nresolveProjectId().then(id => {\n  openDashboardReportPage(id);\n});\n(0, _report.setReportPublishState)(true);\n(0, _report.setReportPortalLinkState)(false);",
              "err": {},
              "uuid": "0039668d-1e2a-4be3-88b9-6389420c9a94",
              "parentUUID": "80b7eca3-413a-4a2a-930d-888f3abc599a",
              "isHook": false,
              "skipped": false
            },
            {
              "title": "shows published report without portal CTA when portal link is disabled",
              "fullTitle": "Report Lifecycle Flow shows published report without portal CTA when portal link is disabled",
              "timedOut": null,
              "duration": 10870,
              "state": "passed",
              "speed": "slow",
              "pass": true,
              "fail": false,
              "pending": false,
              "context": null,
              "code": "(0, _report.registerReportFlowExceptionHandling)();\nresolveProjectId().then(id => {\n  openPublicReportPage(id);\n});\n// waitForPublicReportPublished();\ncy.get('[data-testid=\"report-renderer-container\"]').should('be.visible');\ncy.get('[data-testid=\"public-report-not-available\"]').should('not.exist');\ncy.contains('Do you want to contribute to this project?').should('not.exist');\ncy.contains('a', 'Share your voice').should('not.exist');",
              "err": {},
              "uuid": "98d278f0-7d59-4ced-9eab-4a3c8df4c9bb",
              "parentUUID": "80b7eca3-413a-4a2a-930d-888f3abc599a",
              "isHook": false,
              "skipped": false
            },
            {
              "title": "enables portal link in report settings",
              "fullTitle": "Report Lifecycle Flow enables portal link in report settings",
              "timedOut": null,
              "duration": 29888,
              "state": "passed",
              "speed": "slow",
              "pass": true,
              "fail": false,
              "pending": false,
              "context": null,
              "code": "(0, _report.registerReportFlowExceptionHandling)();\n(0, _login.loginToApp)();\nresolveProjectId().then(id => {\n  openDashboardReportPage(id);\n});\n(0, _report.setReportPublishState)(true);\n(0, _report.setReportPortalLinkState)(true);",
              "err": {},
              "uuid": "aea1de58-db90-4070-94fa-a5cf201dc22c",
              "parentUUID": "80b7eca3-413a-4a2a-930d-888f3abc599a",
              "isHook": false,
              "skipped": false
            },
            {
              "title": "shows published report with portal CTA when portal link is enabled",
              "fullTitle": "Report Lifecycle Flow shows published report with portal CTA when portal link is enabled",
              "timedOut": null,
              "duration": 7915,
              "state": "passed",
              "speed": "medium",
              "pass": true,
              "fail": false,
              "pending": false,
              "context": null,
              "code": "(0, _report.registerReportFlowExceptionHandling)();\nresolveProjectId().then(id => {\n  openPublicReportPage(id);\n});\n// waitForPublicReportPublished();\nresolveProjectId().then(id => {\n  cy.get('[data-testid=\"report-renderer-container\"]').should('be.visible');\n  cy.get('[data-testid=\"public-report-not-available\"]').should('not.exist');\n  // Use text content since data-testid attributes are missing on these components\n  cy.contains('Do you want to contribute to this project?').should('be.visible');\n  cy.contains('a', 'Share your voice').should('be.visible').and('have.attr', 'href').and('include', `/${locale}/${id}/start`);\n});",
              "err": {},
              "uuid": "161194e2-cfe8-418d-b24c-4dc65118699d",
              "parentUUID": "80b7eca3-413a-4a2a-930d-888f3abc599a",
              "isHook": false,
              "skipped": false
            },
            {
              "title": "deletes the project and logs out",
              "fullTitle": "Report Lifecycle Flow deletes the project and logs out",
              "timedOut": null,
              "duration": 49976,
              "state": "passed",
              "speed": "slow",
              "pass": true,
              "fail": false,
              "pending": false,
              "context": null,
              "code": "(0, _report.registerReportFlowExceptionHandling)();\n(0, _login.loginToApp)();\nresolveProjectId().then(id => {\n  if (dashboardBaseUrl) {\n    cy.visit(`${dashboardBaseUrl}/projects/${id}/overview`);\n  } else {\n    cy.visit(`/${locale}/projects/${id}/overview`);\n  }\n  (0, _project.deleteProject)(id);\n  Cypress.env('reportLifecycleProjectId', null);\n});\n(0, _settings.openSettingsMenu)();\n(0, _login.logout)();",
              "err": {},
              "uuid": "eea25dc1-a10d-4b30-8028-0eb231c6049a",
              "parentUUID": "80b7eca3-413a-4a2a-930d-888f3abc599a",
              "isHook": false,
              "skipped": false
            }
          ],
          "suites": [],
          "passes": [
            "1e4ba033-9e03-4fa9-955a-03fd27e05992",
            "0039668d-1e2a-4be3-88b9-6389420c9a94",
            "98d278f0-7d59-4ced-9eab-4a3c8df4c9bb",
            "aea1de58-db90-4070-94fa-a5cf201dc22c",
            "161194e2-cfe8-418d-b24c-4dc65118699d",
            "eea25dc1-a10d-4b30-8028-0eb231c6049a"
          ],
          "failures": [],
          "pending": [],
          "skipped": [],
          "duration": 218069,
          "root": false,
          "rootEmpty": false,
          "_timeout": 2000
        }
      ],
      "passes": [],
      "failures": [],
      "pending": [],
      "skipped": [],
      "duration": 0,
      "root": true,
      "rootEmpty": true,
      "_timeout": 2000
    }
  ],
  "meta": {
    "mocha": {
      "version": "7.2.0"
    },
    "mochawesome": {
      "options": {
        "quiet": false,
        "reportFilename": "mochawesome",
        "saveHtml": false,
        "saveJson": true,
        "consoleReporter": "spec",
        "useInlineDiffs": false,
        "code": true
      },
      "version": "7.1.4"
    },
    "marge": {
      "options": {
        "reportDir": "reports",
        "overwrite": false,
        "html": false,
        "json": true,
        "timestamp": "mmddyyyy_HHMMss"
      },
      "version": "6.3.2"
    }
  }
}